model: Classic
data: "Atis.json"
numepochs: 100
batchsize: 16
embeddingsize: 100
hiddensize: 100

slurmstepd-arbach: error: Unable to create TMPDIR [/tmp/user/31667]: Permission denied
slurmstepd-arbach: error: Setting TMPDIR to /tmp
/home/st/steinberga/.local/lib/python3.6/site-packages/sklearn/metrics/classification.py:1143: UndefinedMetricWarning: F-score is ill-defined and being set to 0.0 in labels with no predicted samples.
  'precision', 'predicted', average, warn_for)
/home/st/steinberga/.local/lib/python3.6/site-packages/sklearn/metrics/classification.py:1145: UndefinedMetricWarning: F-score is ill-defined and being set to 0.0 in labels with no true samples.
  'recall', 'true', average, warn_for)
1547806668.0806475
0
train loss: 4.646852696277052
acc 0.07986111111111112
f1_macro 0.02138694638694639
f1_micro 0.07986111111111112
acc 0.12847222222222224
f1_macro 0.030494644244644244
f1_micro 0.12847222222222224
acc 0.18382352941176466
f1_macro 0.04802546892883028
f1_micro 0.18382352941176466
dev loss 4.483562878199986
acc 0.18382352941176466
f1 macro 0.04802546892883028
f1 micro 0.18382352941176466
1
train loss: 4.380512661723248
2
train loss: 4.214417877924969
3
train loss: 4.085852105933499
4
train loss: 3.9874109197333154
5
train loss: 3.9061455152120934
6
train loss: 3.849558016382547
7
train loss: 3.8015781588343733
8
train loss: 3.76715483148414
9
train loss: 3.735574785485325
10
train loss: 3.711291125500537
11
train loss: 3.6965639409291216
12
train loss: 3.677800981873968
13
train loss: 3.6699206943971565
14
train loss: 3.6624423835172233
15
train loss: 3.649636631509865
16
train loss: 3.646496238478695
17
train loss: 3.6418940762439407
18
train loss: 3.637842693482058
19
train loss: 3.6332619994519706
20
train loss: 3.6314092754838936
21
train loss: 3.6303873789837082
22
train loss: 3.624969342626242
23
train loss: 3.617765790487389
24
train loss: 3.6209360882939103
25
train loss: 3.6245613394970873
26
train loss: 3.6179209128919854
27
train loss: 3.618281809680433
28
train loss: 3.6143327554066977
29
train loss: 3.6144430311808144
30
train loss: 3.6183443931211907
31
train loss: 3.611893074579507
32
train loss: 3.613906491712394
33
train loss: 3.608231630670019
34
train loss: 3.612210111924443
35
train loss: 3.6140723209304504
36
train loss: 3.6101031514056716
37
train loss: 3.6081874906777376
38
train loss: 3.607071010941961
39
train loss: 3.6131327113952025
40
train loss: 3.606382527025828
41
train loss: 3.604739615237378
42
train loss: 3.6048681027439224
43
train loss: 3.604553119245782
44
train loss: 3.6045279502868652
45
train loss: 3.606330032808235
46
train loss: 3.599296252890284
47
train loss: 3.603785262050399
48
train loss: 3.6033977361089256
49
train loss: 3.5999978967459807
50
train loss: 3.602259035570076
51
train loss: 3.5993191056462175
52
train loss: 3.598886511890764
53
train loss: 3.6052690595986854
54
train loss: 3.600217353866761
55
train loss: 3.598182605452327
56
train loss: 3.5983686897170593
57
train loss: 3.5944682182557135
58
train loss: 3.597882674879817
59
train loss: 3.5961985348697647
60
train loss: 3.595310237991762
61
train loss: 3.5989914945809236
62
train loss: 3.60387482317576
63
train loss: 3.5989590016713584
64
train loss: 3.594257346118789
65
train loss: 3.5953522877520827
66
train loss: 3.603054975410063
67
train loss: 3.5990514467997725
68
train loss: 3.594793997615217
69
train loss: 3.5966073700701857
70
train loss: 3.595218690044909
71
train loss: 3.5981898882302894
72
train loss: 3.5927453031501617
73
train loss: 3.5902161914182
74
train loss: 3.59026142488043
75
train loss: 3.592602438716046
76
train loss: 3.5940741487296233
77
train loss: 3.5930445874072463
78
train loss: 3.590525775549402
79
train loss: 3.5908100681611335
80
train loss: 3.5906073252360025
81
train loss: 3.590024695338973
82
train loss: 3.5923712885523416
83
train loss: 3.5970334958838652
84
train loss: 3.5903837010563615
85
train loss: 3.5883263478796166
86
train loss: 3.5899697039500778
87
train loss: 3.5888662338256836
88
train loss: 3.5953158518396706
89
train loss: 3.5904599643615356
90
train loss: 3.595667664784504
91
train loss: 3.5961929459169686
92
train loss: 3.586944216226478
93
train loss: 3.5862807174284295
94
train loss: 3.5896432811476617
95
train loss: 3.5849828614767296
96
train loss: 3.5879629883900224
97
train loss: 3.5893956303117744
98
train loss: 3.5889831652124244
99
train loss: 3.586752614821775
266.15874433517456
