slurmstepd-arbach: error: Unable to create TMPDIR [/tmp/user/31667]: Permission denied
slurmstepd-arbach: error: Setting TMPDIR to /tmp
-------------------------------------------------------------------------
Training BIOS tagger on Atis.json data set using FOFE model
-------------------------------------------------------------------------
Model parameters: 
 number of epochs: 500 
 batch size: 20  
 embedding size: 100 
 hidden size: 200 
 learning rate: 0.01 
 regularisation factor: 0.01
-------------------------------------------------------------------------
epoch: 0
	 train loss: 	 4.38679504275322
	 fofe.forgetting_factor 	 tensor([0.0232], device='cuda:0')
	 dev loss 	 4.216208219528198
	 acc 	 0.17777777777777773
	 f1 macro 	 0.05613884032634031
	 f1 micro 	 0.17777777777777773
-------------------------------------------------------------------------
epoch: 1
	 train loss: 	 4.162630174160004
-------------------------------------------------------------------------
epoch: 2
	 train loss: 	 4.120270305871964
-------------------------------------------------------------------------
epoch: 3
	 train loss: 	 4.103525224924088
-------------------------------------------------------------------------
epoch: 4
	 train loss: 	 4.109455666542053
-------------------------------------------------------------------------
epoch: 5
	 train loss: 	 4.099624460935592
-------------------------------------------------------------------------
epoch: 6
	 train loss: 	 4.098655824661255
-------------------------------------------------------------------------
epoch: 7
	 train loss: 	 4.096740390062332
-------------------------------------------------------------------------
epoch: 8
	 train loss: 	 4.098102995157242
-------------------------------------------------------------------------
epoch: 9
	 train loss: 	 4.098563576936722
-------------------------------------------------------------------------
epoch: 10
	 train loss: 	 4.097931665182114
-------------------------------------------------------------------------
epoch: 11
	 train loss: 	 4.099864225387574
-------------------------------------------------------------------------
epoch: 12
	 train loss: 	 4.10385875582695
-------------------------------------------------------------------------
epoch: 13
	 train loss: 	 4.100476614236832
-------------------------------------------------------------------------
epoch: 14
	 train loss: 	 4.100430167913437
-------------------------------------------------------------------------
epoch: 15
	 train loss: 	 4.098088953495026
-------------------------------------------------------------------------
epoch: 16
	 train loss: 	 4.099726084470749
-------------------------------------------------------------------------
epoch: 17
	 train loss: 	 4.097933843135833
-------------------------------------------------------------------------
epoch: 18
	 train loss: 	 4.104056876897812
-------------------------------------------------------------------------
epoch: 19
	 train loss: 	 4.099915860891342
-------------------------------------------------------------------------
epoch: 20
	 train loss: 	 4.099189908504486
-------------------------------------------------------------------------
epoch: 21
	 train loss: 	 4.097754127979279
-------------------------------------------------------------------------
epoch: 22
	 train loss: 	 4.098594704866409
-------------------------------------------------------------------------
epoch: 23
	 train loss: 	 4.098103263378143
-------------------------------------------------------------------------
epoch: 24
	 train loss: 	 4.100066211223602
-------------------------------------------------------------------------
epoch: 25
	 train loss: 	 4.098769617080689
-------------------------------------------------------------------------
epoch: 26
	 train loss: 	 4.099328030347824
-------------------------------------------------------------------------
epoch: 27
	 train loss: 	 4.10615086555481
-------------------------------------------------------------------------
epoch: 28
	 train loss: 	 4.096308401823044
-------------------------------------------------------------------------
epoch: 29
	 train loss: 	 4.0974818241596225
-------------------------------------------------------------------------
epoch: 30
	 train loss: 	 4.098865555524826
-------------------------------------------------------------------------
epoch: 31
	 train loss: 	 4.09563880443573
-------------------------------------------------------------------------
epoch: 32
	 train loss: 	 4.099206498861313
-------------------------------------------------------------------------
epoch: 33
	 train loss: 	 4.098332463502884
-------------------------------------------------------------------------
epoch: 34
	 train loss: 	 4.106395590305328
-------------------------------------------------------------------------
epoch: 35
	 train loss: 	 4.096706449985504
-------------------------------------------------------------------------
epoch: 36
	 train loss: 	 4.098381886482239
-------------------------------------------------------------------------
epoch: 37
	 train loss: 	 4.098218252658844
-------------------------------------------------------------------------
epoch: 38
	 train loss: 	 4.0994758069515225
-------------------------------------------------------------------------
epoch: 39
	 train loss: 	 4.095431158542633
-------------------------------------------------------------------------
epoch: 40
	 train loss: 	 4.099671976566315
-------------------------------------------------------------------------
epoch: 41
	 train loss: 	 4.099091950654984
-------------------------------------------------------------------------
epoch: 42
	 train loss: 	 4.096762299537659
-------------------------------------------------------------------------
epoch: 43
	 train loss: 	 4.0966870713233945
-------------------------------------------------------------------------
epoch: 44
	 train loss: 	 4.096677821874619
-------------------------------------------------------------------------
epoch: 45
	 train loss: 	 4.11772191286087
-------------------------------------------------------------------------
epoch: 46
	 train loss: 	 4.096822994947433
-------------------------------------------------------------------------
epoch: 47
	 train loss: 	 4.095602705478668
-------------------------------------------------------------------------
epoch: 48
	 train loss: 	 4.096429905891418
-------------------------------------------------------------------------
epoch: 49
	 train loss: 	 4.09920445561409
-------------------------------------------------------------------------
epoch: 50
	 train loss: 	 4.09883446931839
-------------------------------------------------------------------------
epoch: 51
	 train loss: 	 4.1018319439888
-------------------------------------------------------------------------
epoch: 52
	 train loss: 	 4.101030102968216
-------------------------------------------------------------------------
epoch: 53
	 train loss: 	 4.0969430088996885
-------------------------------------------------------------------------
epoch: 54
	 train loss: 	 4.104273740053177
-------------------------------------------------------------------------
epoch: 55
	 train loss: 	 4.099913011789322
-------------------------------------------------------------------------
epoch: 56
	 train loss: 	 4.100135351419449
-------------------------------------------------------------------------
epoch: 57
	 train loss: 	 4.107311906814576
-------------------------------------------------------------------------
epoch: 58
	 train loss: 	 4.095566623210907
-------------------------------------------------------------------------
epoch: 59
	 train loss: 	 4.099287719726562
-------------------------------------------------------------------------
epoch: 60
	 train loss: 	 4.09920406460762
-------------------------------------------------------------------------
epoch: 61
	 train loss: 	 4.100077255964279
-------------------------------------------------------------------------
epoch: 62
	 train loss: 	 4.101746454238891
-------------------------------------------------------------------------
epoch: 63
	 train loss: 	 4.0990611886978146
-------------------------------------------------------------------------
epoch: 64
	 train loss: 	 4.0994674074649815
-------------------------------------------------------------------------
epoch: 65
	 train loss: 	 4.1042737853527065
-------------------------------------------------------------------------
epoch: 66
	 train loss: 	 4.098392359018326
-------------------------------------------------------------------------
epoch: 67
	 train loss: 	 4.099639708995819
-------------------------------------------------------------------------
epoch: 68
	 train loss: 	 4.100376206636429
-------------------------------------------------------------------------
epoch: 69
	 train loss: 	 4.099284566640854
-------------------------------------------------------------------------
epoch: 70
	 train loss: 	 4.100159064531327
-------------------------------------------------------------------------
epoch: 71
	 train loss: 	 4.102425354719162
-------------------------------------------------------------------------
epoch: 72
	 train loss: 	 4.098590137958527
-------------------------------------------------------------------------
epoch: 73
	 train loss: 	 4.101648199558258
-------------------------------------------------------------------------
epoch: 74
	 train loss: 	 4.099755400419236
-------------------------------------------------------------------------
epoch: 75
	 train loss: 	 4.097520174980164
-------------------------------------------------------------------------
epoch: 76
	 train loss: 	 4.097922869920731
-------------------------------------------------------------------------
epoch: 77
	 train loss: 	 4.1002164602279665
-------------------------------------------------------------------------
epoch: 78
	 train loss: 	 4.097582205533981
-------------------------------------------------------------------------
epoch: 79
	 train loss: 	 4.097209011316299
-------------------------------------------------------------------------
epoch: 80
	 train loss: 	 4.100701047182083
-------------------------------------------------------------------------
epoch: 81
	 train loss: 	 4.102667627334594
-------------------------------------------------------------------------
epoch: 82
	 train loss: 	 4.103364551067353
-------------------------------------------------------------------------
epoch: 83
	 train loss: 	 4.0977253448963165
-------------------------------------------------------------------------
epoch: 84
	 train loss: 	 4.096905208826065
-------------------------------------------------------------------------
epoch: 85
	 train loss: 	 4.101168684959411
-------------------------------------------------------------------------
epoch: 86
	 train loss: 	 4.100915849208832
-------------------------------------------------------------------------
epoch: 87
	 train loss: 	 4.123609368801117
-------------------------------------------------------------------------
epoch: 88
	 train loss: 	 4.096645185947418
-------------------------------------------------------------------------
epoch: 89
	 train loss: 	 4.099342037439346
-------------------------------------------------------------------------
epoch: 90
	 train loss: 	 4.096039096117019
-------------------------------------------------------------------------
epoch: 91
	 train loss: 	 4.096675531864166
-------------------------------------------------------------------------
epoch: 92
	 train loss: 	 4.100499457120895
-------------------------------------------------------------------------
epoch: 93
	 train loss: 	 4.102051439285279
-------------------------------------------------------------------------
epoch: 94
	 train loss: 	 4.100894132852554
-------------------------------------------------------------------------
epoch: 95
	 train loss: 	 4.100113778114319
-------------------------------------------------------------------------
epoch: 96
	 train loss: 	 4.100413601398468
-------------------------------------------------------------------------
epoch: 97
	 train loss: 	 4.098128112554551
-------------------------------------------------------------------------
epoch: 98
	 train loss: 	 4.0969160044193265
-------------------------------------------------------------------------
epoch: 99
	 train loss: 	 4.102850705385208
-------------------------------------------------------------------------
epoch: 100
	 train loss: 	 4.103294243812561
	 fofe.forgetting_factor 	 tensor([-0.2305], device='cuda:0')
	 dev loss 	 4.093211717605591
	 acc 	 0.20882352941176463
	 f1 macro 	 0.059482541290989135
	 f1 micro 	 0.20882352941176463
-------------------------------------------------------------------------
epoch: 101
	 train loss: 	 4.098482995033264
-------------------------------------------------------------------------
epoch: 102
	 train loss: 	 4.097445240020752
-------------------------------------------------------------------------
epoch: 103
	 train loss: 	 4.098744047880173
-------------------------------------------------------------------------
epoch: 104
	 train loss: 	 4.105889862775802
-------------------------------------------------------------------------
epoch: 105
	 train loss: 	 4.097031791210174
-------------------------------------------------------------------------
epoch: 106
	 train loss: 	 4.099199479818344
-------------------------------------------------------------------------
epoch: 107
	 train loss: 	 4.098249360322952
-------------------------------------------------------------------------
epoch: 108
	 train loss: 	 4.101634418964386
-------------------------------------------------------------------------
epoch: 109
	 train loss: 	 4.104971380233764
-------------------------------------------------------------------------
epoch: 110
	 train loss: 	 4.099871084690094
-------------------------------------------------------------------------
epoch: 111
	 train loss: 	 4.09888757109642
-------------------------------------------------------------------------
epoch: 112
	 train loss: 	 4.097114862203598
-------------------------------------------------------------------------
epoch: 113
	 train loss: 	 4.100212819576264
-------------------------------------------------------------------------
epoch: 114
	 train loss: 	 4.100589739084244
-------------------------------------------------------------------------
epoch: 115
	 train loss: 	 4.099154354333877
-------------------------------------------------------------------------
epoch: 116
	 train loss: 	 4.1025859117507935
-------------------------------------------------------------------------
epoch: 117
	 train loss: 	 4.097163342237472
-------------------------------------------------------------------------
epoch: 118
	 train loss: 	 4.1010982084274294
-------------------------------------------------------------------------
epoch: 119
	 train loss: 	 4.101752455234528
-------------------------------------------------------------------------
epoch: 120
	 train loss: 	 4.100132358074188
-------------------------------------------------------------------------
epoch: 121
	 train loss: 	 4.096667017936706
-------------------------------------------------------------------------
epoch: 122
	 train loss: 	 4.134638608694076
-------------------------------------------------------------------------
epoch: 123
	 train loss: 	 4.099111875295639
-------------------------------------------------------------------------
epoch: 124
	 train loss: 	 4.095835084915161
-------------------------------------------------------------------------
epoch: 125
	 train loss: 	 4.09871397972107
-------------------------------------------------------------------------
epoch: 126
	 train loss: 	 4.097856308221817
-------------------------------------------------------------------------
epoch: 127
	 train loss: 	 4.098375418186188
-------------------------------------------------------------------------
epoch: 128
	 train loss: 	 4.096369981765747
-------------------------------------------------------------------------
epoch: 129
	 train loss: 	 4.100786411762238
-------------------------------------------------------------------------
epoch: 130
	 train loss: 	 4.10112343788147
-------------------------------------------------------------------------
epoch: 131
	 train loss: 	 4.1018381524086
-------------------------------------------------------------------------
epoch: 132
	 train loss: 	 4.099555443525315
-------------------------------------------------------------------------
epoch: 133
	 train loss: 	 4.100020020008087
-------------------------------------------------------------------------
epoch: 134
	 train loss: 	 4.096907337903977
-------------------------------------------------------------------------
epoch: 135
	 train loss: 	 4.099900157451629
-------------------------------------------------------------------------
epoch: 136
	 train loss: 	 4.104456117153168
-------------------------------------------------------------------------
epoch: 137
	 train loss: 	 4.099443777799606
-------------------------------------------------------------------------
epoch: 138
	 train loss: 	 4.099420539140701
-------------------------------------------------------------------------
epoch: 139
	 train loss: 	 4.097887523174286
-------------------------------------------------------------------------
epoch: 140
	 train loss: 	 4.098398203849793
-------------------------------------------------------------------------
epoch: 141
	 train loss: 	 4.100878467559815
-------------------------------------------------------------------------
epoch: 142
	 train loss: 	 4.099832046031952
-------------------------------------------------------------------------
epoch: 143
	 train loss: 	 4.098668932914734
-------------------------------------------------------------------------
epoch: 144
	 train loss: 	 4.098106619119644
-------------------------------------------------------------------------
epoch: 145
	 train loss: 	 4.098545112609863
-------------------------------------------------------------------------
epoch: 146
	 train loss: 	 4.107331659793854
-------------------------------------------------------------------------
epoch: 147
	 train loss: 	 4.099825474023819
-------------------------------------------------------------------------
epoch: 148
	 train loss: 	 4.094163361787796
-------------------------------------------------------------------------
epoch: 149
	 train loss: 	 4.101355686187744
-------------------------------------------------------------------------
epoch: 150
	 train loss: 	 4.101261934041977
-------------------------------------------------------------------------
epoch: 151
	 train loss: 	 4.096346498727798
-------------------------------------------------------------------------
epoch: 152
	 train loss: 	 4.095953139066697
-------------------------------------------------------------------------
epoch: 153
	 train loss: 	 4.097551039457321
-------------------------------------------------------------------------
epoch: 154
	 train loss: 	 4.099786171913147
-------------------------------------------------------------------------
epoch: 155
	 train loss: 	 4.098274097442627
-------------------------------------------------------------------------
epoch: 156
	 train loss: 	 4.096825816631317
-------------------------------------------------------------------------
epoch: 157
	 train loss: 	 4.10024463891983
-------------------------------------------------------------------------
epoch: 158
	 train loss: 	 4.116367602348328
-------------------------------------------------------------------------
epoch: 159
	 train loss: 	 4.095749698877334
-------------------------------------------------------------------------
epoch: 160
	 train loss: 	 4.096728565692902
-------------------------------------------------------------------------
epoch: 161
	 train loss: 	 4.0988481640815735
-------------------------------------------------------------------------
epoch: 162
	 train loss: 	 4.098811962604523
-------------------------------------------------------------------------
epoch: 163
	 train loss: 	 4.098889096975326
-------------------------------------------------------------------------
epoch: 164
	 train loss: 	 4.099660927057267
-------------------------------------------------------------------------
epoch: 165
	 train loss: 	 4.099447629451752
-------------------------------------------------------------------------
epoch: 166
	 train loss: 	 4.100992103815079
-------------------------------------------------------------------------
epoch: 167
	 train loss: 	 4.10104562997818
-------------------------------------------------------------------------
epoch: 168
	 train loss: 	 4.098976625204086
-------------------------------------------------------------------------
epoch: 169
	 train loss: 	 4.096040906906128
-------------------------------------------------------------------------
epoch: 170
	 train loss: 	 4.098675837516785
-------------------------------------------------------------------------
epoch: 171
	 train loss: 	 4.0960673499107365
-------------------------------------------------------------------------
epoch: 172
	 train loss: 	 4.097718498706818
-------------------------------------------------------------------------
epoch: 173
	 train loss: 	 4.09737354516983
-------------------------------------------------------------------------
epoch: 174
	 train loss: 	 4.098440625667572
-------------------------------------------------------------------------
epoch: 175
	 train loss: 	 4.099512541294098
-------------------------------------------------------------------------
epoch: 176
	 train loss: 	 4.102204321622849
-------------------------------------------------------------------------
epoch: 177
	 train loss: 	 4.107525488138199
-------------------------------------------------------------------------
epoch: 178
	 train loss: 	 4.098068817853927
-------------------------------------------------------------------------
epoch: 179
	 train loss: 	 4.096922384500504
-------------------------------------------------------------------------
epoch: 180
	 train loss: 	 4.097617598772049
-------------------------------------------------------------------------
epoch: 181
	 train loss: 	 4.096436542272568
-------------------------------------------------------------------------
epoch: 182
	 train loss: 	 4.101811192035675
-------------------------------------------------------------------------
epoch: 183
	 train loss: 	 4.098288570642471
-------------------------------------------------------------------------
epoch: 184
	 train loss: 	 4.100880889892578
-------------------------------------------------------------------------
epoch: 185
	 train loss: 	 4.098491078615188
-------------------------------------------------------------------------
epoch: 186
	 train loss: 	 4.1008311402797695
-------------------------------------------------------------------------
epoch: 187
	 train loss: 	 4.102487329244614
-------------------------------------------------------------------------
epoch: 188
	 train loss: 	 4.097236089706421
-------------------------------------------------------------------------
epoch: 189
	 train loss: 	 4.100217763185501
-------------------------------------------------------------------------
epoch: 190
	 train loss: 	 4.099369208812714
-------------------------------------------------------------------------
epoch: 191
	 train loss: 	 4.099036039113998
-------------------------------------------------------------------------
epoch: 192
	 train loss: 	 4.097268372774124
-------------------------------------------------------------------------
epoch: 193
	 train loss: 	 4.097647386789322
-------------------------------------------------------------------------
epoch: 194
	 train loss: 	 4.098112753629684
-------------------------------------------------------------------------
epoch: 195
	 train loss: 	 4.09973858833313
-------------------------------------------------------------------------
epoch: 196
	 train loss: 	 4.101335413455963
-------------------------------------------------------------------------
epoch: 197
	 train loss: 	 4.10662073135376
-------------------------------------------------------------------------
epoch: 198
	 train loss: 	 4.09768479347229
-------------------------------------------------------------------------
epoch: 199
	 train loss: 	 4.0966113245487215
-------------------------------------------------------------------------
epoch: 200
	 train loss: 	 4.098346501588821
	 fofe.forgetting_factor 	 tensor([-0.0426], device='cuda:0')
	 dev loss 	 4.086623945236206
	 acc 	 0.20882352941176463
	 f1 macro 	 0.059482541290989135
	 f1 micro 	 0.20882352941176463
-------------------------------------------------------------------------
epoch: 201
	 train loss: 	 4.101362429857254
-------------------------------------------------------------------------
epoch: 202
	 train loss: 	 4.109527969360352
-------------------------------------------------------------------------
epoch: 203
	 train loss: 	 4.099092384576798
-------------------------------------------------------------------------
epoch: 204
	 train loss: 	 4.098608949184418
-------------------------------------------------------------------------
epoch: 205
	 train loss: 	 4.097091208696366
-------------------------------------------------------------------------
epoch: 206
	 train loss: 	 4.097144558429718
-------------------------------------------------------------------------
epoch: 207
	 train loss: 	 4.0999428188800815
-------------------------------------------------------------------------
epoch: 208
	 train loss: 	 4.106356420516968
-------------------------------------------------------------------------
epoch: 209
	 train loss: 	 4.097633634805679
-------------------------------------------------------------------------
epoch: 210
	 train loss: 	 4.097463042736053
-------------------------------------------------------------------------
epoch: 211
	 train loss: 	 4.102215882539749
-------------------------------------------------------------------------
epoch: 212
	 train loss: 	 4.0975243186950685
-------------------------------------------------------------------------
epoch: 213
	 train loss: 	 4.1004661631584165
-------------------------------------------------------------------------
epoch: 214
	 train loss: 	 4.097307842969895
-------------------------------------------------------------------------
epoch: 215
	 train loss: 	 4.099247130155564
-------------------------------------------------------------------------
epoch: 216
	 train loss: 	 4.099458087682724
-------------------------------------------------------------------------
epoch: 217
	 train loss: 	 4.105813776254654
-------------------------------------------------------------------------
epoch: 218
	 train loss: 	 4.098361299037934
-------------------------------------------------------------------------
epoch: 219
	 train loss: 	 4.097209796905518
-------------------------------------------------------------------------
epoch: 220
	 train loss: 	 4.098734482526779
-------------------------------------------------------------------------
epoch: 221
	 train loss: 	 4.099533480405808
-------------------------------------------------------------------------
epoch: 222
	 train loss: 	 4.098086355924607
-------------------------------------------------------------------------
epoch: 223
	 train loss: 	 4.099315701723099
-------------------------------------------------------------------------
epoch: 224
	 train loss: 	 4.098446542024613
-------------------------------------------------------------------------
epoch: 225
	 train loss: 	 4.097123371362686
-------------------------------------------------------------------------
epoch: 226
	 train loss: 	 4.116833949089051
-------------------------------------------------------------------------
epoch: 227
	 train loss: 	 4.098358974456787
-------------------------------------------------------------------------
epoch: 228
	 train loss: 	 4.0975482881069185
-------------------------------------------------------------------------
epoch: 229
	 train loss: 	 4.095854440927505
-------------------------------------------------------------------------
epoch: 230
	 train loss: 	 4.097541995048523
-------------------------------------------------------------------------
epoch: 231
	 train loss: 	 4.096685607433319
-------------------------------------------------------------------------
epoch: 232
	 train loss: 	 4.106439505815506
-------------------------------------------------------------------------
epoch: 233
	 train loss: 	 4.09889970779419
-------------------------------------------------------------------------
epoch: 234
	 train loss: 	 4.097672228813171
-------------------------------------------------------------------------
epoch: 235
	 train loss: 	 4.099668006896973
-------------------------------------------------------------------------
epoch: 236
	 train loss: 	 4.098550355434417
-------------------------------------------------------------------------
epoch: 237
	 train loss: 	 4.098543328046799
-------------------------------------------------------------------------
epoch: 238
	 train loss: 	 4.100255081653595
-------------------------------------------------------------------------
epoch: 239
	 train loss: 	 4.097386251688004
-------------------------------------------------------------------------
epoch: 240
	 train loss: 	 4.101935513019562
-------------------------------------------------------------------------
epoch: 241
	 train loss: 	 4.100540863275528
-------------------------------------------------------------------------
epoch: 242
	 train loss: 	 4.097592251300812
-------------------------------------------------------------------------
epoch: 243
	 train loss: 	 4.09988117814064
-------------------------------------------------------------------------
epoch: 244
	 train loss: 	 4.098304944038391
-------------------------------------------------------------------------
epoch: 245
	 train loss: 	 4.099785302877426
-------------------------------------------------------------------------
epoch: 246
	 train loss: 	 4.100762842893601
-------------------------------------------------------------------------
epoch: 247
	 train loss: 	 4.100418748855591
-------------------------------------------------------------------------
epoch: 248
	 train loss: 	 4.098105206489563
-------------------------------------------------------------------------
epoch: 249
	 train loss: 	 4.098739031553269
-------------------------------------------------------------------------
epoch: 250
	 train loss: 	 4.106017855405807
-------------------------------------------------------------------------
epoch: 251
	 train loss: 	 4.100371650457382
-------------------------------------------------------------------------
epoch: 252
	 train loss: 	 4.096506001949311
-------------------------------------------------------------------------
epoch: 253
	 train loss: 	 4.097639971971512
-------------------------------------------------------------------------
epoch: 254
	 train loss: 	 4.0974735462665555
-------------------------------------------------------------------------
epoch: 255
	 train loss: 	 4.11029515504837
-------------------------------------------------------------------------
epoch: 256
	 train loss: 	 4.09944571852684
-------------------------------------------------------------------------
epoch: 257
	 train loss: 	 4.096780987977982
-------------------------------------------------------------------------
epoch: 258
	 train loss: 	 4.09797425031662
-------------------------------------------------------------------------
epoch: 259
	 train loss: 	 4.100063712596893
-------------------------------------------------------------------------
epoch: 260
	 train loss: 	 4.09786882519722
-------------------------------------------------------------------------
epoch: 261
	 train loss: 	 4.1011013865470884
-------------------------------------------------------------------------
epoch: 262
	 train loss: 	 4.09829054236412
-------------------------------------------------------------------------
epoch: 263
	 train loss: 	 4.099089674949646
-------------------------------------------------------------------------
epoch: 264
	 train loss: 	 4.1008759319782255
-------------------------------------------------------------------------
epoch: 265
	 train loss: 	 4.098681598901749
-------------------------------------------------------------------------
epoch: 266
	 train loss: 	 4.099210271835327
-------------------------------------------------------------------------
epoch: 267
	 train loss: 	 4.098180689811707
-------------------------------------------------------------------------
epoch: 268
	 train loss: 	 4.099684666395188
-------------------------------------------------------------------------
epoch: 269
	 train loss: 	 4.0977259027957915
-------------------------------------------------------------------------
epoch: 270
	 train loss: 	 4.100072183609009
-------------------------------------------------------------------------
epoch: 271
	 train loss: 	 4.098936592340469
-------------------------------------------------------------------------
epoch: 272
	 train loss: 	 4.100384185314178
-------------------------------------------------------------------------
epoch: 273
	 train loss: 	 4.1263881838321685
-------------------------------------------------------------------------
epoch: 274
	 train loss: 	 4.098179847002029
-------------------------------------------------------------------------
epoch: 275
	 train loss: 	 4.097796298265457
-------------------------------------------------------------------------
epoch: 276
	 train loss: 	 4.09750897526741
-------------------------------------------------------------------------
epoch: 277
	 train loss: 	 4.097628456354141
-------------------------------------------------------------------------
epoch: 278
	 train loss: 	 4.098316986560821
-------------------------------------------------------------------------
epoch: 279
	 train loss: 	 4.095546824932098
-------------------------------------------------------------------------
epoch: 280
	 train loss: 	 4.098209880590439
-------------------------------------------------------------------------
epoch: 281
	 train loss: 	 4.101090619564056
-------------------------------------------------------------------------
epoch: 282
	 train loss: 	 4.099778398275375
-------------------------------------------------------------------------
epoch: 283
	 train loss: 	 4.099036204814911
-------------------------------------------------------------------------
epoch: 284
	 train loss: 	 4.106396864652634
-------------------------------------------------------------------------
epoch: 285
	 train loss: 	 4.098588724136352
-------------------------------------------------------------------------
epoch: 286
	 train loss: 	 4.098358218669891
-------------------------------------------------------------------------
epoch: 287
	 train loss: 	 4.0995441246032716
-------------------------------------------------------------------------
epoch: 288
	 train loss: 	 4.101043150424958
-------------------------------------------------------------------------
epoch: 289
	 train loss: 	 4.099999878406525
-------------------------------------------------------------------------
epoch: 290
	 train loss: 	 4.097243014574051
-------------------------------------------------------------------------
epoch: 291
	 train loss: 	 4.100026621818542
-------------------------------------------------------------------------
epoch: 292
	 train loss: 	 4.099027923345566
-------------------------------------------------------------------------
epoch: 293
	 train loss: 	 4.103413554430008
-------------------------------------------------------------------------
epoch: 294
	 train loss: 	 4.0959399318695064
-------------------------------------------------------------------------
epoch: 295
	 train loss: 	 4.097711613178253
-------------------------------------------------------------------------
epoch: 296
	 train loss: 	 4.100590244531632
-------------------------------------------------------------------------
epoch: 297
	 train loss: 	 4.100250420570373
-------------------------------------------------------------------------
epoch: 298
	 train loss: 	 4.100832258462906
-------------------------------------------------------------------------
epoch: 299
	 train loss: 	 4.103286958932877
-------------------------------------------------------------------------
epoch: 300
	 train loss: 	 4.095901005268097
	 fofe.forgetting_factor 	 tensor([-0.1584], device='cuda:0')
	 dev loss 	 4.079296751022339
	 acc 	 0.20882352941176463
	 f1 macro 	 0.059482541290989135
	 f1 micro 	 0.20882352941176463
-------------------------------------------------------------------------
epoch: 301
	 train loss: 	 4.096570113897323
-------------------------------------------------------------------------
epoch: 302
	 train loss: 	 4.0982219350337985
-------------------------------------------------------------------------
epoch: 303
	 train loss: 	 4.095177549123764
-------------------------------------------------------------------------
epoch: 304
	 train loss: 	 4.100930179357529
-------------------------------------------------------------------------
epoch: 305
	 train loss: 	 4.101640256643296
-------------------------------------------------------------------------
epoch: 306
	 train loss: 	 4.100020503997802
-------------------------------------------------------------------------
epoch: 307
	 train loss: 	 4.1071171844005585
-------------------------------------------------------------------------
epoch: 308
	 train loss: 	 4.099206876754761
-------------------------------------------------------------------------
epoch: 309
	 train loss: 	 4.097365720272064
-------------------------------------------------------------------------
epoch: 310
	 train loss: 	 4.095895513296127
-------------------------------------------------------------------------
epoch: 311
	 train loss: 	 4.097982693910598
-------------------------------------------------------------------------
epoch: 312
	 train loss: 	 4.099155304431915
-------------------------------------------------------------------------
epoch: 313
	 train loss: 	 4.099303486347199
-------------------------------------------------------------------------
epoch: 314
	 train loss: 	 4.100410021543503
-------------------------------------------------------------------------
epoch: 315
	 train loss: 	 4.113031089305878
-------------------------------------------------------------------------
epoch: 316
	 train loss: 	 4.0992553687095645
-------------------------------------------------------------------------
epoch: 317
	 train loss: 	 4.095003724098206
-------------------------------------------------------------------------
epoch: 318
	 train loss: 	 4.095732810497284
-------------------------------------------------------------------------
epoch: 319
	 train loss: 	 4.09720615029335
-------------------------------------------------------------------------
epoch: 320
	 train loss: 	 4.097660660743713
-------------------------------------------------------------------------
epoch: 321
	 train loss: 	 4.098349952697754
-------------------------------------------------------------------------
epoch: 322
	 train loss: 	 4.095769773721695
-------------------------------------------------------------------------
epoch: 323
	 train loss: 	 4.099764196872711
-------------------------------------------------------------------------
epoch: 324
	 train loss: 	 4.102423295974732
-------------------------------------------------------------------------
epoch: 325
	 train loss: 	 4.101097160577774
-------------------------------------------------------------------------
epoch: 326
	 train loss: 	 4.098310552835464
-------------------------------------------------------------------------
epoch: 327
	 train loss: 	 4.1045532143116
-------------------------------------------------------------------------
epoch: 328
	 train loss: 	 4.097777556180954
-------------------------------------------------------------------------
epoch: 329
	 train loss: 	 4.097386964559555
-------------------------------------------------------------------------
epoch: 330
	 train loss: 	 4.097148345708847
-------------------------------------------------------------------------
epoch: 331
	 train loss: 	 4.104218709468841
-------------------------------------------------------------------------
epoch: 332
	 train loss: 	 4.098730937242508
-------------------------------------------------------------------------
epoch: 333
	 train loss: 	 4.10039244890213
-------------------------------------------------------------------------
epoch: 334
	 train loss: 	 4.10071857213974
-------------------------------------------------------------------------
epoch: 335
	 train loss: 	 4.096946550607681
-------------------------------------------------------------------------
epoch: 336
	 train loss: 	 4.100095390081406
-------------------------------------------------------------------------
epoch: 337
	 train loss: 	 4.102882544994355
-------------------------------------------------------------------------
epoch: 338
	 train loss: 	 4.100265200138092
-------------------------------------------------------------------------
epoch: 339
	 train loss: 	 4.096671636104584
-------------------------------------------------------------------------
epoch: 340
	 train loss: 	 4.101913908720016
-------------------------------------------------------------------------
epoch: 341
	 train loss: 	 4.098541338443756
-------------------------------------------------------------------------
epoch: 342
	 train loss: 	 4.101474615335465
-------------------------------------------------------------------------
epoch: 343
	 train loss: 	 4.103802958726883
-------------------------------------------------------------------------
epoch: 344
	 train loss: 	 4.098236862421036
-------------------------------------------------------------------------
epoch: 345
	 train loss: 	 4.111389318704605
-------------------------------------------------------------------------
epoch: 346
	 train loss: 	 4.097514120340347
-------------------------------------------------------------------------
epoch: 347
	 train loss: 	 4.099127160310745
-------------------------------------------------------------------------
epoch: 348
	 train loss: 	 4.097306483983994
-------------------------------------------------------------------------
epoch: 349
	 train loss: 	 4.109890986680984
-------------------------------------------------------------------------
epoch: 350
	 train loss: 	 4.099546405076981
-------------------------------------------------------------------------
epoch: 351
	 train loss: 	 4.099094860553741
-------------------------------------------------------------------------
epoch: 352
	 train loss: 	 4.099228191375732
-------------------------------------------------------------------------
epoch: 353
	 train loss: 	 4.101644967794418
-------------------------------------------------------------------------
epoch: 354
	 train loss: 	 4.097527985572815
-------------------------------------------------------------------------
epoch: 355
	 train loss: 	 4.0996003448963165
-------------------------------------------------------------------------
epoch: 356
	 train loss: 	 4.10087034702301
-------------------------------------------------------------------------
epoch: 357
	 train loss: 	 4.101915761232376
-------------------------------------------------------------------------
epoch: 358
	 train loss: 	 4.1012600326538085
-------------------------------------------------------------------------
epoch: 359
	 train loss: 	 4.097732237577438
-------------------------------------------------------------------------
epoch: 360
	 train loss: 	 4.100588179826737
-------------------------------------------------------------------------
epoch: 361
	 train loss: 	 4.102485748529435
-------------------------------------------------------------------------
epoch: 362
	 train loss: 	 4.10024193406105
-------------------------------------------------------------------------
epoch: 363
	 train loss: 	 4.09703116774559
-------------------------------------------------------------------------
epoch: 364
	 train loss: 	 4.109526032209397
-------------------------------------------------------------------------
epoch: 365
	 train loss: 	 4.097062587738037
-------------------------------------------------------------------------
epoch: 366
	 train loss: 	 4.099152753353119
-------------------------------------------------------------------------
epoch: 367
	 train loss: 	 4.0970536291599275
-------------------------------------------------------------------------
epoch: 368
	 train loss: 	 4.0947329258918765
-------------------------------------------------------------------------
epoch: 369
	 train loss: 	 4.100636253356933
-------------------------------------------------------------------------
epoch: 370
	 train loss: 	 4.100104268789291
-------------------------------------------------------------------------
epoch: 371
	 train loss: 	 4.109352821111679
-------------------------------------------------------------------------
epoch: 372
	 train loss: 	 4.099002789258957
-------------------------------------------------------------------------
epoch: 373
	 train loss: 	 4.098747981786728
-------------------------------------------------------------------------
epoch: 374
	 train loss: 	 4.097953878641128
-------------------------------------------------------------------------
epoch: 375
	 train loss: 	 4.107989345788956
-------------------------------------------------------------------------
epoch: 376
	 train loss: 	 4.0987738931179045
-------------------------------------------------------------------------
epoch: 377
	 train loss: 	 4.10005918264389
-------------------------------------------------------------------------
epoch: 378
	 train loss: 	 4.095934218168258
-------------------------------------------------------------------------
epoch: 379
	 train loss: 	 4.09847342133522
-------------------------------------------------------------------------
epoch: 380
	 train loss: 	 4.098049104213715
-------------------------------------------------------------------------
epoch: 381
	 train loss: 	 4.099782965183258
-------------------------------------------------------------------------
epoch: 382
	 train loss: 	 4.101744947433471
-------------------------------------------------------------------------
epoch: 383
	 train loss: 	 4.102794684171677
-------------------------------------------------------------------------
epoch: 384
	 train loss: 	 4.101178048849106
-------------------------------------------------------------------------
epoch: 385
	 train loss: 	 4.099515979290008
-------------------------------------------------------------------------
epoch: 386
	 train loss: 	 4.096719549894333
-------------------------------------------------------------------------
epoch: 387
	 train loss: 	 4.098275638818741
-------------------------------------------------------------------------
epoch: 388
	 train loss: 	 4.100129494667053
-------------------------------------------------------------------------
epoch: 389
	 train loss: 	 4.097081822156906
-------------------------------------------------------------------------
epoch: 390
	 train loss: 	 4.129906644821167
-------------------------------------------------------------------------
epoch: 391
	 train loss: 	 4.098089730739593
-------------------------------------------------------------------------
epoch: 392
	 train loss: 	 4.099196187257767
-------------------------------------------------------------------------
epoch: 393
	 train loss: 	 4.0966919791698455
-------------------------------------------------------------------------
epoch: 394
	 train loss: 	 4.097606728076935
-------------------------------------------------------------------------
epoch: 395
	 train loss: 	 4.094483718872071
-------------------------------------------------------------------------
epoch: 396
	 train loss: 	 4.094524616003037
-------------------------------------------------------------------------
epoch: 397
	 train loss: 	 4.102497787475586
-------------------------------------------------------------------------
epoch: 398
	 train loss: 	 4.099176224470138
-------------------------------------------------------------------------
epoch: 399
	 train loss: 	 4.096752868890762
-------------------------------------------------------------------------
epoch: 400
	 train loss: 	 4.0988429367542265
	 fofe.forgetting_factor 	 tensor([-0.1102], device='cuda:0')
	 dev loss 	 4.095184979438781
	 acc 	 0.20882352941176463
	 f1 macro 	 0.059482541290989135
	 f1 micro 	 0.20882352941176463
-------------------------------------------------------------------------
epoch: 401
	 train loss: 	 4.105500901937485
-------------------------------------------------------------------------
epoch: 402
	 train loss: 	 4.097125352621078
-------------------------------------------------------------------------
epoch: 403
	 train loss: 	 4.096773705482483/home/st/steinberga/.local/lib/python3.6/site-packages/sklearn/metrics/classification.py:1143: UndefinedMetricWarning: F-score is ill-defined and being set to 0.0 in labels with no predicted samples.
  'precision', 'predicted', average, warn_for)
/home/st/steinberga/.local/lib/python3.6/site-packages/sklearn/metrics/classification.py:1145: UndefinedMetricWarning: F-score is ill-defined and being set to 0.0 in labels with no true samples.
  'recall', 'true', average, warn_for)
Traceback (most recent call last):
  File "/usr/lib/python3.6/runpy.py", line 193, in _run_module_as_main
    "__main__", mod_spec)
  File "/usr/lib/python3.6/runpy.py", line 85, in _run_code
    exec(code, run_globals)
  File "/usr/lib/python3.6/cProfile.py", line 160, in <module>
    main()
  File "/usr/lib/python3.6/cProfile.py", line 153, in main
    runctx(code, globs, None, options.outfile, options.sort)
  File "/usr/lib/python3.6/cProfile.py", line 20, in runctx
    filename, sort)
  File "/usr/lib/python3.6/profile.py", line 64, in runctx
    prof.runctx(statement, globals, locals)
  File "/usr/lib/python3.6/cProfile.py", line 100, in runctx
    exec(cmd, globals, locals)
  File "tagger_cuda.py", line 150, in <module>
    
  File "tagger_cuda.py", line 38, in __init__
    self.train(args.modelname, vocabsize, vocab_char_size, args.embedding_size,
  File "tagger_cuda.py", line 98, in train
    print("\t f1 micro \t", best_f1_micro)
TypeError: unsupported operand type(s) for /: 'list' and 'int'

-------------------------------------------------------------------------
epoch: 404
	 train loss: 	 4.096613709926605
-------------------------------------------------------------------------
epoch: 405
	 train loss: 	 4.10665822148323
-------------------------------------------------------------------------
epoch: 406
	 train loss: 	 4.098062530755997
-------------------------------------------------------------------------
epoch: 407
	 train loss: 	 4.097266842126846
-------------------------------------------------------------------------
epoch: 408
	 train loss: 	 4.096875147819519
-------------------------------------------------------------------------
epoch: 409
	 train loss: 	 4.101170266866684
-------------------------------------------------------------------------
epoch: 410
	 train loss: 	 4.098178033828735
-------------------------------------------------------------------------
epoch: 411
	 train loss: 	 4.098413721323014
-------------------------------------------------------------------------
epoch: 412
	 train loss: 	 4.099269154071808
-------------------------------------------------------------------------
epoch: 413
	 train loss: 	 4.100903577804566
-------------------------------------------------------------------------
epoch: 414
	 train loss: 	 4.09901780128479
-------------------------------------------------------------------------
epoch: 415
	 train loss: 	 4.098349550962448
-------------------------------------------------------------------------
epoch: 416
	 train loss: 	 4.103722417354584
-------------------------------------------------------------------------
epoch: 417
	 train loss: 	 4.102597217559815
-------------------------------------------------------------------------
epoch: 418
	 train loss: 	 4.097130888700486
-------------------------------------------------------------------------
epoch: 419
	 train loss: 	 4.099893369674683
-------------------------------------------------------------------------
epoch: 420
	 train loss: 	 4.101161314249039
-------------------------------------------------------------------------
epoch: 421
	 train loss: 	 4.100897361040115
-------------------------------------------------------------------------
epoch: 422
	 train loss: 	 4.103366271257401
-------------------------------------------------------------------------
epoch: 423
	 train loss: 	 4.101383332014084
-------------------------------------------------------------------------
epoch: 424
	 train loss: 	 4.100228137969971
-------------------------------------------------------------------------
epoch: 425
	 train loss: 	 4.098501297235489
-------------------------------------------------------------------------
epoch: 426
	 train loss: 	 4.099922907352448
-------------------------------------------------------------------------
epoch: 427
	 train loss: 	 4.10291473865509
-------------------------------------------------------------------------
epoch: 428
	 train loss: 	 4.097259979248047
-------------------------------------------------------------------------
epoch: 429
	 train loss: 	 4.096247273683548
-------------------------------------------------------------------------
epoch: 430
	 train loss: 	 4.097484376430511
-------------------------------------------------------------------------
epoch: 431
	 train loss: 	 4.098475493192673
-------------------------------------------------------------------------
epoch: 432
	 train loss: 	 4.098946325778961
-------------------------------------------------------------------------
epoch: 433
	 train loss: 	 4.101591882705688
-------------------------------------------------------------------------
epoch: 434
	 train loss: 	 4.102363022565842
-------------------------------------------------------------------------
epoch: 435
	 train loss: 	 4.101380671262741
-------------------------------------------------------------------------
epoch: 436
	 train loss: 	 4.109364265203476
-------------------------------------------------------------------------
epoch: 437
	 train loss: 	 4.098927121162415
-------------------------------------------------------------------------
epoch: 438
	 train loss: 	 4.097746958732605
-------------------------------------------------------------------------
epoch: 439
	 train loss: 	 4.0997566473484035
-------------------------------------------------------------------------
epoch: 440
	 train loss: 	 4.099736703634262
-------------------------------------------------------------------------
epoch: 441
	 train loss: 	 4.100889956951141
-------------------------------------------------------------------------
epoch: 442
	 train loss: 	 4.100534384250641
-------------------------------------------------------------------------
epoch: 443
	 train loss: 	 4.101115647554398
-------------------------------------------------------------------------
epoch: 444
	 train loss: 	 4.098886985778808
-------------------------------------------------------------------------
epoch: 445
	 train loss: 	 4.102043937444687
-------------------------------------------------------------------------
epoch: 446
	 train loss: 	 4.098443695306778
-------------------------------------------------------------------------
epoch: 447
	 train loss: 	 4.0955517411232
-------------------------------------------------------------------------
epoch: 448
	 train loss: 	 4.097560883760452
-------------------------------------------------------------------------
epoch: 449
	 train loss: 	 4.099460889101028
-------------------------------------------------------------------------
epoch: 450
	 train loss: 	 4.0971060919761655
-------------------------------------------------------------------------
epoch: 451
	 train loss: 	 4.105930999517441
-------------------------------------------------------------------------
epoch: 452
	 train loss: 	 4.098271902799606
-------------------------------------------------------------------------
epoch: 453
	 train loss: 	 4.097147825956345
-------------------------------------------------------------------------
epoch: 454
	 train loss: 	 4.097414249181748
-------------------------------------------------------------------------
epoch: 455
	 train loss: 	 4.100593099594116
-------------------------------------------------------------------------
epoch: 456
	 train loss: 	 4.095182725191116
-------------------------------------------------------------------------
epoch: 457
	 train loss: 	 4.098447114229202
-------------------------------------------------------------------------
epoch: 458
	 train loss: 	 4.096726142168045
-------------------------------------------------------------------------
epoch: 459
	 train loss: 	 4.100838794708252
-------------------------------------------------------------------------
epoch: 460
	 train loss: 	 4.096530326604843
-------------------------------------------------------------------------
epoch: 461
	 train loss: 	 4.140129050016403
-------------------------------------------------------------------------
epoch: 462
	 train loss: 	 4.098290097713471
-------------------------------------------------------------------------
epoch: 463
	 train loss: 	 4.099729006290436
-------------------------------------------------------------------------
epoch: 464
	 train loss: 	 4.09532408118248
-------------------------------------------------------------------------
epoch: 465
	 train loss: 	 4.096084084510803
-------------------------------------------------------------------------
epoch: 466
	 train loss: 	 4.0962482213974
-------------------------------------------------------------------------
epoch: 467
	 train loss: 	 4.097770735025406
-------------------------------------------------------------------------
epoch: 468
	 train loss: 	 4.096520183086395
-------------------------------------------------------------------------
epoch: 469
	 train loss: 	 4.097885189056396
-------------------------------------------------------------------------
epoch: 470
	 train loss: 	 4.1013230860233305
-------------------------------------------------------------------------
epoch: 471
	 train loss: 	 4.098466670513153
-------------------------------------------------------------------------
epoch: 472
	 train loss: 	 4.098241317272186
-------------------------------------------------------------------------
epoch: 473
	 train loss: 	 4.096999846696853
-------------------------------------------------------------------------
epoch: 474
	 train loss: 	 4.097874614000321
-------------------------------------------------------------------------
epoch: 475
	 train loss: 	 4.098210552930832
-------------------------------------------------------------------------
epoch: 476
	 train loss: 	 4.1092071843147275
-------------------------------------------------------------------------
epoch: 477
	 train loss: 	 4.1006991577148435
-------------------------------------------------------------------------
epoch: 478
	 train loss: 	 4.100028508901596
-------------------------------------------------------------------------
epoch: 479
	 train loss: 	 4.097351150512695
-------------------------------------------------------------------------
epoch: 480
	 train loss: 	 4.096595489978791
-------------------------------------------------------------------------
epoch: 481
	 train loss: 	 4.106879222393036
-------------------------------------------------------------------------
epoch: 482
	 train loss: 	 4.09766664147377
-------------------------------------------------------------------------
epoch: 483
	 train loss: 	 4.100059167146683
-------------------------------------------------------------------------
epoch: 484
	 train loss: 	 4.09725998044014
-------------------------------------------------------------------------
epoch: 485
	 train loss: 	 4.099077130556107
-------------------------------------------------------------------------
epoch: 486
	 train loss: 	 4.095851155519486
-------------------------------------------------------------------------
epoch: 487
	 train loss: 	 4.103241970539093
-------------------------------------------------------------------------
epoch: 488
	 train loss: 	 4.098907871246338
-------------------------------------------------------------------------
epoch: 489
	 train loss: 	 4.101366165876389
-------------------------------------------------------------------------
epoch: 490
	 train loss: 	 4.097771577835083
-------------------------------------------------------------------------
epoch: 491
	 train loss: 	 4.09920511007309
-------------------------------------------------------------------------
epoch: 492
	 train loss: 	 4.097528339624405
-------------------------------------------------------------------------
epoch: 493
	 train loss: 	 4.101513500213623
-------------------------------------------------------------------------
epoch: 494
	 train loss: 	 4.098507689237595
-------------------------------------------------------------------------
epoch: 495
	 train loss: 	 4.113214392662048
-------------------------------------------------------------------------
epoch: 496
	 train loss: 	 4.097515693902969
-------------------------------------------------------------------------
epoch: 497
	 train loss: 	 4.098022412061692
-------------------------------------------------------------------------
epoch: 498
	 train loss: 	 4.096617741584778
-------------------------------------------------------------------------
epoch: 499
	 train loss: 	 4.099428142309189
