slurmstepd-blau: error: Unable to create TMPDIR [/tmp/user/31667]: Permission denied
slurmstepd-blau: error: Setting TMPDIR to /tmp
-------------------------------------------------------------------------
Training BIOS tagger on Atis.json data set using Classic model
-------------------------------------------------------------------------
Model parameters: 
 number of epochs: 500 
 batch size: 20  
 embedding size: 100 
 hidden size: 200 
 learning rate: 0.01 
 regularisation factor: 0.01
-------------------------------------------------------------------------
epoch: 0
	 train loss: 	 4.422188801765442
	 dev loss 	 4.1942939186096195
	 acc 	 0.2027777777777778
	 f1 macro 	 0.049464958652458646
	 f1 micro 	 0.2027777777777778
-------------------------------------------------------------------------
epoch: 1
	 train loss: 	 4.13232434630394
-------------------------------------------------------------------------
epoch: 2
	 train loss: 	 4.09413941860199
-------------------------------------------------------------------------
epoch: 3
	 train loss: 	 4.090453768968582
-------------------------------------------------------------------------
epoch: 4
	 train loss: 	 4.091602326631546
-------------------------------------------------------------------------
epoch: 5
	 train loss: 	 4.0934874784946444
-------------------------------------------------------------------------
epoch: 6
	 train loss: 	 4.092288944721222
-------------------------------------------------------------------------
epoch: 7
	 train loss: 	 4.092377557754516
-------------------------------------------------------------------------
epoch: 8
	 train loss: 	 4.102719099521637
-------------------------------------------------------------------------
epoch: 9
	 train loss: 	 4.09406180024147
-------------------------------------------------------------------------
epoch: 10
	 train loss: 	 4.093123948574066
-------------------------------------------------------------------------
epoch: 11
	 train loss: 	 4.093524128198624
-------------------------------------------------------------------------
epoch: 12
	 train loss: 	 4.093462839126587
-------------------------------------------------------------------------
epoch: 13
	 train loss: 	 4.093406120538711
-------------------------------------------------------------------------
epoch: 14
	 train loss: 	 4.0977345311641695
-------------------------------------------------------------------------
epoch: 15
	 train loss: 	 4.099544867277145
-------------------------------------------------------------------------
epoch: 16
	 train loss: 	 4.092271797657013
-------------------------------------------------------------------------
epoch: 17
	 train loss: 	 4.092141555547714
-------------------------------------------------------------------------
epoch: 18
	 train loss: 	 4.090347366333008
-------------------------------------------------------------------------
epoch: 19
	 train loss: 	 4.092200738191605
-------------------------------------------------------------------------
epoch: 20
	 train loss: 	 4.090625026226044
-------------------------------------------------------------------------
epoch: 21
	 train loss: 	 4.094300609827042
-------------------------------------------------------------------------
epoch: 22
	 train loss: 	 4.091092427968979
-------------------------------------------------------------------------
epoch: 23
	 train loss: 	 4.0951680290699
-------------------------------------------------------------------------
epoch: 24
	 train loss: 	 4.092633402347564
-------------------------------------------------------------------------
epoch: 25
	 train loss: 	 4.0921734893321995
-------------------------------------------------------------------------
epoch: 26
	 train loss: 	 4.095484515428543
-------------------------------------------------------------------------
epoch: 27
	 train loss: 	 4.092333616018295
-------------------------------------------------------------------------
epoch: 28
	 train loss: 	 4.091980210542679
-------------------------------------------------------------------------
epoch: 29
	 train loss: 	 4.0959879696369175
-------------------------------------------------------------------------
epoch: 30
	 train loss: 	 4.095909806489945
-------------------------------------------------------------------------
epoch: 31
	 train loss: 	 4.09221141576767
-------------------------------------------------------------------------
epoch: 32
	 train loss: 	 4.091900894641876
-------------------------------------------------------------------------
epoch: 33
	 train loss: 	 4.092339628934861
-------------------------------------------------------------------------
epoch: 34
	 train loss: 	 4.0930740571022035
-------------------------------------------------------------------------
epoch: 35
	 train loss: 	 4.098073383569718
-------------------------------------------------------------------------
epoch: 36
	 train loss: 	 4.093391644954681
-------------------------------------------------------------------------
epoch: 37
	 train loss: 	 4.091909350156784
-------------------------------------------------------------------------
epoch: 38
	 train loss: 	 4.091763610839844
-------------------------------------------------------------------------
epoch: 39
	 train loss: 	 4.099805500507355
-------------------------------------------------------------------------
epoch: 40
	 train loss: 	 4.090740519762039
-------------------------------------------------------------------------
epoch: 41
	 train loss: 	 4.091696145534516
-------------------------------------------------------------------------
epoch: 42
	 train loss: 	 4.091849625110626
-------------------------------------------------------------------------
epoch: 43
	 train loss: 	 4.090875546932221
-------------------------------------------------------------------------
epoch: 44
	 train loss: 	 4.093446182012558
-------------------------------------------------------------------------
epoch: 45
	 train loss: 	 4.092683181762696
-------------------------------------------------------------------------
epoch: 46
	 train loss: 	 4.095771389007568
-------------------------------------------------------------------------
epoch: 47
	 train loss: 	 4.0922743618488315
-------------------------------------------------------------------------
epoch: 48
	 train loss: 	 4.090832958221435
-------------------------------------------------------------------------
epoch: 49
	 train loss: 	 4.0931465113162995
-------------------------------------------------------------------------
epoch: 50
	 train loss: 	 4.092021408081055
-------------------------------------------------------------------------
epoch: 51
	 train loss: 	 4.092350255250931
-------------------------------------------------------------------------
epoch: 52
	 train loss: 	 4.092649099826812
-------------------------------------------------------------------------
epoch: 53
	 train loss: 	 4.096909563541413
-------------------------------------------------------------------------
epoch: 54
	 train loss: 	 4.092399302721024
-------------------------------------------------------------------------
epoch: 55
	 train loss: 	 4.091812837123871
-------------------------------------------------------------------------
epoch: 56
	 train loss: 	 4.091682794094086
-------------------------------------------------------------------------
epoch: 57
	 train loss: 	 4.0951141929626464
-------------------------------------------------------------------------
epoch: 58
	 train loss: 	 4.092963378429413
-------------------------------------------------------------------------
epoch: 59
	 train loss: 	 4.100591435432434
-------------------------------------------------------------------------
epoch: 60
	 train loss: 	 4.09266502737999
-------------------------------------------------------------------------
epoch: 61
	 train loss: 	 4.091913591623307
-------------------------------------------------------------------------
epoch: 62
	 train loss: 	 4.0911833906173705
-------------------------------------------------------------------------
epoch: 63
	 train loss: 	 4.094990175962448
-------------------------------------------------------------------------
epoch: 64
	 train loss: 	 4.091332825422287
-------------------------------------------------------------------------
epoch: 65
	 train loss: 	 4.091928718090057
-------------------------------------------------------------------------
epoch: 66
	 train loss: 	 4.092191542387009
-------------------------------------------------------------------------
epoch: 67
	 train loss: 	 4.093025522232056
-------------------------------------------------------------------------
epoch: 68
	 train loss: 	 4.095085537433624
-------------------------------------------------------------------------
epoch: 69
	 train loss: 	 4.092437829971313
-------------------------------------------------------------------------
epoch: 70
	 train loss: 	 4.094959660768509
-------------------------------------------------------------------------
epoch: 71
	 train loss: 	 4.091342695951462
-------------------------------------------------------------------------
epoch: 72
	 train loss: 	 4.0953299677371975
-------------------------------------------------------------------------
epoch: 73
	 train loss: 	 4.092926422357559
-------------------------------------------------------------------------
epoch: 74
	 train loss: 	 4.091551171541214
-------------------------------------------------------------------------
epoch: 75
	 train loss: 	 4.092102415561676
-------------------------------------------------------------------------
epoch: 76
	 train loss: 	 4.091838705539703
-------------------------------------------------------------------------
epoch: 77
	 train loss: 	 4.093183652162552
-------------------------------------------------------------------------
epoch: 78
	 train loss: 	 4.096795659065247
-------------------------------------------------------------------------
epoch: 79
	 train loss: 	 4.093237724304199
-------------------------------------------------------------------------
epoch: 80
	 train loss: 	 4.096300368309021
-------------------------------------------------------------------------
epoch: 81
	 train loss: 	 4.098636454343795
-------------------------------------------------------------------------
epoch: 82
	 train loss: 	 4.0928099155426025
-------------------------------------------------------------------------
epoch: 83
	 train loss: 	 4.091264865398407
-------------------------------------------------------------------------
epoch: 84
	 train loss: 	 4.091153473854065
-------------------------------------------------------------------------
epoch: 85
	 train loss: 	 4.092231096029281
-------------------------------------------------------------------------
epoch: 86
	 train loss: 	 4.097494497299194
-------------------------------------------------------------------------
epoch: 87
	 train loss: 	 4.091897741556168
-------------------------------------------------------------------------
epoch: 88
	 train loss: 	 4.092041218280793
-------------------------------------------------------------------------
epoch: 89
	 train loss: 	 4.092409261465073
-------------------------------------------------------------------------
epoch: 90
	 train loss: 	 4.092973155975342
-------------------------------------------------------------------------
epoch: 91
	 train loss: 	 4.09168571472168
-------------------------------------------------------------------------
epoch: 92
	 train loss: 	 4.091586221456527
-------------------------------------------------------------------------
epoch: 93
	 train loss: 	 4.095591570138931
-------------------------------------------------------------------------
epoch: 94
	 train loss: 	 4.092046905755996
-------------------------------------------------------------------------
epoch: 95
	 train loss: 	 4.096473085880279
-------------------------------------------------------------------------
epoch: 96
	 train loss: 	 4.092524583339691
-------------------------------------------------------------------------
epoch: 97
	 train loss: 	 4.091730126142502
-------------------------------------------------------------------------
epoch: 98
	 train loss: 	 4.0916671979427335
-------------------------------------------------------------------------
epoch: 99
	 train loss: 	 4.098246803283692
-------------------------------------------------------------------------
epoch: 100
	 train loss: 	 4.092899988889695
	 dev loss 	 4.0802471685409545
	 acc 	 0.20882352941176463
	 f1 macro 	 0.059482541290989135
	 f1 micro 	 0.20882352941176463
-------------------------------------------------------------------------
epoch: 101
	 train loss: 	 4.092158197164536
-------------------------------------------------------------------------
epoch: 102
	 train loss: 	 4.092428213357925
-------------------------------------------------------------------------
epoch: 103
	 train loss: 	 4.0918760895729065
-------------------------------------------------------------------------
epoch: 104
	 train loss: 	 4.091847885847091
-------------------------------------------------------------------------
epoch: 105
	 train loss: 	 4.095520479679108
-------------------------------------------------------------------------
epoch: 106
	 train loss: 	 4.091203910112381
-------------------------------------------------------------------------
epoch: 107
	 train loss: 	 4.0914413094520565
-------------------------------------------------------------------------
epoch: 108
	 train loss: 	 4.090995137691498
-------------------------------------------------------------------------
epoch: 109
	 train loss: 	 4.093369296789169
-------------------------------------------------------------------------
epoch: 110
	 train loss: 	 4.093369385004044
-------------------------------------------------------------------------
epoch: 111
	 train loss: 	 4.091078091859817
-------------------------------------------------------------------------
epoch: 112
	 train loss: 	 4.091669486761093
-------------------------------------------------------------------------
epoch: 113
	 train loss: 	 4.096323825120926
-------------------------------------------------------------------------
epoch: 114
	 train loss: 	 4.09216677069664
-------------------------------------------------------------------------
epoch: 115
	 train loss: 	 4.0937262523174285
-------------------------------------------------------------------------
epoch: 116
	 train loss: 	 4.096407649517059
-------------------------------------------------------------------------
epoch: 117
	 train loss: 	 4.09363114118576
-------------------------------------------------------------------------
epoch: 118
	 train loss: 	 4.092426277399063
-------------------------------------------------------------------------
epoch: 119
	 train loss: 	 4.09162015914917
-------------------------------------------------------------------------
epoch: 120
	 train loss: 	 4.090589104890824
-------------------------------------------------------------------------
epoch: 121
	 train loss: 	 4.110069745779038
-------------------------------------------------------------------------
epoch: 122
	 train loss: 	 4.092302067279816
-------------------------------------------------------------------------
epoch: 123
	 train loss: 	 4.091399112939834
-------------------------------------------------------------------------
epoch: 124
	 train loss: 	 4.092232353687287
-------------------------------------------------------------------------
epoch: 125
	 train loss: 	 4.090782526731491
-------------------------------------------------------------------------
epoch: 126
	 train loss: 	 4.091438267230988
-------------------------------------------------------------------------
epoch: 127
	 train loss: 	 4.094717473983764
-------------------------------------------------------------------------
epoch: 128
	 train loss: 	 4.09197296500206
-------------------------------------------------------------------------
epoch: 129
	 train loss: 	 4.094585094451904
-------------------------------------------------------------------------
epoch: 130
	 train loss: 	 4.092031600475312
-------------------------------------------------------------------------
epoch: 131
	 train loss: 	 4.091668635606766
-------------------------------------------------------------------------
epoch: 132
	 train loss: 	 4.0939264523983
-------------------------------------------------------------------------
epoch: 133
	 train loss: 	 4.092816842794418
-------------------------------------------------------------------------
epoch: 134
	 train loss: 	 4.094826200008392
-------------------------------------------------------------------------
epoch: 135
	 train loss: 	 4.0932390034198765
-------------------------------------------------------------------------
epoch: 136
	 train loss: 	 4.093354655504227
-------------------------------------------------------------------------
epoch: 137
	 train loss: 	 4.090957576036454
-------------------------------------------------------------------------
epoch: 138
	 train loss: 	 4.094651988744736
-------------------------------------------------------------------------
epoch: 139
	 train loss: 	 4.091617584228516
-------------------------------------------------------------------------
epoch: 140
	 train loss: 	 4.091256605386734
-------------------------------------------------------------------------
epoch: 141
	 train loss: 	 4.0929293537139895
-------------------------------------------------------------------------
epoch: 142
	 train loss: 	 4.095512256622315
-------------------------------------------------------------------------
epoch: 143
	 train loss: 	 4.093090822696686
-------------------------------------------------------------------------
epoch: 144
	 train loss: 	 4.092317905426025
-------------------------------------------------------------------------
epoch: 145
	 train loss: 	 4.092447731494904
-------------------------------------------------------------------------
epoch: 146
	 train loss: 	 4.09311663031578
-------------------------------------------------------------------------
epoch: 147
	 train loss: 	 4.09447090268135
-------------------------------------------------------------------------
epoch: 148
	 train loss: 	 4.092475162744522
-------------------------------------------------------------------------
epoch: 149
	 train loss: 	 4.091441346406937
-------------------------------------------------------------------------
epoch: 150
	 train loss: 	 4.096716773509979
-------------------------------------------------------------------------
epoch: 151
	 train loss: 	 4.096631897687912
-------------------------------------------------------------------------
epoch: 152
	 train loss: 	 4.091888952255249
-------------------------------------------------------------------------
epoch: 153
	 train loss: 	 4.092401013374329
-------------------------------------------------------------------------
epoch: 154
	 train loss: 	 4.091762640476227
-------------------------------------------------------------------------
epoch: 155
	 train loss: 	 4.098991597890854
-------------------------------------------------------------------------
epoch: 156
	 train loss: 	 4.091442880630493
-------------------------------------------------------------------------
epoch: 157
	 train loss: 	 4.093166028261185
-------------------------------------------------------------------------
epoch: 158
	 train loss: 	 4.091338481903076
-------------------------------------------------------------------------
epoch: 159
	 train loss: 	 4.0916706824302675
-------------------------------------------------------------------------
epoch: 160
	 train loss: 	 4.091804385185242
-------------------------------------------------------------------------
epoch: 161
	 train loss: 	 4.095040037631988
-------------------------------------------------------------------------
epoch: 162
	 train loss: 	 4.092017529010772
-------------------------------------------------------------------------
epoch: 163
	 train loss: 	 4.09243796825409
-------------------------------------------------------------------------
epoch: 164
	 train loss: 	 4.093048471212387
-------------------------------------------------------------------------
epoch: 165
	 train loss: 	 4.098121514320374
-------------------------------------------------------------------------
epoch: 166
	 train loss: 	 4.09260336637497
-------------------------------------------------------------------------
epoch: 167
	 train loss: 	 4.091597193479538
-------------------------------------------------------------------------
epoch: 168
	 train loss: 	 4.091177504062653
-------------------------------------------------------------------------
epoch: 169
	 train loss: 	 4.0965028059482576
-------------------------------------------------------------------------
epoch: 170
	 train loss: 	 4.091204851865768
-------------------------------------------------------------------------
epoch: 171
	 train loss: 	 4.092214949131012
-------------------------------------------------------------------------
epoch: 172
	 train loss: 	 4.0917440390586854
-------------------------------------------------------------------------
epoch: 173
	 train loss: 	 4.09054343342781
-------------------------------------------------------------------------
epoch: 174
	 train loss: 	 4.092604413032531
-------------------------------------------------------------------------
epoch: 175
	 train loss: 	 4.090987919569016
-------------------------------------------------------------------------
epoch: 176
	 train loss: 	 4.0913500201702115
-------------------------------------------------------------------------
epoch: 177
	 train loss: 	 4.093912835121155
-------------------------------------------------------------------------
epoch: 178
	 train loss: 	 4.1029291081428525
-------------------------------------------------------------------------
epoch: 179
	 train loss: 	 4.092668246030808
-------------------------------------------------------------------------
epoch: 180
	 train loss: 	 4.091846725940704
-------------------------------------------------------------------------
epoch: 181
	 train loss: 	 4.091532611846924
-------------------------------------------------------------------------
epoch: 182
	 train loss: 	 4.092178001403808
-------------------------------------------------------------------------
epoch: 183
	 train loss: 	 4.091478867530823
-------------------------------------------------------------------------
epoch: 184
	 train loss: 	 4.096938534975052
-------------------------------------------------------------------------
epoch: 185
	 train loss: 	 4.0910478246212
-------------------------------------------------------------------------
epoch: 186
	 train loss: 	 4.093915897607803
-------------------------------------------------------------------------
epoch: 187
	 train loss: 	 4.091686741113663
-------------------------------------------------------------------------
epoch: 188
	 train loss: 	 4.097187789678574
-------------------------------------------------------------------------
epoch: 189
	 train loss: 	 4.091981769800186
-------------------------------------------------------------------------
epoch: 190
	 train loss: 	 4.090963600873947
-------------------------------------------------------------------------
epoch: 191
	 train loss: 	 4.091429513692856
-------------------------------------------------------------------------
epoch: 192
	 train loss: 	 4.095939701795578
-------------------------------------------------------------------------
epoch: 193
	 train loss: 	 4.090584354400635
-------------------------------------------------------------------------
epoch: 194
	 train loss: 	 4.096595820188522
-------------------------------------------------------------------------
epoch: 195
	 train loss: 	 4.093359136581421
-------------------------------------------------------------------------
epoch: 196
	 train loss: 	 4.092362084388733
-------------------------------------------------------------------------
epoch: 197
	 train loss: 	 4.094595470428467
-------------------------------------------------------------------------
epoch: 198
	 train loss: 	 4.0910455358028415
-------------------------------------------------------------------------
epoch: 199
	 train loss: 	 4.096332304477691
-------------------------------------------------------------------------
epoch: 200
	 train loss: 	 4.092579855918884
	 dev loss 	 4.079744009971619
	 acc 	 0.20882352941176463
	 f1 macro 	 0.059482541290989135
	 f1 micro 	 0.20882352941176463
-------------------------------------------------------------------------
epoch: 201
	 train loss: 	 4.0917292499542235
-------------------------------------------------------------------------
epoch: 202
	 train loss: 	 4.094842395782471
-------------------------------------------------------------------------
epoch: 203
	 train loss: 	 4.092787473201752
-------------------------------------------------------------------------
epoch: 204
	 train loss: 	 4.093370188474655
-------------------------------------------------------------------------
epoch: 205
	 train loss: 	 4.0919148480892185
-------------------------------------------------------------------------
epoch: 206
	 train loss: 	 4.092486540079117
-------------------------------------------------------------------------
epoch: 207
	 train loss: 	 4.0937189662456515
-------------------------------------------------------------------------
epoch: 208
	 train loss: 	 4.091954386234283
-------------------------------------------------------------------------
epoch: 209
	 train loss: 	 4.091897888183594
-------------------------------------------------------------------------
epoch: 210
	 train loss: 	 4.091341131925583
-------------------------------------------------------------------------
epoch: 211
	 train loss: 	 4.100108273029328
-------------------------------------------------------------------------
epoch: 212
	 train loss: 	 4.092259012460708
-------------------------------------------------------------------------
epoch: 213
	 train loss: 	 4.091470017433166
-------------------------------------------------------------------------
epoch: 214
	 train loss: 	 4.090678366422654
-------------------------------------------------------------------------
epoch: 215
	 train loss: 	 4.091379715204239
-------------------------------------------------------------------------
epoch: 216
	 train loss: 	 4.097369830608368
-------------------------------------------------------------------------
epoch: 217
	 train loss: 	 4.092204673290253
-------------------------------------------------------------------------
epoch: 218
	 train loss: 	 4.091586080789566
-------------------------------------------------------------------------
epoch: 219
	 train loss: 	 4.092977737188339
-------------------------------------------------------------------------
epoch: 220
	 train loss: 	 4.096969358921051
-------------------------------------------------------------------------
epoch: 221
	 train loss: 	 4.091944071054459
-------------------------------------------------------------------------
epoch: 222
	 train loss: 	 4.091895121335983
-------------------------------------------------------------------------
epoch: 223
	 train loss: 	 4.0933876287937165
-------------------------------------------------------------------------
epoch: 224
	 train loss: 	 4.090808429718018
-------------------------------------------------------------------------
epoch: 225
	 train loss: 	 4.092444045543671
-------------------------------------------------------------------------
epoch: 226
	 train loss: 	 4.096326520442963
-------------------------------------------------------------------------
epoch: 227
	 train loss: 	 4.092124030590058
-------------------------------------------------------------------------
epoch: 228
	 train loss: 	 4.092348855733872
-------------------------------------------------------------------------
epoch: 229
	 train loss: 	 4.0949105036258695
-------------------------------------------------------------------------
epoch: 230
	 train loss: 	 4.09095025062561
-------------------------------------------------------------------------
epoch: 231
	 train loss: 	 4.092288942337036
-------------------------------------------------------------------------
epoch: 232
	 train loss: 	 4.0949014544487
-------------------------------------------------------------------------
epoch: 233
	 train loss: 	 4.091776205301285
-------------------------------------------------------------------------
epoch: 234
	 train loss: 	 4.09570419549942
-------------------------------------------------------------------------
epoch: 235
	 train loss: 	 4.095654363632202
-------------------------------------------------------------------------
epoch: 236
	 train loss: 	 4.0912215566635135
-------------------------------------------------------------------------
epoch: 237
	 train loss: 	 4.0913019108772275
-------------------------------------------------------------------------
epoch: 238
	 train loss: 	 4.095428646802902
-------------------------------------------------------------------------
epoch: 239
	 train loss: 	 4.091528433561325
-------------------------------------------------------------------------
epoch: 240
	 train loss: 	 4.092892949581146
-------------------------------------------------------------------------
epoch: 241
	 train loss: 	 4.096517205238342
-------------------------------------------------------------------------
epoch: 242
	 train loss: 	 4.092772625684738
-------------------------------------------------------------------------
epoch: 243
	 train loss: 	 4.091926039457321
-------------------------------------------------------------------------
epoch: 244
	 train loss: 	 4.09078887462616
-------------------------------------------------------------------------
epoch: 245
	 train loss: 	 4.097212089300156
-------------------------------------------------------------------------
epoch: 246
	 train loss: 	 4.0921119272708895
-------------------------------------------------------------------------
epoch: 247
	 train loss: 	 4.090620638132095
-------------------------------------------------------------------------
epoch: 248
	 train loss: 	 4.0917757439613345
-------------------------------------------------------------------------
epoch: 249
	 train loss: 	 4.093009852170944
-------------------------------------------------------------------------
epoch: 250
	 train loss: 	 4.09391050696373
-------------------------------------------------------------------------
epoch: 251
	 train loss: 	 4.095251826047897
-------------------------------------------------------------------------
epoch: 252
	 train loss: 	 4.09317546248436
-------------------------------------------------------------------------
epoch: 253
	 train loss: 	 4.091593935489654
-------------------------------------------------------------------------
epoch: 254
	 train loss: 	 4.09310025215149
-------------------------------------------------------------------------
epoch: 255
	 train loss: 	 4.0920432651042935
-------------------------------------------------------------------------
epoch: 256
	 train loss: 	 4.099721148014068
-------------------------------------------------------------------------
epoch: 257
	 train loss: 	 4.092796589136124
-------------------------------------------------------------------------
epoch: 258
	 train loss: 	 4.090976375341415
-------------------------------------------------------------------------
epoch: 259
	 train loss: 	 4.091089226007462
-------------------------------------------------------------------------
epoch: 260
	 train loss: 	 4.090348544120789
-------------------------------------------------------------------------
epoch: 261
	 train loss: 	 4.0993681657314305
-------------------------------------------------------------------------
epoch: 262
	 train loss: 	 4.0971235692501065
-------------------------------------------------------------------------
epoch: 263
	 train loss: 	 4.092181829214096
-------------------------------------------------------------------------
epoch: 264
	 train loss: 	 4.091637852191925
-------------------------------------------------------------------------
epoch: 265
	 train loss: 	 4.091820125579834
-------------------------------------------------------------------------
epoch: 266
	 train loss: 	 4.091576865911484
-------------------------------------------------------------------------
epoch: 267
	 train loss: 	 4.097031438350678
-------------------------------------------------------------------------
epoch: 268
	 train loss: 	 4.092553074359894
-------------------------------------------------------------------------
epoch: 269
	 train loss: 	 4.091649293899536
-------------------------------------------------------------------------
epoch: 270
	 train loss: 	 4.092141736745834
-------------------------------------------------------------------------
epoch: 271
	 train loss: 	 4.091900269985199
-------------------------------------------------------------------------
epoch: 272
	 train loss: 	 4.094497526884079
-------------------------------------------------------------------------
epoch: 273
	 train loss: 	 4.0919089543819425
-------------------------------------------------------------------------
epoch: 274
	 train loss: 	 4.091884208917618
-------------------------------------------------------------------------
epoch: 275
	 train loss: 	 4.0925844860076905
-------------------------------------------------------------------------
epoch: 276
	 train loss: 	 4.095059095621109
-------------------------------------------------------------------------
epoch: 277
	 train loss: 	 4.0920673739910125
-------------------------------------------------------------------------
epoch: 278
	 train loss: 	 4.096376118659973
-------------------------------------------------------------------------
epoch: 279
	 train loss: 	 4.092603536844254
-------------------------------------------------------------------------
epoch: 280
	 train loss: 	 4.092713799476623
-------------------------------------------------------------------------
epoch: 281
	 train loss: 	 4.093881587982178
-------------------------------------------------------------------------
epoch: 282
	 train loss: 	 4.091337617635727
-------------------------------------------------------------------------
epoch: 283
	 train loss: 	 4.098072465658188
-------------------------------------------------------------------------
epoch: 284
	 train loss: 	 4.092836393117905
-------------------------------------------------------------------------
epoch: 285
	 train loss: 	 4.094066070318222
-------------------------------------------------------------------------
epoch: 286
	 train loss: 	 4.091902083158493
-------------------------------------------------------------------------
epoch: 287
	 train loss: 	 4.092507333755493
-------------------------------------------------------------------------
epoch: 288
	 train loss: 	 4.091539816856384
-------------------------------------------------------------------------
epoch: 289
	 train loss: 	 4.092622880935669
-------------------------------------------------------------------------
epoch: 290
	 train loss: 	 4.093845611810684
-------------------------------------------------------------------------
epoch: 291
	 train loss: 	 4.092712069749832
-------------------------------------------------------------------------
epoch: 292
	 train loss: 	 4.0916140377521515
-------------------------------------------------------------------------
epoch: 293
	 train loss: 	 4.0964114952087405
-------------------------------------------------------------------------
epoch: 294
	 train loss: 	 4.1042997479438785
-------------------------------------------------------------------------
epoch: 295
	 train loss: 	 4.092396464347839
-------------------------------------------------------------------------
epoch: 296
	 train loss: 	 4.092074440717697
-------------------------------------------------------------------------
epoch: 297
	 train loss: 	 4.091976078748703
-------------------------------------------------------------------------
epoch: 298
	 train loss: 	 4.090691287517547
-------------------------------------------------------------------------
epoch: 299
	 train loss: 	 4.091711722612381
-------------------------------------------------------------------------
epoch: 300
	 train loss: 	 4.09232509970665
	 dev loss 	 4.08189772605896
	 acc 	 0.20882352941176463
	 f1 macro 	 0.059482541290989135
	 f1 micro 	 0.20882352941176463
-------------------------------------------------------------------------
epoch: 301
	 train loss: 	 4.098748534917831
-------------------------------------------------------------------------
epoch: 302
	 train loss: 	 4.090742262601853
-------------------------------------------------------------------------
epoch: 303
	 train loss: 	 4.093144936561584
-------------------------------------------------------------------------
epoch: 304
	 train loss: 	 4.092778092622757
-------------------------------------------------------------------------
epoch: 305
	 train loss: 	 4.098233224153518
-------------------------------------------------------------------------
epoch: 306
	 train loss: 	 4.092474009990692
-------------------------------------------------------------------------
epoch: 307
	 train loss: 	 4.092488731145859
-------------------------------------------------------------------------
epoch: 308
	 train loss: 	 4.091854649782181
-------------------------------------------------------------------------
epoch: 309
	 train loss: 	 4.095866525173188
-------------------------------------------------------------------------
epoch: 310
	 train loss: 	 4.092291017770767
-------------------------------------------------------------------------
epoch: 311
	 train loss: 	 4.092994358539581
-------------------------------------------------------------------------
epoch: 312
	 train loss: 	 4.092814911603927
-------------------------------------------------------------------------
epoch: 313
	 train loss: 	 4.095162862539292
-------------------------------------------------------------------------
epoch: 314
	 train loss: 	 4.091598564386368
-------------------------------------------------------------------------
epoch: 315
	 train loss: 	 4.09447149515152
-------------------------------------------------------------------------
epoch: 316
	 train loss: 	 4.092091919183731
-------------------------------------------------------------------------
epoch: 317
	 train loss: 	 4.091684272289276
-------------------------------------------------------------------------
epoch: 318
	 train loss: 	 4.091940191984176
-------------------------------------------------------------------------
epoch: 319
	 train loss: 	 4.094691745042801
-------------------------------------------------------------------------
epoch: 320
	 train loss: 	 4.0910609126091
-------------------------------------------------------------------------
epoch: 321
	 train loss: 	 4.095009754896164
-------------------------------------------------------------------------
epoch: 322
	 train loss: 	 4.091974152326584
-------------------------------------------------------------------------
epoch: 323
	 train loss: 	 4.094310705661774
-------------------------------------------------------------------------
epoch: 324
	 train loss: 	 4.091901154518127
-------------------------------------------------------------------------
epoch: 325
	 train loss: 	 4.092950856685638
-------------------------------------------------------------------------
epoch: 326
	 train loss: 	 4.093153204917908
-------------------------------------------------------------------------
epoch: 327
	 train loss: 	 4.095448851585388
-------------------------------------------------------------------------
epoch: 328
	 train loss: 	 4.092113076448441
-------------------------------------------------------------------------
epoch: 329
	 train loss: 	 4.0922265410423275
-------------------------------------------------------------------------
epoch: 330
	 train loss: 	 4.092008011341095
-------------------------------------------------------------------------
epoch: 331
	 train loss: 	 4.092695587873459
-------------------------------------------------------------------------
epoch: 332
	 train loss: 	 4.095831516981125
-------------------------------------------------------------------------
epoch: 333
	 train loss: 	 4.10201785326004
-------------------------------------------------------------------------
epoch: 334
	 train loss: 	 4.0911141204833985
-------------------------------------------------------------------------
epoch: 335
	 train loss: 	 4.090944737195969
-------------------------------------------------------------------------
epoch: 336
	 train loss: 	 4.091619894504547
-------------------------------------------------------------------------
epoch: 337
	 train loss: 	 4.09264527797699
-------------------------------------------------------------------------
epoch: 338
	 train loss: 	 4.091572511196136
-------------------------------------------------------------------------
epoch: 339
	 train loss: 	 4.095746595859527
-------------------------------------------------------------------------
epoch: 340
	 train loss: 	 4.091943488121033
-------------------------------------------------------------------------
epoch: 341
	 train loss: 	 4.092292579412461
-------------------------------------------------------------------------
epoch: 342
	 train loss: 	 4.092111885547638
-------------------------------------------------------------------------
epoch: 343
	 train loss: 	 4.093454796075821
-------------------------------------------------------------------------
epoch: 344
	 train loss: 	 4.093475234508515
-------------------------------------------------------------------------
epoch: 345
	 train loss: 	 4.091472455263138
-------------------------------------------------------------------------
epoch: 346
	 train loss: 	 4.098523942232132
-------------------------------------------------------------------------
epoch: 347
	 train loss: 	 4.092114895582199
-------------------------------------------------------------------------
epoch: 348
	 train loss: 	 4.094532024860382
-------------------------------------------------------------------------
epoch: 349
	 train loss: 	 4.093000221252441
-------------------------------------------------------------------------
epoch: 350
	 train loss: 	 4.092204911708832
-------------------------------------------------------------------------
epoch: 351
	 train loss: 	 4.096804027557373
-------------------------------------------------------------------------
epoch: 352
	 train loss: 	 4.092211685180664
-------------------------------------------------------------------------
epoch: 353
	 train loss: 	 4.093206992149353
-------------------------------------------------------------------------
epoch: 354
	 train loss: 	 4.0929236769676205
-------------------------------------------------------------------------
epoch: 355
	 train loss: 	 4.160163646936416
-------------------------------------------------------------------------
epoch: 356
	 train loss: 	 4.093699886798858
-------------------------------------------------------------------------
epoch: 357
	 train loss: 	 4.088610917329788
-------------------------------------------------------------------------
epoch: 358
	 train loss: 	 4.090021290779114
-------------------------------------------------------------------------
epoch: 359
	 train loss: 	 4.090172837972641
-------------------------------------------------------------------------
epoch: 360
	 train loss: 	 4.090732507705688
-------------------------------------------------------------------------
epoch: 361
	 train loss: 	 4.089302244186402
-------------------------------------------------------------------------
epoch: 362
	 train loss: 	 4.091055870056152
-------------------------------------------------------------------------
epoch: 363
	 train loss: 	 4.091376402378082
-------------------------------------------------------------------------
epoch: 364
	 train loss: 	 4.090549359321594
-------------------------------------------------------------------------
epoch: 365
	 train loss: 	 4.091009330749512
-------------------------------------------------------------------------
epoch: 366
	 train loss: 	 4.091538081169128
-------------------------------------------------------------------------
epoch: 367
	 train loss: 	 4.092375949621201
-------------------------------------------------------------------------
epoch: 368
	 train loss: 	 4.092747894525528
-------------------------------------------------------------------------
epoch: 369
	 train loss: 	 4.096887499094009
-------------------------------------------------------------------------
epoch: 370
	 train loss: 	 4.092183060646057
-------------------------------------------------------------------------
epoch: 371
	 train loss: 	 4.0913793194293975
-------------------------------------------------------------------------
epoch: 372
	 train loss: 	 4.092135634422302
-------------------------------------------------------------------------
epoch: 373
	 train loss: 	 4.096718047857284
-------------------------------------------------------------------------
epoch: 374
	 train loss: 	 4.091441534757614
-------------------------------------------------------------------------
epoch: 375
	 train loss: 	 4.091321969032288
-------------------------------------------------------------------------
epoch: 376
	 train loss: 	 4.091774369478226
-------------------------------------------------------------------------
epoch: 377
	 train loss: 	 4.0945881795883174
-------------------------------------------------------------------------
epoch: 378
	 train loss: 	 4.091999627351761
-------------------------------------------------------------------------
epoch: 379
	 train loss: 	 4.095862383842468
-------------------------------------------------------------------------
epoch: 380
	 train loss: 	 4.0917071843147275
-------------------------------------------------------------------------
epoch: 381
	 train loss: 	 4.095279496908188
-------------------------------------------------------------------------
epoch: 382
	 train loss: 	 4.091062167882919
-------------------------------------------------------------------------
epoch: 383
	 train loss: 	 4.0917727208137515
-------------------------------------------------------------------------
epoch: 384
	 train loss: 	 4.092770347595215
-------------------------------------------------------------------------
epoch: 385
	 train loss: 	 4.092758884429932
-------------------------------------------------------------------------
epoch: 386
	 train loss: 	 4.092471692562103
-------------------------------------------------------------------------
epoch: 387
	 train loss: 	 4.09426384806633
-------------------------------------------------------------------------
epoch: 388
	 train loss: 	 4.092938358783722
-------------------------------------------------------------------------
epoch: 389
	 train loss: 	 4.0919972360134125
-------------------------------------------------------------------------
epoch: 390
	 train loss: 	 4.093743603229523
-------------------------------------------------------------------------
epoch: 391
	 train loss: 	 4.092595906257629
-------------------------------------------------------------------------
epoch: 392
	 train loss: 	 4.096414688825607
-------------------------------------------------------------------------
epoch: 393
	 train loss: 	 4.09108923792839
-------------------------------------------------------------------------
epoch: 394
	 train loss: 	 4.09277363538742
-------------------------------------------------------------------------
epoch: 395
	 train loss: 	 4.098265575170517
-------------------------------------------------------------------------
epoch: 396
	 train loss: 	 4.091408081054688
-------------------------------------------------------------------------
epoch: 397
	 train loss: 	 4.091189150810242
-------------------------------------------------------------------------
epoch: 398
	 train loss: 	 4.08964488863945
-------------------------------------------------------------------------
epoch: 399
	 train loss: 	 4.092084318399429
-------------------------------------------------------------------------
epoch: 400
	 train loss: 	 4.093869225978851
	 dev loss 	 4.080342645645142
	 acc 	 0.20882352941176463
	 f1 macro 	 0.059482541290989135
	 f1 micro 	 0.20882352941176463
-------------------------------------------------------------------------
epoch: 401
	 train loss: 	 4.0981414818763735
-------------------------------------------------------------------------
epoch: 402
	 train loss: 	 4.092236535549164
-------------------------------------------------------------------------
epoch: 403
	 train loss: 	 4.091534332036972
-------------------------------------------------------------------------
epoch: 404
	 train loss: 	 4.092047246694565
-------------------------------------------------------------------------
epoch: 405
	 train loss: 	 4.093815882205963
-------------------------------------------------------------------------/home/st/steinberga/.local/lib/python3.6/site-packages/sklearn/metrics/classification.py:1143: UndefinedMetricWarning: F-score is ill-defined and being set to 0.0 in labels with no predicted samples.
  'precision', 'predicted', average, warn_for)
/home/st/steinberga/.local/lib/python3.6/site-packages/sklearn/metrics/classification.py:1145: UndefinedMetricWarning: F-score is ill-defined and being set to 0.0 in labels with no true samples.
  'recall', 'true', average, warn_for)
Traceback (most recent call last):
  File "/usr/lib/python3.6/runpy.py", line 193, in _run_module_as_main
    "__main__", mod_spec)
  File "/usr/lib/python3.6/runpy.py", line 85, in _run_code
    exec(code, run_globals)
  File "/usr/lib/python3.6/cProfile.py", line 160, in <module>
    main()
  File "/usr/lib/python3.6/cProfile.py", line 153, in main
    runctx(code, globs, None, options.outfile, options.sort)
  File "/usr/lib/python3.6/cProfile.py", line 20, in runctx
    filename, sort)
  File "/usr/lib/python3.6/profile.py", line 64, in runctx
    prof.runctx(statement, globals, locals)
  File "/usr/lib/python3.6/cProfile.py", line 100, in runctx
    exec(cmd, globals, locals)
  File "tagger_cuda.py", line 150, in <module>
    
  File "tagger_cuda.py", line 38, in __init__
    self.train(args.modelname, vocabsize, vocab_char_size, args.embedding_size,
  File "tagger_cuda.py", line 98, in train
    print("\t f1 micro \t", best_f1_micro)
TypeError: unsupported operand type(s) for /: 'list' and 'int'

epoch: 406
	 train loss: 	 4.094457567930221
-------------------------------------------------------------------------
epoch: 407
	 train loss: 	 4.09190532207489
-------------------------------------------------------------------------
epoch: 408
	 train loss: 	 4.091518971920014
-------------------------------------------------------------------------
epoch: 409
	 train loss: 	 4.095514900684357
-------------------------------------------------------------------------
epoch: 410
	 train loss: 	 4.091532949209213
-------------------------------------------------------------------------
epoch: 411
	 train loss: 	 4.099809608459473
-------------------------------------------------------------------------
epoch: 412
	 train loss: 	 4.091433528661728
-------------------------------------------------------------------------
epoch: 413
	 train loss: 	 4.091790598630905
-------------------------------------------------------------------------
epoch: 414
	 train loss: 	 4.092240731716156
-------------------------------------------------------------------------
epoch: 415
	 train loss: 	 4.094712159633636
-------------------------------------------------------------------------
epoch: 416
	 train loss: 	 4.091731685400009
-------------------------------------------------------------------------
epoch: 417
	 train loss: 	 4.09841688990593
-------------------------------------------------------------------------
epoch: 418
	 train loss: 	 4.0926117265224455
-------------------------------------------------------------------------
epoch: 419
	 train loss: 	 4.0929961836338045
-------------------------------------------------------------------------
epoch: 420
	 train loss: 	 4.093452041149139
-------------------------------------------------------------------------
epoch: 421
	 train loss: 	 4.092684659957886
-------------------------------------------------------------------------
epoch: 422
	 train loss: 	 4.092554726600647
-------------------------------------------------------------------------
epoch: 423
	 train loss: 	 4.096521580219269
-------------------------------------------------------------------------
epoch: 424
	 train loss: 	 4.09519638299942
-------------------------------------------------------------------------
epoch: 425
	 train loss: 	 4.095126670598984
-------------------------------------------------------------------------
epoch: 426
	 train loss: 	 4.092806226015091
-------------------------------------------------------------------------
epoch: 427
	 train loss: 	 4.091623067855835
-------------------------------------------------------------------------
epoch: 428
	 train loss: 	 4.091650493144989
-------------------------------------------------------------------------
epoch: 429
	 train loss: 	 4.096400463581086
-------------------------------------------------------------------------
epoch: 430
	 train loss: 	 4.092361688613892
-------------------------------------------------------------------------
epoch: 431
	 train loss: 	 4.091660459041595
-------------------------------------------------------------------------
epoch: 432
	 train loss: 	 4.093832952976227
-------------------------------------------------------------------------
epoch: 433
	 train loss: 	 4.090926522016526
-------------------------------------------------------------------------
epoch: 434
	 train loss: 	 4.096307862997055
-------------------------------------------------------------------------
epoch: 435
	 train loss: 	 4.093186893463135
-------------------------------------------------------------------------
epoch: 436
	 train loss: 	 4.094308866262436
-------------------------------------------------------------------------
epoch: 437
	 train loss: 	 4.09175950050354
-------------------------------------------------------------------------
epoch: 438
	 train loss: 	 4.091463075876236
-------------------------------------------------------------------------
epoch: 439
	 train loss: 	 4.091229285001755
-------------------------------------------------------------------------
epoch: 440
	 train loss: 	 4.095784842967987
-------------------------------------------------------------------------
epoch: 441
	 train loss: 	 4.092097436189651
-------------------------------------------------------------------------
epoch: 442
	 train loss: 	 4.092396054267883
-------------------------------------------------------------------------
epoch: 443
	 train loss: 	 4.092314969301224
-------------------------------------------------------------------------
epoch: 444
	 train loss: 	 4.097206184864044
-------------------------------------------------------------------------
epoch: 445
	 train loss: 	 4.094410234689713
-------------------------------------------------------------------------
epoch: 446
	 train loss: 	 4.094436135292053
-------------------------------------------------------------------------
epoch: 447
	 train loss: 	 4.0924054110050205
-------------------------------------------------------------------------
epoch: 448
	 train loss: 	 4.091161909103394
-------------------------------------------------------------------------
epoch: 449
	 train loss: 	 4.092803844213486
-------------------------------------------------------------------------
epoch: 450
	 train loss: 	 4.091676185131073
-------------------------------------------------------------------------
epoch: 451
	 train loss: 	 4.093950483798981
-------------------------------------------------------------------------
epoch: 452
	 train loss: 	 4.096534223556518
-------------------------------------------------------------------------
epoch: 453
	 train loss: 	 4.093208683729172
-------------------------------------------------------------------------
epoch: 454
	 train loss: 	 4.092126562595367
-------------------------------------------------------------------------
epoch: 455
	 train loss: 	 4.093151787519455
-------------------------------------------------------------------------
epoch: 456
	 train loss: 	 4.09106611609459
-------------------------------------------------------------------------
epoch: 457
	 train loss: 	 4.101088945865631
-------------------------------------------------------------------------
epoch: 458
	 train loss: 	 4.093213659524918
-------------------------------------------------------------------------
epoch: 459
	 train loss: 	 4.091667964458465
-------------------------------------------------------------------------
epoch: 460
	 train loss: 	 4.092035403251648
-------------------------------------------------------------------------
epoch: 461
	 train loss: 	 4.091938221454621
-------------------------------------------------------------------------
epoch: 462
	 train loss: 	 4.092142726182938
-------------------------------------------------------------------------
epoch: 463
	 train loss: 	 4.096792842149735
-------------------------------------------------------------------------
epoch: 464
	 train loss: 	 4.091635059118271
-------------------------------------------------------------------------
epoch: 465
	 train loss: 	 4.095397536754608
-------------------------------------------------------------------------
epoch: 466
	 train loss: 	 4.0924979841709135
-------------------------------------------------------------------------
epoch: 467
	 train loss: 	 4.092714287042618
-------------------------------------------------------------------------
epoch: 468
	 train loss: 	 4.09202995300293
-------------------------------------------------------------------------
epoch: 469
	 train loss: 	 4.097867976427079
-------------------------------------------------------------------------
epoch: 470
	 train loss: 	 4.091621321439743
-------------------------------------------------------------------------
epoch: 471
	 train loss: 	 4.092292271852493
-------------------------------------------------------------------------
epoch: 472
	 train loss: 	 4.091790031194687
-------------------------------------------------------------------------
epoch: 473
	 train loss: 	 4.090644599199295
-------------------------------------------------------------------------
epoch: 474
	 train loss: 	 4.096574634313583
-------------------------------------------------------------------------
epoch: 475
	 train loss: 	 4.092564631700515
-------------------------------------------------------------------------
epoch: 476
	 train loss: 	 4.092616482973098
-------------------------------------------------------------------------
epoch: 477
	 train loss: 	 4.091159757375717
-------------------------------------------------------------------------
epoch: 478
	 train loss: 	 4.092398926019668
-------------------------------------------------------------------------
epoch: 479
	 train loss: 	 4.098322278261184
-------------------------------------------------------------------------
epoch: 480
	 train loss: 	 4.092129770517349
-------------------------------------------------------------------------
epoch: 481
	 train loss: 	 4.0921031129360195
-------------------------------------------------------------------------
epoch: 482
	 train loss: 	 4.091050461530686
-------------------------------------------------------------------------
epoch: 483
	 train loss: 	 4.091921622753143
-------------------------------------------------------------------------
epoch: 484
	 train loss: 	 4.0986875307559965
-------------------------------------------------------------------------
epoch: 485
	 train loss: 	 4.093312250375748
-------------------------------------------------------------------------
epoch: 486
	 train loss: 	 4.091542619466781
-------------------------------------------------------------------------
epoch: 487
	 train loss: 	 4.090542657375336
-------------------------------------------------------------------------
epoch: 488
	 train loss: 	 4.092931771278382
-------------------------------------------------------------------------
epoch: 489
	 train loss: 	 4.09165038228035
-------------------------------------------------------------------------
epoch: 490
	 train loss: 	 4.095784586668015
-------------------------------------------------------------------------
epoch: 491
	 train loss: 	 4.092452337741852
-------------------------------------------------------------------------
epoch: 492
	 train loss: 	 4.095722984075547
-------------------------------------------------------------------------
epoch: 493
	 train loss: 	 4.0916201269626615
-------------------------------------------------------------------------
epoch: 494
	 train loss: 	 4.094422318935394
-------------------------------------------------------------------------
epoch: 495
	 train loss: 	 4.091667037010193
-------------------------------------------------------------------------
epoch: 496
	 train loss: 	 4.094300866127014
-------------------------------------------------------------------------
epoch: 497
	 train loss: 	 4.092025285959243
-------------------------------------------------------------------------
epoch: 498
	 train loss: 	 4.092313685417175
-------------------------------------------------------------------------
epoch: 499
	 train loss: 	 4.0924794900417325
