slurmstepd-blau: error: Unable to create TMPDIR [/tmp/user/31667]: Permission denied
slurmstepd-blau: error: Setting TMPDIR to /tmp
-------------------------------------------------------------------------
Training BIOS tagger on Tiger/ data set using Classic model
-------------------------------------------------------------------------
Model parameters: 
 number of epochs: 500 
 batch size: 20  
 embedding size: 100 
 hidden size: 200 
 learning rate: 0.01 
 regularisation factor: 0.01
-------------------------------------------------------------------------
epoch: 0
	 train loss: 	 3.9889106398849856
	 dev loss 	 3.9883881330490114
	 acc 	 0.03142857142857143
	 f1 macro 	 0.012886374759181626
	 f1 micro 	 0.03142857142857143
-------------------------------------------------------------------------
epoch: 1
	 train loss: 	 3.988476079132414
-------------------------------------------------------------------------
epoch: 2
	 train loss: 	 3.9889619304063446
-------------------------------------------------------------------------
epoch: 3
	 train loss: 	 3.9888636545192093
-------------------------------------------------------------------------
epoch: 4
	 train loss: 	 3.9889697868201877
-------------------------------------------------------------------------
epoch: 5
	 train loss: 	 3.989031200953782
-------------------------------------------------------------------------
epoch: 6
	 train loss: 	 3.9892017083964046
-------------------------------------------------------------------------
epoch: 7
	 train loss: 	 3.989098736107639
-------------------------------------------------------------------------
epoch: 8
	 train loss: 	 3.9893120173696954
-------------------------------------------------------------------------
epoch: 9
	 train loss: 	 3.9892415634237195
-------------------------------------------------------------------------
epoch: 10
	 train loss: 	 3.9890337330402392
-------------------------------------------------------------------------
epoch: 11
	 train loss: 	 3.9889701359469076
-------------------------------------------------------------------------
epoch: 12
	 train loss: 	 3.989286210393983
-------------------------------------------------------------------------
epoch: 13
	 train loss: 	 3.989178822917722
-------------------------------------------------------------------------
epoch: 14
	 train loss: 	 3.9890070793307966
-------------------------------------------------------------------------
epoch: 15
	 train loss: 	 3.9889196994045757
-------------------------------------------------------------------------
epoch: 16
	 train loss: 	 3.9891843361058537
-------------------------------------------------------------------------
epoch: 17
	 train loss: 	 3.988907166779331
-------------------------------------------------------------------------
epoch: 18
	 train loss: 	 3.9890163300296284
-------------------------------------------------------------------------
epoch: 19
	 train loss: 	 3.989064297181474
-------------------------------------------------------------------------
epoch: 20
	 train loss: 	 3.989359565936572
-------------------------------------------------------------------------
epoch: 21
	 train loss: 	 3.9891850032528176
-------------------------------------------------------------------------
epoch: 22
	 train loss: 	 3.989114777582005
-------------------------------------------------------------------------
epoch: 23
	 train loss: 	 3.988964722550669
-------------------------------------------------------------------------
epoch: 24
	 train loss: 	 3.988924962098633
-------------------------------------------------------------------------
epoch: 25
	 train loss: 	 3.9889315058578356
-------------------------------------------------------------------------
epoch: 26
	 train loss: 	 3.989032251232061
-------------------------------------------------------------------------
epoch: 27
	 train loss: 	 3.9889771684255555
-------------------------------------------------------------------------
epoch: 28
	 train loss: 	 3.988947849895811
-------------------------------------------------------------------------
epoch: 29
	 train loss: 	 3.9892081882037838
-------------------------------------------------------------------------
epoch: 30
	 train loss: 	 3.989061079400092
-------------------------------------------------------------------------
epoch: 31
	 train loss: 	 3.9889696794931853
-------------------------------------------------------------------------
epoch: 32
	 train loss: 	 3.9889447897720953
-------------------------------------------------------------------------
epoch: 33
	 train loss: 	 3.98889411056061
-------------------------------------------------------------------------
epoch: 34
	 train loss: 	 3.9889855504615572
-------------------------------------------------------------------------
epoch: 35
	 train loss: 	 3.9889085442552306
-------------------------------------------------------------------------
epoch: 36
	 train loss: 	 3.9891699664596607
-------------------------------------------------------------------------
epoch: 37
	 train loss: 	 3.9888799388559364
-------------------------------------------------------------------------
epoch: 38
	 train loss: 	 3.98908575282491
-------------------------------------------------------------------------
epoch: 39
	 train loss: 	 3.9889495676108657
-------------------------------------------------------------------------
epoch: 40
	 train loss: 	 3.9888728117054053
-------------------------------------------------------------------------
epoch: 41
	 train loss: 	 3.9889531170336507
-------------------------------------------------------------------------
epoch: 42
	 train loss: 	 3.9890024577006336
-------------------------------------------------------------------------
epoch: 43
	 train loss: 	 3.9889169359516288
-------------------------------------------------------------------------
epoch: 44
	 train loss: 	 3.989055894279016
-------------------------------------------------------------------------
epoch: 45
	 train loss: 	 3.9889819448152664
-------------------------------------------------------------------------
epoch: 46
	 train loss: 	 3.9890042743381455
-------------------------------------------------------------------------
epoch: 47
	 train loss: 	 3.9888792378009814
-------------------------------------------------------------------------
epoch: 48
	 train loss: 	 3.989015653608684
-------------------------------------------------------------------------
epoch: 49
	 train loss: 	 3.9888865318831592
-------------------------------------------------------------------------
epoch: 50
	 train loss: 	 3.989183863422666
-------------------------------------------------------------------------
epoch: 51
	 train loss: 	 3.9890770921830807
-------------------------------------------------------------------------
epoch: 52
	 train loss: 	 3.9890469961846473
-------------------------------------------------------------------------
epoch: 53
	 train loss: 	 3.9889576838893674
-------------------------------------------------------------------------
epoch: 54
	 train loss: 	 3.988991883044498
-------------------------------------------------------------------------
epoch: 55
	 train loss: 	 3.988973797333685
-------------------------------------------------------------------------
epoch: 56
	 train loss: 	 3.989171063977277
-------------------------------------------------------------------------
epoch: 57
	 train loss: 	 3.9889722945624464
-------------------------------------------------------------------------
epoch: 58
	 train loss: 	 3.988910030893607
-------------------------------------------------------------------------
epoch: 59
	 train loss: 	 3.9888779082406476
-------------------------------------------------------------------------
epoch: 60
	 train loss: 	 3.9888979318269455
-------------------------------------------------------------------------
epoch: 61
	 train loss: 	 3.9889406783074577
-------------------------------------------------------------------------
epoch: 62
	 train loss: 	 3.988967442725041
-------------------------------------------------------------------------
epoch: 63
	 train loss: 	 3.988878543604908
-------------------------------------------------------------------------
epoch: 64
	 train loss: 	 3.988919191460942
-------------------------------------------------------------------------
epoch: 65
	 train loss: 	 3.9891262100813263
-------------------------------------------------------------------------
epoch: 66
	 train loss: 	 3.988928529972775
-------------------------------------------------------------------------
epoch: 67
	 train loss: 	 3.98916004117536
-------------------------------------------------------------------------
epoch: 68
	 train loss: 	 3.9889731536614836
-------------------------------------------------------------------------
epoch: 69
	 train loss: 	 3.989095526247782
-------------------------------------------------------------------------
epoch: 70
	 train loss: 	 3.9890398279774324
-------------------------------------------------------------------------
epoch: 71
	 train loss: 	 3.9892164427225554
-------------------------------------------------------------------------
epoch: 72
	 train loss: 	 3.9889992371177363
-------------------------------------------------------------------------
epoch: 73
	 train loss: 	 3.989030423485093
-------------------------------------------------------------------------
epoch: 74
	 train loss: 	 3.989009662617354
-------------------------------------------------------------------------
epoch: 75
	 train loss: 	 3.989244844384093
-------------------------------------------------------------------------
epoch: 76
	 train loss: 	 3.989018437831483
-------------------------------------------------------------------------
epoch: 77
	 train loss: 	 3.9888862855430554
-------------------------------------------------------------------------
epoch: 78
	 train loss: 	 3.988866180809429
-------------------------------------------------------------------------
epoch: 79
	 train loss: 	 3.988924444204791
-------------------------------------------------------------------------
epoch: 80
	 train loss: 	 3.9891538370756896
-------------------------------------------------------------------------
epoch: 81
	 train loss: 	 3.9889997783897377
-------------------------------------------------------------------------
epoch: 82
	 train loss: 	 3.9891916811949235
-------------------------------------------------------------------------
epoch: 83
	 train loss: 	 3.9890132279797927
-------------------------------------------------------------------------
epoch: 84
	 train loss: 	 3.989167953233085
-------------------------------------------------------------------------
epoch: 85
	 train loss: 	 3.9890919523841943
-------------------------------------------------------------------------
epoch: 86
	 train loss: 	 3.9892459423847293
-------------------------------------------------------------------------
epoch: 87
	 train loss: 	 3.9891679314971937
-------------------------------------------------------------------------
epoch: 88
	 train loss: 	 3.9888936276374025
-------------------------------------------------------------------------
epoch: 89
	 train loss: 	 3.989012327341052
-------------------------------------------------------------------------
epoch: 90
	 train loss: 	 3.988938197614308
-------------------------------------------------------------------------
epoch: 91
	 train loss: 	 3.9889928405829727
-------------------------------------------------------------------------
epoch: 92
	 train loss: 	 3.98915049428878
-------------------------------------------------------------------------
epoch: 93
	 train loss: 	 3.989008054354589
-------------------------------------------------------------------------
epoch: 94
	 train loss: 	 3.9892622099123667
-------------------------------------------------------------------------
epoch: 95
	 train loss: 	 3.9891254541553205
-------------------------------------------------------------------------
epoch: 96
	 train loss: 	 3.989172499512158
-------------------------------------------------------------------------
epoch: 97
	 train loss: 	 3.9890119047953205
-------------------------------------------------------------------------
epoch: 98
	 train loss: 	 3.989002223436025
-------------------------------------------------------------------------
epoch: 99
	 train loss: 	 3.9890163099360043
-------------------------------------------------------------------------
epoch: 100
	 train loss: 	 3.989067246210633
	 dev loss 	 3.988766153653463
	 acc 	 0.03636363636363637
	 f1 macro 	 0.013953710721089505
	 f1 micro 	 0.03636363636363637
-------------------------------------------------------------------------
epoch: 101
	 train loss: 	 3.9889362440889813
-------------------------------------------------------------------------
epoch: 102
	 train loss: 	 3.9888623324939845
-------------------------------------------------------------------------
epoch: 103
	 train loss: 	 3.988966417853604
-------------------------------------------------------------------------
epoch: 104
	 train loss: 	 3.989051777404556
-------------------------------------------------------------------------
epoch: 105
	 train loss: 	 3.989202064865026
-------------------------------------------------------------------------
epoch: 106
	 train loss: 	 3.9890942157184286
-------------------------------------------------------------------------
epoch: 107
	 train loss: 	 3.988888803718542
-------------------------------------------------------------------------
epoch: 108
	 train loss: 	 3.9888609369531443
-------------------------------------------------------------------------
epoch: 109
	 train loss: 	 3.989029961331737
-------------------------------------------------------------------------
epoch: 110
	 train loss: 	 3.98903227364418
-------------------------------------------------------------------------
epoch: 111
	 train loss: 	 3.9892712973505016
-------------------------------------------------------------------------
epoch: 112
	 train loss: 	 3.9889848324043053
-------------------------------------------------------------------------
epoch: 113
	 train loss: 	 3.9889837530482337
-------------------------------------------------------------------------
epoch: 114
	 train loss: 	 3.988915112745047
-------------------------------------------------------------------------
epoch: 115
	 train loss: 	 3.9892401456639677
-------------------------------------------------------------------------
epoch: 116
	 train loss: 	 3.9888912146636306
-------------------------------------------------------------------------
epoch: 117
	 train loss: 	 3.9891173824112456
-------------------------------------------------------------------------
epoch: 118
	 train loss: 	 3.9891827907322677
-------------------------------------------------------------------------
epoch: 119
	 train loss: 	 3.988973032713323
-------------------------------------------------------------------------
epoch: 120
	 train loss: 	 3.9892010435679355
-------------------------------------------------------------------------
epoch: 121
	 train loss: 	 3.989021291898947
-------------------------------------------------------------------------
epoch: 122
	 train loss: 	 3.989266505214345
-------------------------------------------------------------------------
epoch: 123
	 train loss: 	 3.9889534155398945
-------------------------------------------------------------------------
epoch: 124
	 train loss: 	 3.9889501943773737
-------------------------------------------------------------------------
epoch: 125
	 train loss: 	 3.9889631549581717
-------------------------------------------------------------------------
epoch: 126
	 train loss: 	 3.9889319988278555
-------------------------------------------------------------------------
epoch: 127
	 train loss: 	 3.989186344115815
-------------------------------------------------------------------------
epoch: 128
	 train loss: 	 3.988973191820049
-------------------------------------------------------------------------
epoch: 129
	 train loss: 	 3.9891478913916183
-------------------------------------------------------------------------
epoch: 130
	 train loss: 	 3.9892396124100955
-------------------------------------------------------------------------
epoch: 131
	 train loss: 	 3.9889187552940517
-------------------------------------------------------------------------
epoch: 132
	 train loss: 	 3.9890754609285723
-------------------------------------------------------------------------
epoch: 133
	 train loss: 	 3.98909985738983
-------------------------------------------------------------------------
epoch: 134
	 train loss: 	 3.989118856974127
-------------------------------------------------------------------------
epoch: 135
	 train loss: 	 3.9889921381755626
-------------------------------------------------------------------------
epoch: 136
	 train loss: 	 3.989161830763763
-------------------------------------------------------------------------
epoch: 137
	 train loss: 	 3.9890496676706224
-------------------------------------------------------------------------
epoch: 138
	 train loss: 	 3.9891928003518276
-------------------------------------------------------------------------
epoch: 139
	 train loss: 	 3.988937073530602
-------------------------------------------------------------------------
epoch: 140
	 train loss: 	 3.9889190280070372
-------------------------------------------------------------------------
epoch: 141
	 train loss: 	 3.98894564491037
-------------------------------------------------------------------------
epoch: 142
	 train loss: 	 3.9890113107775558
-------------------------------------------------------------------------
epoch: 143
	 train loss: 	 3.988875157829235
-------------------------------------------------------------------------
epoch: 144
	 train loss: 	 3.9888776392952163
-------------------------------------------------------------------------
epoch: 145
	 train loss: 	 3.989143305601525
-------------------------------------------------------------------------
epoch: 146
	 train loss: 	 3.98904025554657
-------------------------------------------------------------------------
epoch: 147
	 train loss: 	 3.989095685257904
-------------------------------------------------------------------------
epoch: 148
	 train loss: 	 3.9890163166016777
-------------------------------------------------------------------------
epoch: 149
	 train loss: 	 3.98904669246179
-------------------------------------------------------------------------
epoch: 150
	 train loss: 	 3.9890828796298616
-------------------------------------------------------------------------
epoch: 151
	 train loss: 	 3.9891827483231284
-------------------------------------------------------------------------
epoch: 152
	 train loss: 	 3.9890236338688063
-------------------------------------------------------------------------
epoch: 153
	 train loss: 	 3.9888984651774217
-------------------------------------------------------------------------
epoch: 154
	 train loss: 	 3.9890415585408143
-------------------------------------------------------------------------
epoch: 155
	 train loss: 	 3.988842915870382
-------------------------------------------------------------------------
epoch: 156
	 train loss: 	 3.989003267628254
-------------------------------------------------------------------------
epoch: 157
	 train loss: 	 3.989020185880182
-------------------------------------------------------------------------
epoch: 158
	 train loss: 	 3.988947496421913
-------------------------------------------------------------------------
epoch: 159
	 train loss: 	 3.988962810275234
-------------------------------------------------------------------------
epoch: 160
	 train loss: 	 3.9890506667488013
-------------------------------------------------------------------------
epoch: 161
	 train loss: 	 3.988796286683415
-------------------------------------------------------------------------
epoch: 162
	 train loss: 	 3.9891036992328095
-------------------------------------------------------------------------
epoch: 163
	 train loss: 	 3.988838102191542
-------------------------------------------------------------------------
epoch: 164
	 train loss: 	 3.9889101355156984
-------------------------------------------------------------------------
epoch: 165
	 train loss: 	 3.9889544572204207
-------------------------------------------------------------------------
epoch: 166
	 train loss: 	 3.9889154397494595
-------------------------------------------------------------------------
epoch: 167
	 train loss: 	 3.98915482156667
-------------------------------------------------------------------------
epoch: 168
	 train loss: 	 3.988901900027907
-------------------------------------------------------------------------
epoch: 169
	 train loss: 	 3.989017278294123
-------------------------------------------------------------------------
epoch: 170
	 train loss: 	 3.988976063276226
-------------------------------------------------------------------------
epoch: 171
	 train loss: 	 3.9889656802823517
-------------------------------------------------------------------------
epoch: 172
	 train loss: 	 3.9889872984136523
-------------------------------------------------------------------------
epoch: 173
	 train loss: 	 3.9888860975517444
-------------------------------------------------------------------------
epoch: 174
	 train loss: 	 3.9891067213911677
-------------------------------------------------------------------------
epoch: 175
	 train loss: 	 3.988935048711551
-------------------------------------------------------------------------
epoch: 176
	 train loss: 	 3.9890780898122
-------------------------------------------------------------------------
epoch: 177
	 train loss: 	 3.9890526040446623
-------------------------------------------------------------------------
epoch: 178
	 train loss: 	 3.98915720256453
-------------------------------------------------------------------------
epoch: 179
	 train loss: 	 3.9892162072020954
-------------------------------------------------------------------------
epoch: 180
	 train loss: 	 3.9888741278377884
-------------------------------------------------------------------------
epoch: 181
	 train loss: 	 3.988966587876578
-------------------------------------------------------------------------
epoch: 182
	 train loss: 	 3.9892120387411194
-------------------------------------------------------------------------
epoch: 183
	 train loss: 	 3.98899377648216
-------------------------------------------------------------------------
epoch: 184
	 train loss: 	 3.989284331640123
-------------------------------------------------------------------------
epoch: 185
	 train loss: 	 3.9889139505027758
-------------------------------------------------------------------------
epoch: 186
	 train loss: 	 3.988870107084271
-------------------------------------------------------------------------
epoch: 187
	 train loss: 	 3.9890529296000157
-------------------------------------------------------------------------
epoch: 188
	 train loss: 	 3.9891270613554424
-------------------------------------------------------------------------
epoch: 189
	 train loss: 	 3.9891730292882874
-------------------------------------------------------------------------
epoch: 190
	 train loss: 	 3.9892258052887755
-------------------------------------------------------------------------
epoch: 191
	 train loss: 	 3.9889793049187867
-------------------------------------------------------------------------
epoch: 192
	 train loss: 	 3.9890250327907855
-------------------------------------------------------------------------
epoch: 193
	 train loss: 	 3.9891486049084843
-------------------------------------------------------------------------
epoch: 194
	 train loss: 	 3.989149624176891
-------------------------------------------------------------------------
epoch: 195
	 train loss: 	 3.9894029365752854
-------------------------------------------------------------------------
epoch: 196
	 train loss: 	 3.9889514980478458
-------------------------------------------------------------------------
epoch: 197
	 train loss: 	 3.9888411213551773
-------------------------------------------------------------------------
epoch: 198
	 train loss: 	 3.98901196816752
-------------------------------------------------------------------------
epoch: 199
	 train loss: 	 3.9889938173456363
-------------------------------------------------------------------------
epoch: 200
	 train loss: 	 3.9890440266754483
	 dev loss 	 3.986842147509257
	 acc 	 0.0393939393939394
	 f1 macro 	 0.013953710721089505
	 f1 micro 	 0.0393939393939394
-------------------------------------------------------------------------
epoch: 201
	 train loss: 	 3.98932349797779
-------------------------------------------------------------------------
epoch: 202
	 train loss: 	 3.9892330777316656
-------------------------------------------------------------------------
epoch: 203
	 train loss: 	 3.9891323226004403
-------------------------------------------------------------------------
epoch: 204
	 train loss: 	 3.989002820834928
-------------------------------------------------------------------------
epoch: 205
	 train loss: 	 3.989274082056321
-------------------------------------------------------------------------
epoch: 206
	 train loss: 	 3.988868596005092
-------------------------------------------------------------------------
epoch: 207
	 train loss: 	 3.988873638635323
-------------------------------------------------------------------------
epoch: 208
	 train loss: 	 3.989107731965218
-------------------------------------------------------------------------
epoch: 209
	 train loss: 	 3.989254552889102
-------------------------------------------------------------------------
epoch: 210
	 train loss: 	 3.9890607736485513
-------------------------------------------------------------------------
epoch: 211
	 train loss: 	 3.989471848818626
-------------------------------------------------------------------------
epoch: 212
	 train loss: 	 3.988940548085316
-------------------------------------------------------------------------
epoch: 213
	 train loss: 	 3.9889638383346013
-------------------------------------------------------------------------
epoch: 214
	 train loss: 	 3.9890919524807984
-------------------------------------------------------------------------
epoch: 215
	 train loss: 	 3.989005202025996
-------------------------------------------------------------------------
epoch: 216
	 train loss: 	 3.989113006444959
-------------------------------------------------------------------------
epoch: 217
	 train loss: 	 3.988971259064574
-------------------------------------------------------------------------
epoch: 218
	 train loss: 	 3.989075463826691
-------------------------------------------------------------------------
epoch: 219
	 train loss: 	 3.9892947160830565
-------------------------------------------------------------------------
epoch: 220
	 train loss: 	 3.9890163296432126
-------------------------------------------------------------------------
epoch: 221
	 train loss: 	 3.9889042471177767
-------------------------------------------------------------------------
epoch: 222
	 train loss: 	 3.9892376443941746
-------------------------------------------------------------------------
epoch: 223
	 train loss: 	 3.9890303552826953
-------------------------------------------------------------------------
epoch: 224
	 train loss: 	 3.9889821902859346
-------------------------------------------------------------------------
epoch: 225
	 train loss: 	 3.9888639653907605
-------------------------------------------------------------------------
epoch: 226
	 train loss: 	 3.989001565273229
-------------------------------------------------------------------------
epoch: 227
	 train loss: 	 3.9890357601777855
-------------------------------------------------------------------------
epoch: 228
	 train loss: 	 3.9892254658224515
-------------------------------------------------------------------------
epoch: 229
	 train loss: 	 3.989437620006079
-------------------------------------------------------------------------
epoch: 230
	 train loss: 	 3.9891882301149724
-------------------------------------------------------------------------
epoch: 231
	 train loss: 	 3.988958514490236
-------------------------------------------------------------------------
epoch: 232
	 train loss: 	 3.989194370939048
-------------------------------------------------------------------------
epoch: 233
	 train loss: 	 3.9892722866716803
-------------------------------------------------------------------------
epoch: 234
	 train loss: 	 3.9890381180872985
-------------------------------------------------------------------------
epoch: 235
	 train loss: 	 3.98910935916236
-------------------------------------------------------------------------
epoch: 236
	 train loss: 	 3.988918546532889
-------------------------------------------------------------------------
epoch: 237
	 train loss: 	 3.9888928580902383
-------------------------------------------------------------------------
epoch: 238
	 train loss: 	 3.988908375584712
-------------------------------------------------------------------------
epoch: 239
	 train loss: 	 3.989127016048184
-------------------------------------------------------------------------
epoch: 240
	 train loss: 	 3.988896000617134
-------------------------------------------------------------------------
epoch: 241
	 train loss: 	 3.988994778168646
-------------------------------------------------------------------------
epoch: 242
	 train loss: 	 3.9890038614528107
-------------------------------------------------------------------------
epoch: 243
	 train loss: 	 3.9889376244629995
-------------------------------------------------------------------------
epoch: 244
	 train loss: 	 3.9889237118501524
-------------------------------------------------------------------------
epoch: 245
	 train loss: 	 3.9889561353278506
-------------------------------------------------------------------------
epoch: 246
	 train loss: 	 3.988983298816403
-------------------------------------------------------------------------
epoch: 247
	 train loss: 	 3.9890589394291176
-------------------------------------------------------------------------
epoch: 248
	 train loss: 	 3.9891534024544626
-------------------------------------------------------------------------
epoch: 249
	 train loss: 	 3.9889996087531796
-------------------------------------------------------------------------
epoch: 250
	 train loss: 	 3.988944776150937
-------------------------------------------------------------------------
epoch: 251
	 train loss: 	 3.988935919403064
-------------------------------------------------------------------------
epoch: 252
	 train loss: 	 3.9890832128169276
-------------------------------------------------------------------------
epoch: 253
	 train loss: 	 3.989196272008423
-------------------------------------------------------------------------
epoch: 254
	 train loss: 	 3.989054375761332
-------------------------------------------------------------------------
epoch: 255
	 train loss: 	 3.989093322228381
-------------------------------------------------------------------------
epoch: 256
	 train loss: 	 3.98932985248983
-------------------------------------------------------------------------
epoch: 257
	 train loss: 	 3.988938562294266
-------------------------------------------------------------------------
epoch: 258
	 train loss: 	 3.9889905844940357
-------------------------------------------------------------------------
epoch: 259
	 train loss: 	 3.989360988429918
-------------------------------------------------------------------------
epoch: 260
	 train loss: 	 3.9892577752108704
-------------------------------------------------------------------------
epoch: 261
	 train loss: 	 3.9889587051864575
-------------------------------------------------------------------------
epoch: 262
	 train loss: 	 3.9891941654624197
-------------------------------------------------------------------------
epoch: 263
	 train loss: 	 3.9889520605727187
-------------------------------------------------------------------------
epoch: 264
	 train loss: 	 3.989073923573115
-------------------------------------------------------------------------
epoch: 265
	 train loss: 	 3.9892053970254993
-------------------------------------------------------------------------
epoch: 266
	 train loss: 	 3.989103964603894
-------------------------------------------------------------------------
epoch: 267
	 train loss: 	 3.988909446246427
-------------------------------------------------------------------------
epoch: 268
	 train loss: 	 3.9889276152298554
-------------------------------------------------------------------------
epoch: 269
	 train loss: 	 3.988952279573901
-------------------------------------------------------------------------
epoch: 270
	 train loss: 	 3.989087971238302
-------------------------------------------------------------------------
epoch: 271
	 train loss: 	 3.988956145374663
-------------------------------------------------------------------------
epoch: 272
	 train loss: 	 3.989280114780562
-------------------------------------------------------------------------
epoch: 273
	 train loss: 	 3.989001101767418
-------------------------------------------------------------------------
epoch: 274
	 train loss: 	 3.9889698461350203
-------------------------------------------------------------------------
epoch: 275
	 train loss: 	 3.989020354647304
-------------------------------------------------------------------------
epoch: 276
	 train loss: 	 3.989273952800219
-------------------------------------------------------------------------
epoch: 277
	 train loss: 	 3.988984928718456
-------------------------------------------------------------------------
epoch: 278
	 train loss: 	 3.989065376054526
-------------------------------------------------------------------------
epoch: 279
	 train loss: 	 3.989008202641671
-------------------------------------------------------------------------
epoch: 280
	 train loss: 	 3.989052966019709
-------------------------------------------------------------------------
epoch: 281
	 train loss: 	 3.989173858826512
-------------------------------------------------------------------------
epoch: 282
	 train loss: 	 3.988977358638757
-------------------------------------------------------------------------
epoch: 283
	 train loss: 	 3.9890524759478083
-------------------------------------------------------------------------
epoch: 284
	 train loss: 	 3.988865308958669
-------------------------------------------------------------------------
epoch: 285
	 train loss: 	 3.988886802084442
-------------------------------------------------------------------------
epoch: 286
	 train loss: 	 3.989093542195603
-------------------------------------------------------------------------
epoch: 287
	 train loss: 	 3.9894712332581777
-------------------------------------------------------------------------
epoch: 288
	 train loss: 	 3.989325935585572
-------------------------------------------------------------------------
epoch: 289
	 train loss: 	 3.9892419811392528
-------------------------------------------------------------------------
epoch: 290
	 train loss: 	 3.989336072818966
-------------------------------------------------------------------------
epoch: 291
	 train loss: 	 3.9890158490384997
-------------------------------------------------------------------------
epoch: 292
	 train loss: 	 3.9889636104458543
-------------------------------------------------------------------------
epoch: 293
	 train loss: 	 3.989249684146003
-------------------------------------------------------------------------
epoch: 294
	 train loss: 	 3.988896765430704
-------------------------------------------------------------------------
epoch: 295
	 train loss: 	 3.989121760309612
-------------------------------------------------------------------------
epoch: 296
	 train loss: 	 3.989365759119995
-------------------------------------------------------------------------
epoch: 297
	 train loss: 	 3.9890149101445895
-------------------------------------------------------------------------
epoch: 298
	 train loss: 	 3.9888453217920645
-------------------------------------------------------------------------
epoch: 299
	 train loss: 	 3.989041307853532
-------------------------------------------------------------------------
epoch: 300
	 train loss: 	 3.9891838957849934
	 dev loss 	 3.986698301633199
	 acc 	 0.0393939393939394
	 f1 macro 	 0.013953710721089505
	 f1 micro 	 0.0393939393939394
-------------------------------------------------------------------------
epoch: 301
	 train loss: 	 3.9889995761010404
-------------------------------------------------------------------------
epoch: 302
	 train loss: 	 3.9888994634827686
-------------------------------------------------------------------------
epoch: 303
	 train loss: 	 3.9889034689728597
-------------------------------------------------------------------------
epoch: 304
	 train loss: 	 3.988929700716195
-------------------------------------------------------------------------
epoch: 305
	 train loss: 	 3.989188236201022
-------------------------------------------------------------------------
epoch: 306
	 train loss: 	 3.9890196810278744
-------------------------------------------------------------------------
epoch: 307
	 train loss: 	 3.989168538653097
-------------------------------------------------------------------------
epoch: 308
	 train loss: 	 3.9893041483973373
-------------------------------------------------------------------------
epoch: 309
	 train loss: 	 3.988759739762187
-------------------------------------------------------------------------
epoch: 310
	 train loss: 	 3.989043044309755
-------------------------------------------------------------------------
epoch: 311
	 train loss: 	 3.988908981581368
-------------------------------------------------------------------------
epoch: 312
	 train loss: 	 3.989141215284987
-------------------------------------------------------------------------
epoch: 313
	 train loss: 	 3.988993075813621
-------------------------------------------------------------------------
epoch: 314
	 train loss: 	 3.988916560258819
-------------------------------------------------------------------------
epoch: 315
	 train loss: 	 3.989098095526765
-------------------------------------------------------------------------
epoch: 316
	 train loss: 	 3.9889594823653347
-------------------------------------------------------------------------
epoch: 317
	 train loss: 	 3.9888804413897483
-------------------------------------------------------------------------
epoch: 318
	 train loss: 	 3.989153579432922
-------------------------------------------------------------------------
epoch: 319
	 train loss: 	 3.9890444253600013
-------------------------------------------------------------------------
epoch: 320
	 train loss: 	 3.989187419704332
-------------------------------------------------------------------------
epoch: 321
	 train loss: 	 3.989079013732496
-------------------------------------------------------------------------
epoch: 322
	 train loss: 	 3.9889774608457493
-------------------------------------------------------------------------
epoch: 323
	 train loss: 	 3.9890233794139696
-------------------------------------------------------------------------
epoch: 324
	 train loss: 	 3.9891897615775878
-------------------------------------------------------------------------
epoch: 325
	 train loss: 	 3.9889872848890975
-------------------------------------------------------------------------
epoch: 326
	 train loss: 	 3.9892784602444986
-------------------------------------------------------------------------
epoch: 327
	 train loss: 	 3.9891732242350835
-------------------------------------------------------------------------
epoch: 328
	 train loss: 	 3.989246789601479
-------------------------------------------------------------------------
epoch: 329
	 train loss: 	 3.988930971251508
-------------------------------------------------------------------------
epoch: 330
	 train loss: 	 3.988834770224276
-------------------------------------------------------------------------
epoch: 331
	 train loss: 	 3.989117471383495
-------------------------------------------------------------------------
epoch: 332
	 train loss: 	 3.989150006052354
-------------------------------------------------------------------------
epoch: 333
	 train loss: 	 3.988988530983608
-------------------------------------------------------------------------
epoch: 334
	 train loss: 	 3.989085493829687
-------------------------------------------------------------------------
epoch: 335
	 train loss: 	 3.9889326383460864
-------------------------------------------------------------------------
epoch: 336
	 train loss: 	 3.9890752812452024
-------------------------------------------------------------------------
epoch: 337
	 train loss: 	 3.989047142636254
-------------------------------------------------------------------------
epoch: 338
	 train loss: 	 3.989050975398461
-------------------------------------------------------------------------
epoch: 339
	 train loss: 	 3.9889806176700313
-------------------------------------------------------------------------
epoch: 340
	 train loss: 	 3.989057134867101
-------------------------------------------------------------------------
epoch: 341
	 train loss: 	 3.9889272732518286
-------------------------------------------------------------------------
epoch: 342
	 train loss: 	 3.9891902984058065
-------------------------------------------------------------------------
epoch: 343
	 train loss: 	 3.9889267797021852
-------------------------------------------------------------------------
epoch: 344
	 train loss: 	 3.9890668755412295
-------------------------------------------------------------------------
epoch: 345
	 train loss: 	 3.989050643950266
-------------------------------------------------------------------------
epoch: 346
	 train loss: 	 3.989046127232006
-------------------------------------------------------------------------
epoch: 347
	 train loss: 	 3.9889338779681314
-------------------------------------------------------------------------
epoch: 348
	 train loss: 	 3.98909245646367
-------------------------------------------------------------------------
epoch: 349
	 train loss: 	 3.9889885527194995
-------------------------------------------------------------------------
epoch: 350
	 train loss: 	 3.988926079516666
-------------------------------------------------------------------------
epoch: 351
	 train loss: 	 3.9889155370296496
-------------------------------------------------------------------------
epoch: 352
	 train loss: 	 3.9889718764604973
-------------------------------------------------------------------------
epoch: 353
	 train loss: 	 3.9889243279902242
-------------------------------------------------------------------------
epoch: 354
	 train loss: 	 3.989134397943364
-------------------------------------------------------------------------
epoch: 355
	 train loss: 	 3.98915459532019
-------------------------------------------------------------------------
epoch: 356
	 train loss: 	 3.9893873569644636
-------------------------------------------------------------------------
epoch: 357
	 train loss: 	 3.988999725257558
-------------------------------------------------------------------------
epoch: 358
	 train loss: 	 3.9891995103664493
-------------------------------------------------------------------------
epoch: 359
	 train loss: 	 3.9889867343431162
-------------------------------------------------------------------------
epoch: 360
	 train loss: 	 3.98907899750303
-------------------------------------------------------------------------
epoch: 361
	 train loss: 	 3.9893019336548963
-------------------------------------------------------------------------
epoch: 362
	 train loss: 	 3.9891979983212305
-------------------------------------------------------------------------
epoch: 363
	 train loss: 	 3.9890031102603993
-------------------------------------------------------------------------
epoch: 364
	 train loss: 	 3.9888385470527883
-------------------------------------------------------------------------
epoch: 365
	 train loss: 	 3.9889661993354415
-------------------------------------------------------------------------
epoch: 366
	 train loss: 	 3.9890233816358607
-------------------------------------------------------------------------
epoch: 367
	 train loss: 	 3.9892992335741484
-------------------------------------------------------------------------
epoch: 368
	 train loss: 	 3.989260184030672
-------------------------------------------------------------------------
epoch: 369
	 train loss: 	 3.9890120329887786
-------------------------------------------------------------------------
epoch: 370
	 train loss: 	 3.9888430452230876
-------------------------------------------------------------------------
epoch: 371
	 train loss: 	 3.989068083380571
-------------------------------------------------------------------------
epoch: 372
	 train loss: 	 3.989286248552548
-------------------------------------------------------------------------
epoch: 373
	 train loss: 	 3.9891860766194434
-------------------------------------------------------------------------
epoch: 374
	 train loss: 	 3.988977844170272
-------------------------------------------------------------------------
epoch: 375
	 train loss: 	 3.9891104586120556
-------------------------------------------------------------------------
epoch: 376
	 train loss: 	 3.9890133243905472
-------------------------------------------------------------------------
epoch: 377
	 train loss: 	 3.988959593846307
-------------------------------------------------------------------------
epoch: 378
	 train loss: 	 3.9889604707204733
-------------------------------------------------------------------------
epoch: 379
	 train loss: 	 3.9888195807968585
-------------------------------------------------------------------------
epoch: 380
	 train loss: 	 3.9890239667660605
-------------------------------------------------------------------------
epoch: 381
	 train loss: 	 3.98892208098206
-------------------------------------------------------------------------
epoch: 382
	 train loss: 	 3.9889813818073736
-------------------------------------------------------------------------
epoch: 383
	 train loss: 	 3.9890794689303664
-------------------------------------------------------------------------
epoch: 384
	 train loss: 	 3.9890052740925523
-------------------------------------------------------------------------
epoch: 385
	 train loss: 	 3.9888744645992014
-------------------------------------------------------------------------
epoch: 386
	 train loss: 	 3.988931756931534
-------------------------------------------------------------------------
epoch: 387
	 train loss: 	 3.989062523725933
-------------------------------------------------------------------------
epoch: 388
	 train loss: 	 3.988946918633614
-------------------------------------------------------------------------
epoch: 389
	 train loss: 	 3.9892054113228856
-------------------------------------------------------------------------
epoch: 390
	 train loss: 	 3.989307267739282
-------------------------------------------------------------------------
epoch: 391
	 train loss: 	 3.988990550682649
-------------------------------------------------------------------------
epoch: 392
	 train loss: 	 3.989089377598786
-------------------------------------------------------------------------
epoch: 393
	 train loss: 	 3.9891639585626377
-------------------------------------------------------------------------
epoch: 394
	 train loss: 	 3.9889116571247096
-------------------------------------------------------------------------
epoch: 395
	 train loss: 	 3.989247285373014
-------------------------------------------------------------------------
epoch: 396
	 train loss: 	 3.9889272086237777
-------------------------------------------------------------------------
epoch: 397
	 train loss: 	 3.9894014520621957
-------------------------------------------------------------------------
epoch: 398
	 train loss: 	 3.9888597785750317
-------------------------------------------------------------------------
epoch: 399
	 train loss: 	 3.9889641337495183
-------------------------------------------------------------------------
epoch: 400
	 train loss: 	 3.9889717418911776
	 dev loss 	 3.9865869998931887
	 acc 	 0.0393939393939394
	 f1 macro 	 0.014188951658113468
	 f1 micro 	 0.0393939393939394
-------------------------------------------------------------------------
epoch: 401
	 train loss: 	 3.989243418413005
-------------------------------------------------------------------------
epoch: 402
	 train loss: 	 3.989224631067613
-------------------------------------------------------------------------
epoch: 403
	 train loss: 	 3.9889069841012383
-------------------------------------------------------------------------
epoch: 404
	 train loss: 	 3.989116853504552
-------------------------------------------------------------------------
epoch: 405
	 train loss: 	 3.9889852118646694
-------------------------------------------------------------------------/home/st/steinberga/.local/lib/python3.6/site-packages/sklearn/metrics/classification.py:1143: UndefinedMetricWarning: F-score is ill-defined and being set to 0.0 in labels with no predicted samples.
  'precision', 'predicted', average, warn_for)
/home/st/steinberga/.local/lib/python3.6/site-packages/sklearn/metrics/classification.py:1145: UndefinedMetricWarning: F-score is ill-defined and being set to 0.0 in labels with no true samples.
  'recall', 'true', average, warn_for)
Traceback (most recent call last):
  File "/usr/lib/python3.6/runpy.py", line 193, in _run_module_as_main
    "__main__", mod_spec)
  File "/usr/lib/python3.6/runpy.py", line 85, in _run_code
    exec(code, run_globals)
  File "/usr/lib/python3.6/cProfile.py", line 160, in <module>
    main()
  File "/usr/lib/python3.6/cProfile.py", line 153, in main
    runctx(code, globs, None, options.outfile, options.sort)
  File "/usr/lib/python3.6/cProfile.py", line 20, in runctx
    filename, sort)
  File "/usr/lib/python3.6/profile.py", line 64, in runctx
    prof.runctx(statement, globals, locals)
  File "/usr/lib/python3.6/cProfile.py", line 100, in runctx
    exec(cmd, globals, locals)
  File "tagger_cuda.py", line 150, in <module>
    
  File "tagger_cuda.py", line 38, in __init__
    self.train(args.modelname, vocabsize, vocab_char_size, args.embedding_size,
  File "tagger_cuda.py", line 98, in train
    print("\t f1 micro \t", best_f1_micro)
TypeError: unsupported operand type(s) for /: 'list' and 'int'

epoch: 406
	 train loss: 	 3.9893045489173655
-------------------------------------------------------------------------
epoch: 407
	 train loss: 	 3.9891043448370898
-------------------------------------------------------------------------
epoch: 408
	 train loss: 	 3.989185915773846
-------------------------------------------------------------------------
epoch: 409
	 train loss: 	 3.9891638105653673
-------------------------------------------------------------------------
epoch: 410
	 train loss: 	 3.989164285953466
-------------------------------------------------------------------------
epoch: 411
	 train loss: 	 3.988962964358554
-------------------------------------------------------------------------
epoch: 412
	 train loss: 	 3.98892733643082
-------------------------------------------------------------------------
epoch: 413
	 train loss: 	 3.988951990051826
-------------------------------------------------------------------------
epoch: 414
	 train loss: 	 3.9890335980845038
-------------------------------------------------------------------------
epoch: 415
	 train loss: 	 3.9889849642687136
-------------------------------------------------------------------------
epoch: 416
	 train loss: 	 3.989056820517807
-------------------------------------------------------------------------
epoch: 417
	 train loss: 	 3.9892895372412385
-------------------------------------------------------------------------
epoch: 418
	 train loss: 	 3.9892683745976205
-------------------------------------------------------------------------
epoch: 419
	 train loss: 	 3.989088916991093
-------------------------------------------------------------------------
epoch: 420
	 train loss: 	 3.989175303538769
-------------------------------------------------------------------------
epoch: 421
	 train loss: 	 3.9889157326526736
-------------------------------------------------------------------------
epoch: 422
	 train loss: 	 3.9890304928467377
-------------------------------------------------------------------------
epoch: 423
	 train loss: 	 3.9889372796834577
-------------------------------------------------------------------------
epoch: 424
	 train loss: 	 3.988976378591559
-------------------------------------------------------------------------
epoch: 425
	 train loss: 	 3.989054303887984
-------------------------------------------------------------------------
epoch: 426
	 train loss: 	 3.9890293541758335
-------------------------------------------------------------------------
epoch: 427
	 train loss: 	 3.988982995383357
-------------------------------------------------------------------------
epoch: 428
	 train loss: 	 3.9889648744120976
-------------------------------------------------------------------------
epoch: 429
	 train loss: 	 3.988951422793359
-------------------------------------------------------------------------
epoch: 430
	 train loss: 	 3.98890718040049
-------------------------------------------------------------------------
epoch: 431
	 train loss: 	 3.9891553919164635
-------------------------------------------------------------------------
epoch: 432
	 train loss: 	 3.9889908250379023
-------------------------------------------------------------------------
epoch: 433
	 train loss: 	 3.9891925701445854
-------------------------------------------------------------------------
epoch: 434
	 train loss: 	 3.9892459568753234
-------------------------------------------------------------------------
epoch: 435
	 train loss: 	 3.9891352482514404
-------------------------------------------------------------------------
epoch: 436
	 train loss: 	 3.989031942292589
-------------------------------------------------------------------------
epoch: 437
	 train loss: 	 3.9892957609515136
-------------------------------------------------------------------------
epoch: 438
	 train loss: 	 3.989125781739357
-------------------------------------------------------------------------
epoch: 439
	 train loss: 	 3.988958604042109
-------------------------------------------------------------------------
epoch: 440
	 train loss: 	 3.9889055334961396
-------------------------------------------------------------------------
epoch: 441
	 train loss: 	 3.989059534895942
-------------------------------------------------------------------------
epoch: 442
	 train loss: 	 3.9889412842075096
-------------------------------------------------------------------------
epoch: 443
	 train loss: 	 3.9889042856627577
-------------------------------------------------------------------------
epoch: 444
	 train loss: 	 3.988962861571938
-------------------------------------------------------------------------
epoch: 445
	 train loss: 	 3.9889753390363203
-------------------------------------------------------------------------
epoch: 446
	 train loss: 	 3.9892891172072105
-------------------------------------------------------------------------
epoch: 447
	 train loss: 	 3.9892600226054507
-------------------------------------------------------------------------
epoch: 448
	 train loss: 	 3.989061890873376
-------------------------------------------------------------------------
epoch: 449
	 train loss: 	 3.9890253987265947
-------------------------------------------------------------------------
epoch: 450
	 train loss: 	 3.9891358901847704
-------------------------------------------------------------------------
epoch: 451
	 train loss: 	 3.9889637658816297
-------------------------------------------------------------------------
epoch: 452
	 train loss: 	 3.9891942419727577
-------------------------------------------------------------------------
epoch: 453
	 train loss: 	 3.9890131477019004
-------------------------------------------------------------------------
epoch: 454
	 train loss: 	 3.989026272702642
-------------------------------------------------------------------------
epoch: 455
	 train loss: 	 3.989005248395898
-------------------------------------------------------------------------
epoch: 456
	 train loss: 	 3.988846019369277
-------------------------------------------------------------------------
epoch: 457
	 train loss: 	 3.9887617356966536
-------------------------------------------------------------------------
epoch: 458
	 train loss: 	 3.989096073026209
-------------------------------------------------------------------------
epoch: 459
	 train loss: 	 3.988849546959566
-------------------------------------------------------------------------
epoch: 460
	 train loss: 	 3.9888582367757923
-------------------------------------------------------------------------
epoch: 461
	 train loss: 	 3.989147308579913
-------------------------------------------------------------------------
epoch: 462
	 train loss: 	 3.9893268160340853
-------------------------------------------------------------------------
epoch: 463
	 train loss: 	 3.988992778563229
-------------------------------------------------------------------------
epoch: 464
	 train loss: 	 3.9887363441179793
-------------------------------------------------------------------------
epoch: 465
	 train loss: 	 3.9891564617087427
-------------------------------------------------------------------------
epoch: 466
	 train loss: 	 3.9890698698776466
-------------------------------------------------------------------------
epoch: 467
	 train loss: 	 3.988883264833756
-------------------------------------------------------------------------
epoch: 468
	 train loss: 	 3.9889443531221858
-------------------------------------------------------------------------
epoch: 469
	 train loss: 	 3.988884759297054
-------------------------------------------------------------------------
epoch: 470
	 train loss: 	 3.9890425201366555
-------------------------------------------------------------------------
epoch: 471
	 train loss: 	 3.9889404347688684
-------------------------------------------------------------------------
epoch: 472
	 train loss: 	 3.9889317966357623
-------------------------------------------------------------------------
epoch: 473
	 train loss: 	 3.9890968832436413
-------------------------------------------------------------------------
epoch: 474
	 train loss: 	 3.9890012207834995
-------------------------------------------------------------------------
epoch: 475
	 train loss: 	 3.9889470567772802
-------------------------------------------------------------------------
epoch: 476
	 train loss: 	 3.9890331706119704
-------------------------------------------------------------------------
epoch: 477
	 train loss: 	 3.988993730595278
-------------------------------------------------------------------------
epoch: 478
	 train loss: 	 3.989102000548735
-------------------------------------------------------------------------
epoch: 479
	 train loss: 	 3.989013717858486
-------------------------------------------------------------------------
epoch: 480
	 train loss: 	 3.988887405279583
-------------------------------------------------------------------------
epoch: 481
	 train loss: 	 3.988741167650424
-------------------------------------------------------------------------
epoch: 482
	 train loss: 	 3.9889566440443165
-------------------------------------------------------------------------
epoch: 483
	 train loss: 	 3.9889737296143073
-------------------------------------------------------------------------
epoch: 484
	 train loss: 	 3.989307840021155
-------------------------------------------------------------------------
epoch: 485
	 train loss: 	 3.988953016372322
-------------------------------------------------------------------------
epoch: 486
	 train loss: 	 3.9889959670736106
-------------------------------------------------------------------------
epoch: 487
	 train loss: 	 3.9892223410706853
-------------------------------------------------------------------------
epoch: 488
	 train loss: 	 3.988882378009382
-------------------------------------------------------------------------
epoch: 489
	 train loss: 	 3.9890147432129424
-------------------------------------------------------------------------
epoch: 490
	 train loss: 	 3.9890364118681156
-------------------------------------------------------------------------
epoch: 491
	 train loss: 	 3.9889469682880505
-------------------------------------------------------------------------
epoch: 492
	 train loss: 	 3.988991176579721
-------------------------------------------------------------------------
epoch: 493
	 train loss: 	 3.988930428627051
-------------------------------------------------------------------------
epoch: 494
	 train loss: 	 3.989136055280942
-------------------------------------------------------------------------
epoch: 495
	 train loss: 	 3.98887798900156
-------------------------------------------------------------------------
epoch: 496
	 train loss: 	 3.988894573680006
-------------------------------------------------------------------------
epoch: 497
	 train loss: 	 3.98892406725613
-------------------------------------------------------------------------
epoch: 498
	 train loss: 	 3.989032804965973
-------------------------------------------------------------------------
epoch: 499
	 train loss: 	 3.989034193068308
