slurmstepd-arbach: error: Unable to create TMPDIR [/tmp/user/31667]: Permission denied
slurmstepd-arbach: error: Setting TMPDIR to /tmp
-------------------------------------------------------------------------
Training BIOS tagger on Atis.json data set using FOFE model
-------------------------------------------------------------------------
Model parameters: 
 number of epochs: 500 
 batch size: 20  
 embedding size: 100 
 hidden size: 200 
 learning rate: 0.001 
 regularisation factor: 0.0
-------------------------------------------------------------------------
epoch: 0
	 train loss: 	 4.621397502422333
	 fofe.forgetting_factor 	 tensor(0.5463, device='cuda:0')
	 dev loss 	 4.493319902420044
	 acc 	 0.14705882352941171
	 f1 macro 	 0.044340787380261065
	 f1 micro 	 0.14705882352941171
-------------------------------------------------------------------------
epoch: 1
	 train loss: 	 4.420845427513123
-------------------------------------------------------------------------
epoch: 2
	 train loss: 	 4.292819739580154
-------------------------------------------------------------------------
epoch: 3
	 train loss: 	 4.180839092731476
-------------------------------------------------------------------------
epoch: 4
	 train loss: 	 4.096821147203445
-------------------------------------------------------------------------
epoch: 5
	 train loss: 	 4.018652082681656
-------------------------------------------------------------------------
epoch: 6
	 train loss: 	 3.958828089237213
-------------------------------------------------------------------------
epoch: 7
	 train loss: 	 3.9012623608112333
-------------------------------------------------------------------------
epoch: 8
	 train loss: 	 3.871526154279709
-------------------------------------------------------------------------
epoch: 9
	 train loss: 	 3.831440542936325
-------------------------------------------------------------------------
epoch: 10
	 train loss: 	 3.797825412750244
-------------------------------------------------------------------------
epoch: 11
	 train loss: 	 3.7696173882484434
-------------------------------------------------------------------------
epoch: 12
	 train loss: 	 3.7561837315559385
-------------------------------------------------------------------------
epoch: 13
	 train loss: 	 3.7427809822559355
-------------------------------------------------------------------------
epoch: 14
	 train loss: 	 3.724880938529968
-------------------------------------------------------------------------
epoch: 15
	 train loss: 	 3.7221212017536165
-------------------------------------------------------------------------
epoch: 16
	 train loss: 	 3.7142297554016115
-------------------------------------------------------------------------
epoch: 17
	 train loss: 	 3.7121203899383546
-------------------------------------------------------------------------
epoch: 18
	 train loss: 	 3.7003288757801056
-------------------------------------------------------------------------
epoch: 19
	 train loss: 	 3.6949253940582274
-------------------------------------------------------------------------
epoch: 20
	 train loss: 	 3.685550698041916
-------------------------------------------------------------------------
epoch: 21
	 train loss: 	 3.6821950018405913
-------------------------------------------------------------------------
epoch: 22
	 train loss: 	 3.680801450014114
-------------------------------------------------------------------------
epoch: 23
	 train loss: 	 3.69412553191185
-------------------------------------------------------------------------
epoch: 24
	 train loss: 	 3.670664187669754
-------------------------------------------------------------------------
epoch: 25
	 train loss: 	 3.6709875428676604
-------------------------------------------------------------------------
epoch: 26
	 train loss: 	 3.665994786024094
-------------------------------------------------------------------------
epoch: 27
	 train loss: 	 3.6680137598514557
-------------------------------------------------------------------------
epoch: 28
	 train loss: 	 3.6761612033843996
-------------------------------------------------------------------------
epoch: 29
	 train loss: 	 3.6658253717422484
-------------------------------------------------------------------------
epoch: 30
	 train loss: 	 3.6670316994190215
-------------------------------------------------------------------------
epoch: 31
	 train loss: 	 3.6606031346321104
-------------------------------------------------------------------------
epoch: 32
	 train loss: 	 3.662991293668747
-------------------------------------------------------------------------
epoch: 33
	 train loss: 	 3.6557117426395416
-------------------------------------------------------------------------
epoch: 34
	 train loss: 	 3.6535204708576203
-------------------------------------------------------------------------
epoch: 35
	 train loss: 	 3.657795339822769
-------------------------------------------------------------------------
epoch: 36
	 train loss: 	 3.655310035943985
-------------------------------------------------------------------------
epoch: 37
	 train loss: 	 3.6569207322597506
-------------------------------------------------------------------------
epoch: 38
	 train loss: 	 3.651737232208252
-------------------------------------------------------------------------
epoch: 39
	 train loss: 	 3.6525240302085877
-------------------------------------------------------------------------
epoch: 40
	 train loss: 	 3.6487452638149263
-------------------------------------------------------------------------
epoch: 41
	 train loss: 	 3.6488138377666473
-------------------------------------------------------------------------
epoch: 42
	 train loss: 	 3.6468587625026703
-------------------------------------------------------------------------
epoch: 43
	 train loss: 	 3.652294442653656
-------------------------------------------------------------------------
epoch: 44
	 train loss: 	 3.648036787509918
-------------------------------------------------------------------------
epoch: 45
	 train loss: 	 3.644971902370453
-------------------------------------------------------------------------
epoch: 46
	 train loss: 	 3.6425011670589447
-------------------------------------------------------------------------
epoch: 47
	 train loss: 	 3.6439490973949433
-------------------------------------------------------------------------
epoch: 48
	 train loss: 	 3.6492588782310484
-------------------------------------------------------------------------
epoch: 49
	 train loss: 	 3.6446359503269194
-------------------------------------------------------------------------
epoch: 50
	 train loss: 	 3.6435253584384917
-------------------------------------------------------------------------
epoch: 51
	 train loss: 	 3.6459860146045684
-------------------------------------------------------------------------
epoch: 52
	 train loss: 	 3.6443473184108734
-------------------------------------------------------------------------
epoch: 53
	 train loss: 	 3.644455543756485
-------------------------------------------------------------------------
epoch: 54
	 train loss: 	 3.6465613555908205
-------------------------------------------------------------------------
epoch: 55
	 train loss: 	 3.646647346019745
-------------------------------------------------------------------------
epoch: 56
	 train loss: 	 3.6395877707004547
-------------------------------------------------------------------------
epoch: 57
	 train loss: 	 3.6340645217895506
-------------------------------------------------------------------------
epoch: 58
	 train loss: 	 3.6406058073043823
-------------------------------------------------------------------------
epoch: 59
	 train loss: 	 3.636158093214035
-------------------------------------------------------------------------
epoch: 60
	 train loss: 	 3.6374752843379974
-------------------------------------------------------------------------
epoch: 61
	 train loss: 	 3.637986371517181
-------------------------------------------------------------------------
epoch: 62
	 train loss: 	 3.6392620241642
-------------------------------------------------------------------------
epoch: 63
	 train loss: 	 3.636911996603012
-------------------------------------------------------------------------
epoch: 64
	 train loss: 	 3.635355212688446
-------------------------------------------------------------------------
epoch: 65
	 train loss: 	 3.6313650131225588
-------------------------------------------------------------------------
epoch: 66
	 train loss: 	 3.632421226501465
-------------------------------------------------------------------------
epoch: 67
	 train loss: 	 3.6332638490200044
-------------------------------------------------------------------------
epoch: 68
	 train loss: 	 3.6331106173992156
-------------------------------------------------------------------------
epoch: 69
	 train loss: 	 3.6325022780895235
-------------------------------------------------------------------------
epoch: 70
	 train loss: 	 3.637557394504547
-------------------------------------------------------------------------
epoch: 71
	 train loss: 	 3.6294675886631014
-------------------------------------------------------------------------
epoch: 72
	 train loss: 	 3.627529090642929
-------------------------------------------------------------------------
epoch: 73
	 train loss: 	 3.6297104680538177
-------------------------------------------------------------------------
epoch: 74
	 train loss: 	 3.633278591632843
-------------------------------------------------------------------------
epoch: 75
	 train loss: 	 3.6332706379890443
-------------------------------------------------------------------------
epoch: 76
	 train loss: 	 3.6307439541816713
-------------------------------------------------------------------------
epoch: 77
	 train loss: 	 3.6268488454818724
-------------------------------------------------------------------------
epoch: 78
	 train loss: 	 3.6252148830890656
-------------------------------------------------------------------------
epoch: 79
	 train loss: 	 3.6248590075969696
-------------------------------------------------------------------------
epoch: 80
	 train loss: 	 3.6235487806797027
-------------------------------------------------------------------------
epoch: 81
	 train loss: 	 3.6248461174964905
-------------------------------------------------------------------------
epoch: 82
	 train loss: 	 3.6240559113025665
-------------------------------------------------------------------------
epoch: 83
	 train loss: 	 3.6284720635414125
-------------------------------------------------------------------------
epoch: 84
	 train loss: 	 3.6252097058296204
-------------------------------------------------------------------------
epoch: 85
	 train loss: 	 3.62397167801857
-------------------------------------------------------------------------
epoch: 86
	 train loss: 	 3.621683052778244
-------------------------------------------------------------------------
epoch: 87
	 train loss: 	 3.6235565304756165
-------------------------------------------------------------------------
epoch: 88
	 train loss: 	 3.626536740064621
-------------------------------------------------------------------------
epoch: 89
	 train loss: 	 3.6198575949668883
-------------------------------------------------------------------------
epoch: 90
	 train loss: 	 3.623316373825073
-------------------------------------------------------------------------
epoch: 91
	 train loss: 	 3.62049423456192
-------------------------------------------------------------------------
epoch: 92
	 train loss: 	 3.6247753882408142
-------------------------------------------------------------------------
epoch: 93
	 train loss: 	 3.619616322517395
-------------------------------------------------------------------------
epoch: 94
	 train loss: 	 3.6241393733024596
-------------------------------------------------------------------------
epoch: 95
	 train loss: 	 3.6209510123729705
-------------------------------------------------------------------------
epoch: 96
	 train loss: 	 3.6174203073978424
-------------------------------------------------------------------------
epoch: 97
	 train loss: 	 3.620883971452713
-------------------------------------------------------------------------
epoch: 98
	 train loss: 	 3.6194808673858643
-------------------------------------------------------------------------
epoch: 99
	 train loss: 	 3.61778669834137
-------------------------------------------------------------------------
epoch: 100
	 train loss: 	 3.6222725284099577
	 fofe.forgetting_factor 	 tensor(0.5436, device='cuda:0')
	 dev loss 	 3.751844563484192
	 acc 	 0.22647058823529398
	 f1 macro 	 0.06209120605224503
	 f1 micro 	 0.22647058823529398
-------------------------------------------------------------------------
epoch: 101
	 train loss: 	 3.6165145790576934
-------------------------------------------------------------------------
epoch: 102
	 train loss: 	 3.6192016756534575
-------------------------------------------------------------------------
epoch: 103
	 train loss: 	 3.6113038742542267
-------------------------------------------------------------------------
epoch: 104
	 train loss: 	 3.6140730893611908
-------------------------------------------------------------------------
epoch: 105
	 train loss: 	 3.6143820679187773
-------------------------------------------------------------------------
epoch: 106
	 train loss: 	 3.615367876291275
-------------------------------------------------------------------------
epoch: 107
	 train loss: 	 3.6178518533706665
-------------------------------------------------------------------------
epoch: 108
	 train loss: 	 3.6178838133811952
-------------------------------------------------------------------------
epoch: 109
	 train loss: 	 3.6152276742458342
-------------------------------------------------------------------------
epoch: 110
	 train loss: 	 3.614239594936371
-------------------------------------------------------------------------
epoch: 111
	 train loss: 	 3.6142675006389617
-------------------------------------------------------------------------
epoch: 112
	 train loss: 	 3.609420281648636
-------------------------------------------------------------------------
epoch: 113
	 train loss: 	 3.607381591796875
-------------------------------------------------------------------------
epoch: 114
	 train loss: 	 3.6099047565460207
-------------------------------------------------------------------------
epoch: 115
	 train loss: 	 3.6094371032714845
-------------------------------------------------------------------------
epoch: 116
	 train loss: 	 3.6138637971878054
-------------------------------------------------------------------------
epoch: 117
	 train loss: 	 3.6070676124095917
-------------------------------------------------------------------------
epoch: 118
	 train loss: 	 3.614111741781235
-------------------------------------------------------------------------
epoch: 119
	 train loss: 	 3.608883794546127
-------------------------------------------------------------------------
epoch: 120
	 train loss: 	 3.608888683319092
-------------------------------------------------------------------------
epoch: 121
	 train loss: 	 3.6067802369594575
-------------------------------------------------------------------------
epoch: 122
	 train loss: 	 3.6068864703178405
-------------------------------------------------------------------------
epoch: 123
	 train loss: 	 3.6065048241615294
-------------------------------------------------------------------------
epoch: 124
	 train loss: 	 3.6077767384052275
-------------------------------------------------------------------------
epoch: 125
	 train loss: 	 3.6069012665748597
-------------------------------------------------------------------------
epoch: 126
	 train loss: 	 3.6092579734325407
-------------------------------------------------------------------------
epoch: 127
	 train loss: 	 3.611298619508743
-------------------------------------------------------------------------
epoch: 128
	 train loss: 	 3.6047238326072693
-------------------------------------------------------------------------
epoch: 129
	 train loss: 	 3.6075833117961884
-------------------------------------------------------------------------
epoch: 130
	 train loss: 	 3.6058149874210357
-------------------------------------------------------------------------
epoch: 131
	 train loss: 	 3.6064352917671205
-------------------------------------------------------------------------
epoch: 132
	 train loss: 	 3.602462166547775
-------------------------------------------------------------------------
epoch: 133
	 train loss: 	 3.601146527528763
-------------------------------------------------------------------------
epoch: 134
	 train loss: 	 3.6017033433914185
-------------------------------------------------------------------------
epoch: 135
	 train loss: 	 3.6005655789375304
-------------------------------------------------------------------------
epoch: 136
	 train loss: 	 3.6067050552368163
-------------------------------------------------------------------------
epoch: 137
	 train loss: 	 3.6025631940364837
-------------------------------------------------------------------------
epoch: 138
	 train loss: 	 3.6044313180446625
-------------------------------------------------------------------------
epoch: 139
	 train loss: 	 3.603354889154434
-------------------------------------------------------------------------
epoch: 140
	 train loss: 	 3.6021261858940123
-------------------------------------------------------------------------
epoch: 141
	 train loss: 	 3.599156837463379
-------------------------------------------------------------------------
epoch: 142
	 train loss: 	 3.601606022119522
-------------------------------------------------------------------------
epoch: 143
	 train loss: 	 3.599327645301819
-------------------------------------------------------------------------
epoch: 144
	 train loss: 	 3.6013165414333344
-------------------------------------------------------------------------
epoch: 145
	 train loss: 	 3.5981875801086427
-------------------------------------------------------------------------
epoch: 146
	 train loss: 	 3.594323296546936
-------------------------------------------------------------------------
epoch: 147
	 train loss: 	 3.5981291234493256
-------------------------------------------------------------------------
epoch: 148
	 train loss: 	 3.5967683744430543
-------------------------------------------------------------------------
epoch: 149
	 train loss: 	 3.598793489933014
-------------------------------------------------------------------------
epoch: 150
	 train loss: 	 3.598088268041611
-------------------------------------------------------------------------
epoch: 151
	 train loss: 	 3.5999617648124693
-------------------------------------------------------------------------
epoch: 152
	 train loss: 	 3.597709673643112
-------------------------------------------------------------------------
epoch: 153
	 train loss: 	 3.5949995481967925
-------------------------------------------------------------------------
epoch: 154
	 train loss: 	 3.5932113575935363
-------------------------------------------------------------------------
epoch: 155
	 train loss: 	 3.5988747799396514
-------------------------------------------------------------------------
epoch: 156
	 train loss: 	 3.5953454720973967
-------------------------------------------------------------------------
epoch: 157
	 train loss: 	 3.5964773762226105
-------------------------------------------------------------------------
epoch: 158
	 train loss: 	 3.595046854019165
-------------------------------------------------------------------------
epoch: 159
	 train loss: 	 3.5923339235782623
-------------------------------------------------------------------------
epoch: 160
	 train loss: 	 3.592411639690399
-------------------------------------------------------------------------
epoch: 161
	 train loss: 	 3.592165117263794
-------------------------------------------------------------------------
epoch: 162
	 train loss: 	 3.5920777022838593
-------------------------------------------------------------------------
epoch: 163
	 train loss: 	 3.5964141595363617
-------------------------------------------------------------------------
epoch: 164
	 train loss: 	 3.593376717567444
-------------------------------------------------------------------------
epoch: 165
	 train loss: 	 3.5921315002441405
-------------------------------------------------------------------------
epoch: 166
	 train loss: 	 3.592220929861069
-------------------------------------------------------------------------
epoch: 167
	 train loss: 	 3.589300928115845
-------------------------------------------------------------------------
epoch: 168
	 train loss: 	 3.5933429419994356
-------------------------------------------------------------------------
epoch: 169
	 train loss: 	 3.5910909855365754
-------------------------------------------------------------------------
epoch: 170
	 train loss: 	 3.5862889790534975
-------------------------------------------------------------------------
epoch: 171
	 train loss: 	 3.588748120069504
-------------------------------------------------------------------------
epoch: 172
	 train loss: 	 3.589902354478836
-------------------------------------------------------------------------
epoch: 173
	 train loss: 	 3.595952218770981
-------------------------------------------------------------------------
epoch: 174
	 train loss: 	 3.5915454065799715
-------------------------------------------------------------------------
epoch: 175
	 train loss: 	 3.586058830022812
-------------------------------------------------------------------------
epoch: 176
	 train loss: 	 3.5907642543315887
-------------------------------------------------------------------------
epoch: 177
	 train loss: 	 3.590388745069504
-------------------------------------------------------------------------
epoch: 178
	 train loss: 	 3.5880733585357665
-------------------------------------------------------------------------
epoch: 179
	 train loss: 	 3.589883131980896
-------------------------------------------------------------------------
epoch: 180
	 train loss: 	 3.5881957709789276
-------------------------------------------------------------------------
epoch: 181
	 train loss: 	 3.588793588876724
-------------------------------------------------------------------------
epoch: 182
	 train loss: 	 3.5929035639762876
-------------------------------------------------------------------------
epoch: 183
	 train loss: 	 3.586161081790924
-------------------------------------------------------------------------
epoch: 184
	 train loss: 	 3.586094145774841
-------------------------------------------------------------------------
epoch: 185
	 train loss: 	 3.5838066685199736
-------------------------------------------------------------------------
epoch: 186
	 train loss: 	 3.585116912126541
-------------------------------------------------------------------------
epoch: 187
	 train loss: 	 3.5846620535850526
-------------------------------------------------------------------------
epoch: 188
	 train loss: 	 3.5887001085281374
-------------------------------------------------------------------------
epoch: 189
	 train loss: 	 3.5832081198692323
-------------------------------------------------------------------------
epoch: 190
	 train loss: 	 3.5876446735858916
-------------------------------------------------------------------------
epoch: 191
	 train loss: 	 3.590225248336792
-------------------------------------------------------------------------
epoch: 192
	 train loss: 	 3.5857477474212645
-------------------------------------------------------------------------
epoch: 193
	 train loss: 	 3.582978026866913
-------------------------------------------------------------------------
epoch: 194
	 train loss: 	 3.577333024740219
-------------------------------------------------------------------------
epoch: 195
	 train loss: 	 3.5810806274414064
-------------------------------------------------------------------------
epoch: 196
	 train loss: 	 3.5793606758117678
-------------------------------------------------------------------------
epoch: 197
	 train loss: 	 3.5848409032821653
-------------------------------------------------------------------------
epoch: 198
	 train loss: 	 3.5824963641166687
-------------------------------------------------------------------------
epoch: 199
	 train loss: 	 3.589603967666626
-------------------------------------------------------------------------
epoch: 200
	 train loss: 	 3.586136895418167
	 fofe.forgetting_factor 	 tensor(0.5347, device='cuda:0')
	 dev loss 	 3.767632737159729
	 acc 	 0.22647058823529398
	 f1 macro 	 0.06379082604922526
	 f1 micro 	 0.22647058823529398
-------------------------------------------------------------------------
epoch: 201
	 train loss: 	 3.583318530321121
-------------------------------------------------------------------------
epoch: 202
	 train loss: 	 3.5811529195308687
-------------------------------------------------------------------------
epoch: 203
	 train loss: 	 3.576381050348282
-------------------------------------------------------------------------
epoch: 204
	 train loss: 	 3.5785557210445402
-------------------------------------------------------------------------
epoch: 205
	 train loss: 	 3.5848945820331575
-------------------------------------------------------------------------
epoch: 206
	 train loss: 	 3.585163297653198
-------------------------------------------------------------------------
epoch: 207
	 train loss: 	 3.5793873488903047
-------------------------------------------------------------------------
epoch: 208
	 train loss: 	 3.578177788257599
-------------------------------------------------------------------------
epoch: 209
	 train loss: 	 3.5784628784656523
-------------------------------------------------------------------------
epoch: 210
	 train loss: 	 3.5775404953956604
-------------------------------------------------------------------------
epoch: 211
	 train loss: 	 3.58170418381691
-------------------------------------------------------------------------
epoch: 212
	 train loss: 	 3.5781796205043794
-------------------------------------------------------------------------
epoch: 213
	 train loss: 	 3.5741576969623567
-------------------------------------------------------------------------
epoch: 214
	 train loss: 	 3.5794464886188506
-------------------------------------------------------------------------
epoch: 215
	 train loss: 	 3.5790552520751953
-------------------------------------------------------------------------
epoch: 216
	 train loss: 	 3.575549694299698
-------------------------------------------------------------------------
epoch: 217
	 train loss: 	 3.585704444646835
-------------------------------------------------------------------------
epoch: 218
	 train loss: 	 3.57866348028183
-------------------------------------------------------------------------
epoch: 219
	 train loss: 	 3.5749976110458372
-------------------------------------------------------------------------
epoch: 220
	 train loss: 	 3.577612279653549
-------------------------------------------------------------------------
epoch: 221
	 train loss: 	 3.573824089765549
-------------------------------------------------------------------------
epoch: 222
	 train loss: 	 3.574912357330322
-------------------------------------------------------------------------
epoch: 223
	 train loss: 	 3.5783647203445437
-------------------------------------------------------------------------
epoch: 224
	 train loss: 	 3.577504345178604
-------------------------------------------------------------------------
epoch: 225
	 train loss: 	 3.577695760726929
-------------------------------------------------------------------------
epoch: 226
	 train loss: 	 3.573765331506729
-------------------------------------------------------------------------
epoch: 227
	 train loss: 	 3.5769020545482637
-------------------------------------------------------------------------
epoch: 228
	 train loss: 	 3.5740499699115755
-------------------------------------------------------------------------
epoch: 229
	 train loss: 	 3.5713604044914247
-------------------------------------------------------------------------
epoch: 230
	 train loss: 	 3.5775337290763853
-------------------------------------------------------------------------
epoch: 231
	 train loss: 	 3.574159162044525
-------------------------------------------------------------------------
epoch: 232
	 train loss: 	 3.5798461306095124
-------------------------------------------------------------------------
epoch: 233
	 train loss: 	 3.57368194103241
-------------------------------------------------------------------------
epoch: 234
	 train loss: 	 3.5694871234893797
-------------------------------------------------------------------------
epoch: 235
	 train loss: 	 3.572825891971588
-------------------------------------------------------------------------
epoch: 236
	 train loss: 	 3.5725845348834993
-------------------------------------------------------------------------
epoch: 237
	 train loss: 	 3.574901204109192
-------------------------------------------------------------------------
epoch: 238
	 train loss: 	 3.5730332374572753
-------------------------------------------------------------------------
epoch: 239
	 train loss: 	 3.570111063718796
-------------------------------------------------------------------------
epoch: 240
	 train loss: 	 3.5691464745998385
-------------------------------------------------------------------------
epoch: 241
	 train loss: 	 3.571256546974182
-------------------------------------------------------------------------
epoch: 242
	 train loss: 	 3.570475833415985
-------------------------------------------------------------------------
epoch: 243
	 train loss: 	 3.5659584939479827
-------------------------------------------------------------------------
epoch: 244
	 train loss: 	 3.575613874197006
-------------------------------------------------------------------------
epoch: 245
	 train loss: 	 3.572774667739868
-------------------------------------------------------------------------
epoch: 246
	 train loss: 	 3.572108733654022
-------------------------------------------------------------------------
epoch: 247
	 train loss: 	 3.5735402619838714
-------------------------------------------------------------------------
epoch: 248
	 train loss: 	 3.572506263256073
-------------------------------------------------------------------------
epoch: 249
	 train loss: 	 3.5678148472309115
-------------------------------------------------------------------------
epoch: 250
	 train loss: 	 3.5760405004024505
-------------------------------------------------------------------------
epoch: 251
	 train loss: 	 3.5673769068717958
-------------------------------------------------------------------------
epoch: 252
	 train loss: 	 3.569476374387741
-------------------------------------------------------------------------
epoch: 253
	 train loss: 	 3.5795972526073454
-------------------------------------------------------------------------
epoch: 254
	 train loss: 	 3.5701967203617095
-------------------------------------------------------------------------
epoch: 255
	 train loss: 	 3.569565691947937
-------------------------------------------------------------------------
epoch: 256
	 train loss: 	 3.567650136947632
-------------------------------------------------------------------------
epoch: 257
	 train loss: 	 3.5659376871585846
-------------------------------------------------------------------------
epoch: 258
	 train loss: 	 3.570191425085068
-------------------------------------------------------------------------
epoch: 259
	 train loss: 	 3.567162289619446
-------------------------------------------------------------------------
epoch: 260
	 train loss: 	 3.5691774785518646
-------------------------------------------------------------------------
epoch: 261
	 train loss: 	 3.5700277388095856
-------------------------------------------------------------------------
epoch: 262
	 train loss: 	 3.5649326884746553
-------------------------------------------------------------------------
epoch: 263
	 train loss: 	 3.56831693649292
-------------------------------------------------------------------------
epoch: 264
	 train loss: 	 3.5708425104618073
-------------------------------------------------------------------------
epoch: 265
	 train loss: 	 3.5719478607177733
-------------------------------------------------------------------------
epoch: 266
	 train loss: 	 3.564138025045395
-------------------------------------------------------------------------
epoch: 267
	 train loss: 	 3.5642394959926604
-------------------------------------------------------------------------
epoch: 268
	 train loss: 	 3.5634705948829652
-------------------------------------------------------------------------
epoch: 269
	 train loss: 	 3.564610718488693
-------------------------------------------------------------------------
epoch: 270
	 train loss: 	 3.561940587759018
-------------------------------------------------------------------------
epoch: 271
	 train loss: 	 3.563268300294876
-------------------------------------------------------------------------
epoch: 272
	 train loss: 	 3.5664211225509646
-------------------------------------------------------------------------
epoch: 273
	 train loss: 	 3.56331768989563
-------------------------------------------------------------------------
epoch: 274
	 train loss: 	 3.5655326330661774
-------------------------------------------------------------------------
epoch: 275
	 train loss: 	 3.5635811674594877
-------------------------------------------------------------------------
epoch: 276
	 train loss: 	 3.562913638353348
-------------------------------------------------------------------------
epoch: 277
	 train loss: 	 3.5639946806430816
-------------------------------------------------------------------------
epoch: 278
	 train loss: 	 3.562719005346298
-------------------------------------------------------------------------
epoch: 279
	 train loss: 	 3.5617275011539458
-------------------------------------------------------------------------
epoch: 280
	 train loss: 	 3.5635231280326845
-------------------------------------------------------------------------
epoch: 281
	 train loss: 	 3.5725525879859923
-------------------------------------------------------------------------
epoch: 282
	 train loss: 	 3.5699959433078767
-------------------------------------------------------------------------
epoch: 283
	 train loss: 	 3.5604737901687624
-------------------------------------------------------------------------
epoch: 284
	 train loss: 	 3.565402364730835
-------------------------------------------------------------------------
epoch: 285
	 train loss: 	 3.563186719417572
-------------------------------------------------------------------------
epoch: 286
	 train loss: 	 3.5653966546058653
-------------------------------------------------------------------------
epoch: 287
	 train loss: 	 3.563896403312683
-------------------------------------------------------------------------
epoch: 288
	 train loss: 	 3.564934377670288
-------------------------------------------------------------------------
epoch: 289
	 train loss: 	 3.5686011445522308
-------------------------------------------------------------------------
epoch: 290
	 train loss: 	 3.564130266904831
-------------------------------------------------------------------------
epoch: 291
	 train loss: 	 3.561770751476288
-------------------------------------------------------------------------
epoch: 292
	 train loss: 	 3.559731605052948
-------------------------------------------------------------------------
epoch: 293
	 train loss: 	 3.560872846841812
-------------------------------------------------------------------------
epoch: 294
	 train loss: 	 3.561472556591034
-------------------------------------------------------------------------
epoch: 295
	 train loss: 	 3.5560210061073305
-------------------------------------------------------------------------
epoch: 296
	 train loss: 	 3.5650909435749054
-------------------------------------------------------------------------
epoch: 297
	 train loss: 	 3.5598904979228974
-------------------------------------------------------------------------
epoch: 298
	 train loss: 	 3.5583873236179353
-------------------------------------------------------------------------
epoch: 299
	 train loss: 	 3.5586999642848967
-------------------------------------------------------------------------
epoch: 300
	 train loss: 	 3.558360456228256
	 fofe.forgetting_factor 	 tensor(0.5192, device='cuda:0')
	 dev loss 	 3.824808406829834
	 acc 	 0.22647058823529398
	 f1 macro 	 0.06379082604922526
	 f1 micro 	 0.22647058823529398
-------------------------------------------------------------------------
epoch: 301
	 train loss: 	 3.552483205795288
-------------------------------------------------------------------------
epoch: 302
	 train loss: 	 3.558690028190613
-------------------------------------------------------------------------
epoch: 303
	 train loss: 	 3.5588099455833433
-------------------------------------------------------------------------
epoch: 304
	 train loss: 	 3.557420729398727
-------------------------------------------------------------------------
epoch: 305
	 train loss: 	 3.5574200630187987
-------------------------------------------------------------------------
epoch: 306
	 train loss: 	 3.5600073599815367
-------------------------------------------------------------------------
epoch: 307
	 train loss: 	 3.559567320346832
-------------------------------------------------------------------------
epoch: 308
	 train loss: 	 3.561442050933838
-------------------------------------------------------------------------
epoch: 309
	 train loss: 	 3.562324558496475
-------------------------------------------------------------------------
epoch: 310
	 train loss: 	 3.553968348503113
-------------------------------------------------------------------------
epoch: 311
	 train loss: 	 3.56038254737854
-------------------------------------------------------------------------
epoch: 312
	 train loss: 	 3.5618565487861633
-------------------------------------------------------------------------
epoch: 313
	 train loss: 	 3.561568359136581
-------------------------------------------------------------------------
epoch: 314
	 train loss: 	 3.5567566740512846
-------------------------------------------------------------------------
epoch: 315
	 train loss: 	 3.554787271022797
-------------------------------------------------------------------------
epoch: 316
	 train loss: 	 3.554513416290283
-------------------------------------------------------------------------
epoch: 317
	 train loss: 	 3.5545106613636017
-------------------------------------------------------------------------
epoch: 318
	 train loss: 	 3.5553021121025083
-------------------------------------------------------------------------
epoch: 319
	 train loss: 	 3.5537037086486816
-------------------------------------------------------------------------
epoch: 320
	 train loss: 	 3.5554211258888246
-------------------------------------------------------------------------
epoch: 321
	 train loss: 	 3.5556468188762667
-------------------------------------------------------------------------
epoch: 322
	 train loss: 	 3.558411968946457
-------------------------------------------------------------------------
epoch: 323
	 train loss: 	 3.5535422492027284
-------------------------------------------------------------------------
epoch: 324
	 train loss: 	 3.553908369541168
-------------------------------------------------------------------------
epoch: 325
	 train loss: 	 3.555586324930191
-------------------------------------------------------------------------
epoch: 326
	 train loss: 	 3.5540748155117035
-------------------------------------------------------------------------
epoch: 327
	 train loss: 	 3.5560186493396757
-------------------------------------------------------------------------
epoch: 328
	 train loss: 	 3.555941694974899
-------------------------------------------------------------------------
epoch: 329
	 train loss: 	 3.554181773662567
-------------------------------------------------------------------------
epoch: 330
	 train loss: 	 3.551626845598221
-------------------------------------------------------------------------
epoch: 331
	 train loss: 	 3.552975324392319
-------------------------------------------------------------------------
epoch: 332
	 train loss: 	 3.555612258911133
-------------------------------------------------------------------------
epoch: 333
	 train loss: 	 3.5526171100139616
-------------------------------------------------------------------------
epoch: 334
	 train loss: 	 3.553810654878616
-------------------------------------------------------------------------
epoch: 335
	 train loss: 	 3.5541571605205537
-------------------------------------------------------------------------
epoch: 336
	 train loss: 	 3.5540114498138426
-------------------------------------------------------------------------
epoch: 337
	 train loss: 	 3.5532983887195586
-------------------------------------------------------------------------
epoch: 338
	 train loss: 	 3.5509818100929262
-------------------------------------------------------------------------
epoch: 339
	 train loss: 	 3.5492188572883605
-------------------------------------------------------------------------
epoch: 340
	 train loss: 	 3.547897124290466
-------------------------------------------------------------------------
epoch: 341
	 train loss: 	 3.5503571164608
-------------------------------------------------------------------------
epoch: 342
	 train loss: 	 3.549417594671249
-------------------------------------------------------------------------
epoch: 343
	 train loss: 	 3.552306056022644
-------------------------------------------------------------------------
epoch: 344
	 train loss: 	 3.5551287937164306
-------------------------------------------------------------------------
epoch: 345
	 train loss: 	 3.5507789838314054
-------------------------------------------------------------------------
epoch: 346
	 train loss: 	 3.5525103724002838
-------------------------------------------------------------------------
epoch: 347
	 train loss: 	 3.550836493968964
-------------------------------------------------------------------------
epoch: 348
	 train loss: 	 3.550271188020706
-------------------------------------------------------------------------
epoch: 349
	 train loss: 	 3.5553388035297395
-------------------------------------------------------------------------
epoch: 350
	 train loss: 	 3.5553011190891266
-------------------------------------------------------------------------
epoch: 351
	 train loss: 	 3.5476639032363892
-------------------------------------------------------------------------
epoch: 352
	 train loss: 	 3.567275948524475
-------------------------------------------------------------------------
epoch: 353
	 train loss: 	 3.554439870119095
-------------------------------------------------------------------------
epoch: 354
	 train loss: 	 3.553896782398224
-------------------------------------------------------------------------
epoch: 355
	 train loss: 	 3.563261479139328
-------------------------------------------------------------------------
epoch: 356
	 train loss: 	 3.5557423400878907
-------------------------------------------------------------------------
epoch: 357
	 train loss: 	 3.5548917496204377
-------------------------------------------------------------------------
epoch: 358
	 train loss: 	 3.5508166050910948
-------------------------------------------------------------------------
epoch: 359
	 train loss: 	 3.5464760410785674
-------------------------------------------------------------------------
epoch: 360
	 train loss: 	 3.5468913817405703
-------------------------------------------------------------------------
epoch: 361
	 train loss: 	 3.5503591537475585
-------------------------------------------------------------------------
epoch: 362
	 train loss: 	 3.5525006639957426
-------------------------------------------------------------------------
epoch: 363
	 train loss: 	 3.548721203804016
-------------------------------------------------------------------------
epoch: 364
	 train loss: 	 3.5494978272914888
-------------------------------------------------------------------------
epoch: 365
	 train loss: 	 3.550163584947586
-------------------------------------------------------------------------
epoch: 366
	 train loss: 	 3.5465198278427126
-------------------------------------------------------------------------
epoch: 367
	 train loss: 	 3.549479820728302
-------------------------------------------------------------------------
epoch: 368
	 train loss: 	 3.546247924566269
-------------------------------------------------------------------------
epoch: 369
	 train loss: 	 3.5474800765514374
-------------------------------------------------------------------------
epoch: 370
	 train loss: 	 3.5446147084236146
-------------------------------------------------------------------------
epoch: 371
	 train loss: 	 3.548795809745789
-------------------------------------------------------------------------
epoch: 372
	 train loss: 	 3.5478235483169556
-------------------------------------------------------------------------
epoch: 373
	 train loss: 	 3.546873664855957
-------------------------------------------------------------------------
epoch: 374
	 train loss: 	 3.5485488736629485
-------------------------------------------------------------------------
epoch: 375
	 train loss: 	 3.5489272248744963
-------------------------------------------------------------------------
epoch: 376
	 train loss: 	 3.5485190320014954
-------------------------------------------------------------------------
epoch: 377
	 train loss: 	 3.55731015086174
-------------------------------------------------------------------------
epoch: 378
	 train loss: 	 3.5477769672870636
-------------------------------------------------------------------------
epoch: 379
	 train loss: 	 3.549308919906616
-------------------------------------------------------------------------
epoch: 380
	 train loss: 	 3.546050248146057
-------------------------------------------------------------------------
epoch: 381
	 train loss: 	 3.551137044429779
-------------------------------------------------------------------------
epoch: 382
	 train loss: 	 3.5484387934207917
-------------------------------------------------------------------------
epoch: 383
	 train loss: 	 3.547892506122589
-------------------------------------------------------------------------
epoch: 384
	 train loss: 	 3.5461019325256347
-------------------------------------------------------------------------
epoch: 385
	 train loss: 	 3.5465922844409943
-------------------------------------------------------------------------
epoch: 386
	 train loss: 	 3.545381414890289
-------------------------------------------------------------------------
epoch: 387
	 train loss: 	 3.543828550577164
-------------------------------------------------------------------------
epoch: 388
	 train loss: 	 3.555041494369507
-------------------------------------------------------------------------
epoch: 389
	 train loss: 	 3.548369287252426
-------------------------------------------------------------------------
epoch: 390
	 train loss: 	 3.5442030477523803
-------------------------------------------------------------------------
epoch: 391
	 train loss: 	 3.545577241182327
-------------------------------------------------------------------------
epoch: 392
	 train loss: 	 3.5466744709014892
-------------------------------------------------------------------------
epoch: 393
	 train loss: 	 3.552093744277954
-------------------------------------------------------------------------
epoch: 394
	 train loss: 	 3.5491433250904083
-------------------------------------------------------------------------
epoch: 395
	 train loss: 	 3.56677139878273
-------------------------------------------------------------------------
epoch: 396
	 train loss: 	 3.5525233864784242
-------------------------------------------------------------------------
epoch: 397
	 train loss: 	 3.5493536376953125
-------------------------------------------------------------------------
epoch: 398
	 train loss: 	 3.559331661462784
-------------------------------------------------------------------------
epoch: 399
	 train loss: 	 3.5487139344215395
-------------------------------------------------------------------------
epoch: 400
	 train loss: 	 3.5472818493843077
	 fofe.forgetting_factor 	 tensor(0.4827, device='cuda:0')
	 dev loss 	 3.8486428117752074
	 acc 	 0.23611111111111108
	 f1 macro 	 0.06379082604922526
	 f1 micro 	 0.23611111111111108
-------------------------------------------------------------------------
epoch: 401
	 train loss: 	 3.54877979516983/home/st/steinberga/.local/lib/python3.6/site-packages/sklearn/metrics/classification.py:1143: UndefinedMetricWarning: F-score is ill-defined and being set to 0.0 in labels with no predicted samples.
  'precision', 'predicted', average, warn_for)
/home/st/steinberga/.local/lib/python3.6/site-packages/sklearn/metrics/classification.py:1145: UndefinedMetricWarning: F-score is ill-defined and being set to 0.0 in labels with no true samples.
  'recall', 'true', average, warn_for)

-------------------------------------------------------------------------
epoch: 402
	 train loss: 	 3.5451996445655825
-------------------------------------------------------------------------
epoch: 403
	 train loss: 	 3.544257299900055
-------------------------------------------------------------------------
epoch: 404
	 train loss: 	 3.5412932634353638
-------------------------------------------------------------------------
epoch: 405
	 train loss: 	 3.540269924402237
-------------------------------------------------------------------------
epoch: 406
	 train loss: 	 3.539822506904602
-------------------------------------------------------------------------
epoch: 407
	 train loss: 	 3.5419646418094635
-------------------------------------------------------------------------
epoch: 408
	 train loss: 	 3.5397896218299865
-------------------------------------------------------------------------
epoch: 409
	 train loss: 	 3.5409575307369234
-------------------------------------------------------------------------
epoch: 410
	 train loss: 	 3.5392670810222624
-------------------------------------------------------------------------
epoch: 411
	 train loss: 	 3.541578449010849
-------------------------------------------------------------------------
epoch: 412
	 train loss: 	 3.543755811452866
-------------------------------------------------------------------------
epoch: 413
	 train loss: 	 3.540244061946869
-------------------------------------------------------------------------
epoch: 414
	 train loss: 	 3.5403737139701845
-------------------------------------------------------------------------
epoch: 415
	 train loss: 	 3.541716867685318
-------------------------------------------------------------------------
epoch: 416
	 train loss: 	 3.5383061265945432
-------------------------------------------------------------------------
epoch: 417
	 train loss: 	 3.550729914903641
-------------------------------------------------------------------------
epoch: 418
	 train loss: 	 3.55154149889946
-------------------------------------------------------------------------
epoch: 419
	 train loss: 	 3.5410102581977845
-------------------------------------------------------------------------
epoch: 420
	 train loss: 	 3.5446518754959104
-------------------------------------------------------------------------
epoch: 421
	 train loss: 	 3.548527524471283
-------------------------------------------------------------------------
epoch: 422
	 train loss: 	 3.5438378262519836
-------------------------------------------------------------------------
epoch: 423
	 train loss: 	 3.5380740094184877
-------------------------------------------------------------------------
epoch: 424
	 train loss: 	 3.5448105466365813
-------------------------------------------------------------------------
epoch: 425
	 train loss: 	 3.5432024919986724
-------------------------------------------------------------------------
epoch: 426
	 train loss: 	 3.5626899468898774
-------------------------------------------------------------------------
epoch: 427
	 train loss: 	 3.5470943486690523
-------------------------------------------------------------------------
epoch: 428
	 train loss: 	 3.5422545421123504
-------------------------------------------------------------------------
epoch: 429
	 train loss: 	 3.5438838386535645
-------------------------------------------------------------------------
epoch: 430
	 train loss: 	 3.540147612094879
-------------------------------------------------------------------------
epoch: 431
	 train loss: 	 3.5392637395858766
-------------------------------------------------------------------------
epoch: 432
	 train loss: 	 3.54687611579895
-------------------------------------------------------------------------
epoch: 433
	 train loss: 	 3.5417976140975953
-------------------------------------------------------------------------
epoch: 434
	 train loss: 	 3.5399622213840485
-------------------------------------------------------------------------
epoch: 435
	 train loss: 	 3.5436814606189726
-------------------------------------------------------------------------
epoch: 436
	 train loss: 	 3.5378348875045775
-------------------------------------------------------------------------
epoch: 437
	 train loss: 	 3.5417277097702025
-------------------------------------------------------------------------
epoch: 438
	 train loss: 	 3.5382904291152952
-------------------------------------------------------------------------
epoch: 439
	 train loss: 	 3.539097909927368
-------------------------------------------------------------------------
epoch: 440
	 train loss: 	 3.540450174808502
-------------------------------------------------------------------------
epoch: 441
	 train loss: 	 3.537784346342087
-------------------------------------------------------------------------
epoch: 442
	 train loss: 	 3.5376837134361265
-------------------------------------------------------------------------
epoch: 443
	 train loss: 	 3.5364736330509188
-------------------------------------------------------------------------
epoch: 444
	 train loss: 	 3.5426576888561248
-------------------------------------------------------------------------
epoch: 445
	 train loss: 	 3.5387878620624544
-------------------------------------------------------------------------
epoch: 446
	 train loss: 	 3.537639877796173
-------------------------------------------------------------------------
epoch: 447
	 train loss: 	 3.5393967819213867
-------------------------------------------------------------------------
epoch: 448
	 train loss: 	 3.537711308002472
-------------------------------------------------------------------------
epoch: 449
	 train loss: 	 3.540935627222061
-------------------------------------------------------------------------
epoch: 450
	 train loss: 	 3.539045444726944
-------------------------------------------------------------------------
epoch: 451
	 train loss: 	 3.54151353597641
-------------------------------------------------------------------------
epoch: 452
	 train loss: 	 3.54236846446991
-------------------------------------------------------------------------
epoch: 453
	 train loss: 	 3.542109305858612
-------------------------------------------------------------------------
epoch: 454
	 train loss: 	 3.5356676733493804
-------------------------------------------------------------------------
epoch: 455
	 train loss: 	 3.5442112028598785
-------------------------------------------------------------------------
epoch: 456
	 train loss: 	 3.5431939721107484
-------------------------------------------------------------------------
epoch: 457
	 train loss: 	 3.54172936797142
-------------------------------------------------------------------------
epoch: 458
	 train loss: 	 3.5360382306575775
-------------------------------------------------------------------------
epoch: 459
	 train loss: 	 3.5387000823020935
-------------------------------------------------------------------------
epoch: 460
	 train loss: 	 3.535711406469345
-------------------------------------------------------------------------
epoch: 461
	 train loss: 	 3.53600998878479
-------------------------------------------------------------------------
epoch: 462
	 train loss: 	 3.540628699064255
-------------------------------------------------------------------------
epoch: 463
	 train loss: 	 3.536744737625122
-------------------------------------------------------------------------
epoch: 464
	 train loss: 	 3.544667944908142
-------------------------------------------------------------------------
epoch: 465
	 train loss: 	 3.535847408771515
-------------------------------------------------------------------------
epoch: 466
	 train loss: 	 3.534681193828583
-------------------------------------------------------------------------
epoch: 467
	 train loss: 	 3.534744166135788
-------------------------------------------------------------------------
epoch: 468
	 train loss: 	 3.536476365327835
-------------------------------------------------------------------------
epoch: 469
	 train loss: 	 3.5407845652103425
-------------------------------------------------------------------------
epoch: 470
	 train loss: 	 3.53820418715477
-------------------------------------------------------------------------
epoch: 471
	 train loss: 	 3.5367140805721284
-------------------------------------------------------------------------
epoch: 472
	 train loss: 	 3.5390177071094513
-------------------------------------------------------------------------
epoch: 473
	 train loss: 	 3.5344956517219543
-------------------------------------------------------------------------
epoch: 474
	 train loss: 	 3.535948733091354
-------------------------------------------------------------------------
epoch: 475
	 train loss: 	 3.540457236766815
-------------------------------------------------------------------------
epoch: 476
	 train loss: 	 3.537212598323822
-------------------------------------------------------------------------
epoch: 477
	 train loss: 	 3.5329609870910645
-------------------------------------------------------------------------
epoch: 478
	 train loss: 	 3.531774446964264
-------------------------------------------------------------------------
epoch: 479
	 train loss: 	 3.5329730486869813
-------------------------------------------------------------------------
epoch: 480
	 train loss: 	 3.537448984384537
-------------------------------------------------------------------------
epoch: 481
	 train loss: 	 3.5396518182754515
-------------------------------------------------------------------------
epoch: 482
	 train loss: 	 3.5449891436100005
-------------------------------------------------------------------------
epoch: 483
	 train loss: 	 3.5359850907325745
-------------------------------------------------------------------------
epoch: 484
	 train loss: 	 3.5466731119155885
-------------------------------------------------------------------------
epoch: 485
	 train loss: 	 3.535999822616577
-------------------------------------------------------------------------
epoch: 486
	 train loss: 	 3.536284906864166
-------------------------------------------------------------------------
epoch: 487
	 train loss: 	 3.5335137462615966
-------------------------------------------------------------------------
epoch: 488
	 train loss: 	 3.5362514948844908
-------------------------------------------------------------------------
epoch: 489
	 train loss: 	 3.5453384637832643
-------------------------------------------------------------------------
epoch: 490
	 train loss: 	 3.5372186207771303
-------------------------------------------------------------------------
epoch: 491
	 train loss: 	 3.540824966430664
-------------------------------------------------------------------------
epoch: 492
	 train loss: 	 3.5400064158439637
-------------------------------------------------------------------------
epoch: 493
	 train loss: 	 3.5325850510597228
-------------------------------------------------------------------------
epoch: 494
	 train loss: 	 3.533523284196854
-------------------------------------------------------------------------
epoch: 495
	 train loss: 	 3.5354959452152253
-------------------------------------------------------------------------
epoch: 496
	 train loss: 	 3.5305910992622374
-------------------------------------------------------------------------
epoch: 497
	 train loss: 	 3.5319952178001404
-------------------------------------------------------------------------
epoch: 498
	 train loss: 	 3.5348508131504057
-------------------------------------------------------------------------
epoch: 499
	 train loss: 	 3.530965292453766
-------------------------------------------------------------------------
Training lasted for 7.21748023768266 hours
