model: FOFE
data: "Atis.json"
numepochs: 1000
batchsize: 8
embeddingsize: 100
hiddensize: 100
learnrate: 0.001
regfactor: 0

slurmstepd-arbach: error: Unable to create TMPDIR [/tmp/user/31667]: Permission denied
slurmstepd-arbach: error: Setting TMPDIR to /tmp
1547721503.6382172
0
train loss: 4.530692003816965
fofe.forgetting_factor tensor([0.1528], device='cuda:0')
acc 0.05555555555555556
f1_macro 0.013752220002220001
f1_micro 0.05555555555555556
acc 0.1171875
f1_macro 0.023417919799498747
f1_micro 0.1171875
acc 0.14705882352941177
f1_macro 0.030068194017469376
f1_micro 0.14705882352941177
acc 0.1964285714285714
f1_macro 0.05103365885451447
f1_micro 0.1964285714285714
acc 0.20535714285714282
f1_macro 0.05349646676852558
f1_micro 0.20535714285714282
f1_macro 0.06638708513708513
dev loss 4.327265781402588
acc 0.20535714285714282
f1 macro 0.06638708513708513
f1 micro 0.20535714285714282
1
train loss: 4.168719011138242
fofe.forgetting_factor tensor([0.1515], device='cuda:0')
2
train loss: 3.888443849651689
fofe.forgetting_factor tensor([0.1598], device='cuda:0')
3
train loss: 3.7411570912862877
fofe.forgetting_factor tensor([0.1685], device='cuda:0')
4
train loss: 3.6521874857714858
fofe.forgetting_factor tensor([0.1679], device='cuda:0')
5
train loss: 3.587648727807654
fofe.forgetting_factor tensor([0.1835], device='cuda:0')
6
train loss: 3.555676746559909
fofe.forgetting_factor tensor([0.2143], device='cuda:0')
7
train loss: 3.5257425269927367
fofe.forgetting_factor tensor([0.2267], device='cuda:0')
8
train loss: 3.5081855661897774
fofe.forgetting_factor tensor([0.2470], device='cuda:0')
9
train loss: 3.4926943080013535
fofe.forgetting_factor tensor([0.2559], device='cuda:0')
10
train loss: 3.485500307925734
fofe.forgetting_factor tensor([0.2600], device='cuda:0')
11
train loss: 3.480083911773191
fofe.forgetting_factor tensor([0.2506], device='cuda:0')
12
train loss: 3.4701449650837235
fofe.forgetting_factor tensor([0.2473], device='cuda:0')
13
train loss: 3.4702138699680924
fofe.forgetting_factor tensor([0.2890], device='cuda:0')
14
train loss: 3.4615835817942178
fofe.forgetting_factor tensor([0.2953], device='cuda:0')
15
train loss: 3.4583331581100403
fofe.forgetting_factor tensor([0.2995], device='cuda:0')
16
train loss: 3.4630430865000528
fofe.forgetting_factor tensor([0.2918], device='cuda:0')
17
train loss: 3.454837986743115
fofe.forgetting_factor tensor([0.3053], device='cuda:0')
18
train loss: 3.4517665593978393
fofe.forgetting_factor tensor([0.3016], device='cuda:0')
19
train loss: 3.4556656520529443
fofe.forgetting_factor tensor([0.3046], device='cuda:0')
20
train loss: 3.4439089245585555
fofe.forgetting_factor tensor([0.3202], device='cuda:0')
21
train loss: 3.4421043209282747
fofe.forgetting_factor tensor([0.3012], device='cuda:0')
22
train loss: 3.446524327059826
fofe.forgetting_factor tensor([0.3227], device='cuda:0')
23
train loss: 3.4337597917840186
fofe.forgetting_factor tensor([0.3279], device='cuda:0')
24
train loss: 3.4446133231542198
fofe.forgetting_factor tensor([0.3362], device='cuda:0')
25
train loss: 3.4434743099902048
fofe.forgetting_factor tensor([0.3362], device='cuda:0')
26
train loss: 3.4407119679163736
fofe.forgetting_factor tensor([0.3419], device='cuda:0')
27
train loss: 3.43301924404849
fofe.forgetting_factor tensor([0.3311], device='cuda:0')
28
train loss: 3.4379657143091102
fofe.forgetting_factor tensor([0.3561], device='cuda:0')
29
train loss: 3.4410304807754883
fofe.forgetting_factor tensor([0.3446], device='cuda:0')
30
train loss: 3.44430879703966
fofe.forgetting_factor tensor([0.3396], device='cuda:0')
31
train loss: 3.429913414051255
fofe.forgetting_factor tensor([0.3450], device='cuda:0')
32
train loss: 3.429839617277245
fofe.forgetting_factor tensor([0.3434], device='cuda:0')
33
train loss: 3.426618792924536
fofe.forgetting_factor tensor([0.3756], device='cuda:0')
34
train loss: 3.4283709937788873
fofe.forgetting_factor tensor([0.3662], device='cuda:0')
35
train loss: 3.421622022088752
fofe.forgetting_factor tensor([0.3867], device='cuda:0')
36
train loss: 3.4222784401422524
fofe.forgetting_factor tensor([0.3801], device='cuda:0')
37
train loss: 3.4219841210238906
fofe.forgetting_factor tensor([0.3841], device='cuda:0')
38
train loss: 3.425200066892019
fofe.forgetting_factor tensor([0.3745], device='cuda:0')
39
train loss: 3.4242794173788353
fofe.forgetting_factor tensor([0.3922], device='cuda:0')
40
train loss: 3.419080301460971
fofe.forgetting_factor tensor([0.3730], device='cuda:0')
41
train loss: 3.4212733176817376
fofe.forgetting_factor tensor([0.3805], device='cuda:0')
42
train loss: 3.4184183815875686
fofe.forgetting_factor tensor([0.3857], device='cuda:0')
43
train loss: 3.41652476979068
fofe.forgetting_factor tensor([0.3783], device='cuda:0')
44
train loss: 3.416623558385305
fofe.forgetting_factor tensor([0.3916], device='cuda:0')
45
train loss: 3.4252007462413436
fofe.forgetting_factor tensor([0.3943], device='cuda:0')
46
train loss: 3.41310979036921
fofe.forgetting_factor tensor([0.3979], device='cuda:0')
47
train loss: 3.4087766456795503
fofe.forgetting_factor tensor([0.4131], device='cuda:0')
48
train loss: 3.409686210165062
fofe.forgetting_factor tensor([0.4253], device='cuda:0')
49
train loss: 3.402838762026714
fofe.forgetting_factor tensor([0.4158], device='cuda:0')
50
train loss: 3.4103863167475503
fofe.forgetting_factor tensor([0.4166], device='cuda:0')
51
train loss: 3.4120344402320892
fofe.forgetting_factor tensor([0.4072], device='cuda:0')
52
train loss: 3.409433572167852
fofe.forgetting_factor tensor([0.4237], device='cuda:0')
53
train loss: 3.40606061761159
fofe.forgetting_factor tensor([0.4114], device='cuda:0')
54
train loss: 3.4064525925969504
fofe.forgetting_factor tensor([0.4120], device='cuda:0')
55
train loss: 3.4094602908475333
fofe.forgetting_factor tensor([0.4237], device='cuda:0')
56
train loss: 3.407616456828443
fofe.forgetting_factor tensor([0.4113], device='cuda:0')
57
train loss: 3.4061188252575425
fofe.forgetting_factor tensor([0.4376], device='cuda:0')
58
train loss: 3.4042495144418923
fofe.forgetting_factor tensor([0.4208], device='cuda:0')
59
train loss: 3.3997414083365936
fofe.forgetting_factor tensor([0.4349], device='cuda:0')
60
train loss: 3.403652374524189
fofe.forgetting_factor tensor([0.4518], device='cuda:0')
61
train loss: 3.40671210403902
fofe.forgetting_factor tensor([0.4515], device='cuda:0')
62
train loss: 3.405552881788537
fofe.forgetting_factor tensor([0.4381], device='cuda:0')
63
train loss: 3.398008663970304
fofe.forgetting_factor tensor([0.4410], device='cuda:0')
64
train loss: 3.3948893178418937
fofe.forgetting_factor tensor([0.4423], device='cuda:0')
65
train loss: 3.4033730480086852
fofe.forgetting_factor tensor([0.4456], device='cuda:0')
66
train loss: 3.4059492019285638
fofe.forgetting_factor tensor([0.4495], device='cuda:0')
67
train loss: 3.401168991284198
fofe.forgetting_factor tensor([0.4386], device='cuda:0')
68
train loss: 3.3972224648219034
fofe.forgetting_factor tensor([0.4437], device='cuda:0')
69
train loss: 3.397855591582486
fofe.forgetting_factor tensor([0.4387], device='cuda:0')
70
train loss: 3.3908329641962625
fofe.forgetting_factor tensor([0.4522], device='cuda:0')
71
train loss: 3.3942002747432296
fofe.forgetting_factor tensor([0.4497], device='cuda:0')
72
train loss: 3.393629754403509
fofe.forgetting_factor tensor([0.4466], device='cuda:0')
73
train loss: 3.4017942626792266
fofe.forgetting_factor tensor([0.4291], device='cuda:0')
74
train loss: 3.396262380492735
fofe.forgetting_factor tensor([0.4561], device='cuda:0')
75
train loss: 3.39851763114393
fofe.forgetting_factor tensor([0.4595], device='cuda:0')
76
train loss: 3.390177665465328
fofe.forgetting_factor tensor([0.4547], device='cuda:0')
77
train loss: 3.405198252344706
fofe.forgetting_factor tensor([0.4380], device='cuda:0')
78
train loss: 3.4016993572434266
fofe.forgetting_factor tensor([0.4208], device='cuda:0')
79
train loss: 3.397613020307089
fofe.forgetting_factor tensor([0.4259], device='cuda:0')
80
train loss: 3.3854149943853478
fofe.forgetting_factor tensor([0.4345], device='cuda:0')
81
train loss: 3.3915933997755547
fofe.forgetting_factor tensor([0.4382], device='cuda:0')
82
train loss: 3.3925539915820204
fofe.forgetting_factor tensor([0.4385], device='cuda:0')
83
train loss: 3.397862612004261
fofe.forgetting_factor tensor([0.4550], device='cuda:0')
84
train loss: 3.390052134732166
fofe.forgetting_factor tensor([0.4507], device='cuda:0')
85
train loss: 3.385840507396254
fofe.forgetting_factor tensor([0.4654], device='cuda:0')
86
train loss: 3.389522922086907
fofe.forgetting_factor tensor([0.4736], device='cuda:0')
87
train loss: 3.3877480456149245
fofe.forgetting_factor tensor([0.4582], device='cuda:0')
88
train loss: 3.3883686913065163
fofe.forgetting_factor tensor([0.4617], device='cuda:0')
89
train loss: 3.381848319946044
fofe.forgetting_factor tensor([0.4687], device='cuda:0')
90
train loss: 3.3868479015358
fofe.forgetting_factor tensor([0.4727], device='cuda:0')
91
train loss: 3.3824436578405908
fofe.forgetting_factor tensor([0.4566], device='cuda:0')
92
train loss: 3.3890054005695633
fofe.forgetting_factor tensor([0.4509], device='cuda:0')
93
train loss: 3.3815668653771582
fofe.forgetting_factor tensor([0.4615], device='cuda:0')
94
train loss: 3.3794995206426903
fofe.forgetting_factor tensor([0.4611], device='cuda:0')
95
train loss: 3.382641799478646
fofe.forgetting_factor tensor([0.4784], device='cuda:0')
96
train loss: 3.379776263811502
fofe.forgetting_factor tensor([0.4680], device='cuda:0')
97
train loss: 3.3781005574996215
fofe.forgetting_factor tensor([0.4761], device='cuda:0')
98
train loss: 3.384280442234024
fofe.forgetting_factor tensor([0.4869], device='cuda:0')
99
train loss: 3.379088686173221
fofe.forgetting_factor tensor([0.4951], device='cuda:0')
100
train loss: 3.384097994091999
fofe.forgetting_factor tensor([0.4845], device='cuda:0')
acc 0.23529411764705885
f1_micro 0.23529411764705885
acc 0.2946428571428571
f1_macro 0.08192605324958266
f1_micro 0.2946428571428571
acc 0.32142857142857145
f1_macro 0.08985337579087578
f1_micro 0.32142857142857145
acc 0.33035714285714285
f1_macro 0.09720423911600383
f1_micro 0.33035714285714285
dev loss 3.4707829360961915
acc 0.33035714285714285
f1 macro 0.09720423911600383
f1 micro 0.33035714285714285
101
train loss: 3.3817111430876703
fofe.forgetting_factor tensor([0.4609], device='cuda:0')
102
train loss: 3.3757041381544854
fofe.forgetting_factor tensor([0.4718], device='cuda:0')
103
train loss: 3.3754029896364632
fofe.forgetting_factor tensor([0.4792], device='cuda:0')
104
train loss: 3.375382343928019
fofe.forgetting_factor tensor([0.4831], device='cuda:0')
105
train loss: 3.3812320682418395
fofe.forgetting_factor tensor([0.4807], device='cuda:0')
106
train loss: 3.3698469103579543
fofe.forgetting_factor tensor([0.4842], device='cuda:0')
107
train loss: 3.373438961534615
fofe.forgetting_factor tensor([0.4779], device='cuda:0')
108
train loss: 3.3764536806857253
fofe.forgetting_factor tensor([0.4876], device='cuda:0')
109
train loss: 3.3731594483057656
fofe.forgetting_factor tensor([0.5127], device='cuda:0')
110
train loss: 3.3706095175570754
fofe.forgetting_factor tensor([0.5023], device='cuda:0')
111
train loss: 3.377963068973587
fofe.forgetting_factor tensor([0.4961], device='cuda:0')
112
train loss: 3.4327289512358514
fofe.forgetting_factor tensor([0.5150], device='cuda:0')
113
train loss: 3.387146461440856
fofe.forgetting_factor tensor([0.4985], device='cuda:0')
114
train loss: 3.3843956654330336
fofe.forgetting_factor tensor([0.5072], device='cuda:0')
115
train loss: 3.3771442107886194
fofe.forgetting_factor tensor([0.4949], device='cuda:0')
116
train loss: 3.3793296177224463
fofe.forgetting_factor tensor([0.5057], device='cuda:0')
117
train loss: 3.380946521299431
fofe.forgetting_factor tensor([0.5075], device='cuda:0')
118
train loss: 3.381680406719805
fofe.forgetting_factor tensor([0.4736], device='cuda:0')
119
train loss: 3.3784848427676772
fofe.forgetting_factor tensor([0.4748], device='cuda:0')
120
train loss: 3.372599226403907
fofe.forgetting_factor tensor([0.4937], device='cuda:0')
121
train loss: 3.3681105432740175
fofe.forgetting_factor tensor([0.4943], device='cuda:0')
122
train loss: 3.3700667342028945
fofe.forgetting_factor tensor([0.4890], device='cuda:0')
123
train loss: 3.366829425455576
fofe.forgetting_factor tensor([0.4981], device='cuda:0')
124
train loss: 3.371932316975421
fofe.forgetting_factor tensor([0.5044], device='cuda:0')
125
train loss: 3.3680270235222505
fofe.forgetting_factor tensor([0.4963], device='cuda:0')
126
train loss: 3.3678238516351784
fofe.forgetting_factor tensor([0.4999], device='cuda:0')
127
train loss: 3.3673261696076295
fofe.forgetting_factor tensor([0.5010], device='cuda:0')
128
train loss: 3.370909315515235
fofe.forgetting_factor tensor([0.4942], device='cuda:0')
129
train loss: 3.372237001556948
fofe.forgetting_factor tensor([0.4955], device='cuda:0')
130
train loss: 3.393635714389234
fofe.forgetting_factor tensor([0.5265], device='cuda:0')
131
train loss: 3.365316920012355
fofe.forgetting_factor tensor([0.5238], device='cuda:0')
132
train loss: 3.366914734782943
fofe.forgetting_factor tensor([0.5244], device='cuda:0')
133
train loss: 3.3638954837638213
fofe.forgetting_factor tensor([0.5134], device='cuda:0')
134
train loss: 3.357942945985909
fofe.forgetting_factor tensor([0.5149], device='cuda:0')
135
train loss: 3.3644674657339073
fofe.forgetting_factor tensor([0.4887], device='cuda:0')
136
train loss: 3.4139834182808197
fofe.forgetting_factor tensor([0.4839], device='cuda:0')
137
train loss: 3.389421235605416
fofe.forgetting_factor tensor([0.4818], device='cuda:0')
138
train loss: 3.381170716630407
fofe.forgetting_factor tensor([0.4799], device='cuda:0')
139
train loss: 3.3801698081464653
fofe.forgetting_factor tensor([0.4731], device='cuda:0')
140
train loss: 3.3725961159510787
fofe.forgetting_factor tensor([0.4749], device='cuda:0')
141
train loss: 3.3691166610602874
fofe.forgetting_factor tensor([0.4775], device='cuda:0')
142
train loss: 3.366328307902478
fofe.forgetting_factor tensor([0.4782], device='cuda:0')
143
train loss: 3.362520295453359
fofe.forgetting_factor tensor([0.4843], device='cuda:0')
144
train loss: 3.362036100353103
fofe.forgetting_factor tensor([0.4888], device='cuda:0')
145
train loss: 3.367770364006839
fofe.forgetting_factor tensor([0.4913], device='cuda:0')
146
train loss: 3.3604182799657187
fofe.forgetting_factor tensor([0.4929], device='cuda:0')
147
train loss: 3.3613619569793762
fofe.forgetting_factor tensor([0.4971], device='cuda:0')
148
train loss: 3.3658436488913726
fofe.forgetting_factor tensor([0.5082], device='cuda:0')
149
train loss: 3.3630980396845254
fofe.forgetting_factor tensor([0.5094], device='cuda:0')
150
train loss: 3.3610512315030077
fofe.forgetting_factor tensor([0.5120], device='cuda:0')
151
train loss: 3.364676701495925
fofe.forgetting_factor tensor([0.5136], device='cuda:0')
152
train loss: 3.362160193393508
fofe.forgetting_factor tensor([0.5052], device='cuda:0')
153
train loss: 3.362164802819371
fofe.forgetting_factor tensor([0.5085], device='cuda:0')
154
train loss: 3.3604406194993293
fofe.forgetting_factor tensor([0.5107], device='cuda:0')
155
train loss: 3.362969868633163
fofe.forgetting_factor tensor([0.5082], device='cuda:0')
156
train loss: 3.3615635590380935
fofe.forgetting_factor tensor([0.5088], device='cuda:0')
157
train loss: 3.3587364408385803
fofe.forgetting_factor tensor([0.5115], device='cuda:0')
158
train loss: 3.36304815418749
fofe.forgetting_factor tensor([0.5211], device='cuda:0')
159
train loss: 3.3615445420445207
fofe.forgetting_factor tensor([0.5175], device='cuda:0')
160
train loss: 3.3907269335176093
fofe.forgetting_factor tensor([0.4723], device='cuda:0')
161
train loss: 3.4241225614126427
fofe.forgetting_factor tensor([0.4570], device='cuda:0')
162
train loss: 3.401057866203737
fofe.forgetting_factor tensor([0.4591], device='cuda:0')
163
train loss: 3.379897561896757
fofe.forgetting_factor tensor([0.4559], device='cuda:0')
164
train loss: 3.375353314790381
fofe.forgetting_factor tensor([0.4647], device='cuda:0')
165
train loss: 3.3714202029638023
fofe.forgetting_factor tensor([0.4727], device='cuda:0')
166
train loss: 3.368780999298555
fofe.forgetting_factor tensor([0.4765], device='cuda:0')
167
train loss: 3.368124019668763
fofe.forgetting_factor tensor([0.4924], device='cuda:0')
168
train loss: 3.3713077555698563
fofe.forgetting_factor tensor([0.5036], device='cuda:0')
169
train loss: 3.366840418562832
fofe.forgetting_factor tensor([0.4987], device='cuda:0')
170
train loss: 3.3624194453519034
fofe.forgetting_factor tensor([0.4939], device='cuda:0')
171
train loss: 3.359994609671903
fofe.forgetting_factor tensor([0.4955], device='cuda:0')
172
train loss: 3.3657440358855157
fofe.forgetting_factor tensor([0.5087], device='cuda:0')
173
train loss: 3.3638349517760986
fofe.forgetting_factor tensor([0.5087], device='cuda:0')
174
train loss: 3.366831123589512
fofe.forgetting_factor tensor([0.4675], device='cuda:0')
175
train loss: 3.3648126216298606
fofe.forgetting_factor tensor([0.4881], device='cuda:0')
176
train loss: 3.3594962176548906
fofe.forgetting_factor tensor([0.4807], device='cuda:0')
177
train loss: 3.3593077171279724
fofe.forgetting_factor tensor([0.4844], device='cuda:0')
178
train loss: 3.360747482403215
fofe.forgetting_factor tensor([0.4829], device='cuda:0')
179
train loss: 3.366418730302987
fofe.forgetting_factor tensor([0.4704], device='cuda:0')
180
train loss: 3.363465027636792
fofe.forgetting_factor tensor([0.4910], device='cuda:0')
181
train loss: 3.3623527503875366
fofe.forgetting_factor tensor([0.4922], device='cuda:0')
182
train loss: 3.3597870294348784
fofe.forgetting_factor tensor([0.4928], device='cuda:0')
183
train loss: 3.3550447996361665
fofe.forgetting_factor tensor([0.5142], device='cuda:0')
184
train loss: 3.360314027851365
fofe.forgetting_factor tensor([0.5050], device='cuda:0')
185
train loss: 3.354342962364595
fofe.forgetting_factor tensor([0.5046], device='cuda:0')
186
train loss: 3.357810192797557
fofe.forgetting_factor tensor([0.5000], device='cuda:0')
187
train loss: 3.356899773260676
fofe.forgetting_factor tensor([0.4971], device='cuda:0')
188
train loss: 3.360794746253385
fofe.forgetting_factor tensor([0.4859], device='cuda:0')
189
train loss: 3.3579042225956437
fofe.forgetting_factor tensor([0.4957], device='cuda:0')
190
train loss: 3.357667200536613
fofe.forgetting_factor tensor([0.5049], device='cuda:0')
191
train loss: 3.3564185976503365
fofe.forgetting_factor tensor([0.5016], device='cuda:0')
192
train loss: 3.3544780532997773
fofe.forgetting_factor tensor([0.5074], device='cuda:0')
193
train loss: 3.355472895036261
fofe.forgetting_factor tensor([0.4941], device='cuda:0')
194
train loss: 3.3551496410944375
fofe.forgetting_factor tensor([0.5012], device='cuda:0')
195
train loss: 3.356688905432521
fofe.forgetting_factor tensor([0.4722], device='cuda:0')
196
train loss: 3.3564006588066437
fofe.forgetting_factor tensor([0.4684], device='cuda:0')
197
train loss: 3.3538296251411897
fofe.forgetting_factor tensor([0.4958], device='cuda:0')
198
train loss: 3.352259167705674
fofe.forgetting_factor tensor([0.5007], device='cuda:0')
199
train loss: 3.3540704604612297
fofe.forgetting_factor tensor([0.5029], device='cuda:0')
200
train loss: 3.352455976018944
fofe.forgetting_factor tensor([0.5119], device='cuda:0')
f1_macro 0.09829673798423796
dev loss 3.49046223449707
acc 0.33035714285714285
f1 macro 0.09829673798423796
f1 micro 0.33035714285714285
201
train loss: 3.3551348538762595
fofe.forgetting_factor tensor([0.5101], device='cuda:0')
202
train loss: 3.3480600755377465
fofe.forgetting_factor tensor([0.5093], device='cuda:0')
203
train loss: 3.3475401865909378
fofe.forgetting_factor tensor([0.5075], device='cuda:0')
204
train loss: 3.35284724532361
fofe.forgetting_factor tensor([0.4982], device='cuda:0')
205
train loss: 3.3587881068149246
fofe.forgetting_factor tensor([0.5005], device='cuda:0')
206
train loss: 3.351271689656269
fofe.forgetting_factor tensor([0.4993], device='cuda:0')
207
train loss: 3.35086412745786
fofe.forgetting_factor tensor([0.4966], device='cuda:0')
208
train loss: 3.350969222654779
fofe.forgetting_factor tensor([0.4880], device='cuda:0')
209
train loss: 3.3474739818687897
fofe.forgetting_factor tensor([0.4805], device='cuda:0')
210
train loss: 3.352241038797371
fofe.forgetting_factor tensor([0.4939], device='cuda:0')
211
train loss: 3.3662755977676575
fofe.forgetting_factor tensor([0.4735], device='cuda:0')
212
train loss: 3.3498397462339287
fofe.forgetting_factor tensor([0.4716], device='cuda:0')
213
train loss: 3.3503890808327608
fofe.forgetting_factor tensor([0.5098], device='cuda:0')
214
train loss: 3.349350435188018
fofe.forgetting_factor tensor([0.5030], device='cuda:0')
215
train loss: 3.346897263124765
fofe.forgetting_factor tensor([0.4869], device='cuda:0')
216
train loss: 3.3494947938076463
fofe.forgetting_factor tensor([0.5174], device='cuda:0')
217
train loss: 3.347453600910294
fofe.forgetting_factor tensor([0.5122], device='cuda:0')
218
train loss: 3.3456399541303337
fofe.forgetting_factor tensor([0.4895], device='cuda:0')
219
train loss: 3.349996004238665
fofe.forgetting_factor tensor([0.4886], device='cuda:0')
220
train loss: 3.3443808052913253
fofe.forgetting_factor tensor([0.5084], device='cuda:0')
221
train loss: 3.3444066301407105
fofe.forgetting_factor tensor([0.4974], device='cuda:0')
222
train loss: 3.3471444419110155
fofe.forgetting_factor tensor([0.5004], device='cuda:0')
223
train loss: 3.352701133034794
fofe.forgetting_factor tensor([0.4901], device='cuda:0')
224
train loss: 3.348948342254363
fofe.forgetting_factor tensor([0.4990], device='cuda:0')
225
train loss: 3.350931443363787
fofe.forgetting_factor tensor([0.4865], device='cuda:0')
226
train loss: 3.3457569008371437
fofe.forgetting_factor tensor([0.5022], device='cuda:0')
227
train loss: 3.3487100701734245
fofe.forgetting_factor tensor([0.5012], device='cuda:0')
228
train loss: 3.344958082260377
fofe.forgetting_factor tensor([0.5013], device='cuda:0')
229
train loss: 3.3474813235332688
fofe.forgetting_factor tensor([0.4981], device='cuda:0')
230
train loss: 3.3464933351340544
fofe.forgetting_factor tensor([0.4987], device='cuda:0')
231
train loss: 3.345107493630375
fofe.forgetting_factor tensor([0.4963], device='cuda:0')
232
train loss: 3.3440140591089027
fofe.forgetting_factor tensor([0.5073], device='cuda:0')
233
train loss: 3.342193173596179
fofe.forgetting_factor tensor([0.5011], device='cuda:0')
234
train loss: 3.3447683163914816
fofe.forgetting_factor tensor([0.5108], device='cuda:0')
235
train loss: 3.3437871056866935
fofe.forgetting_factor tensor([0.5177], device='cuda:0')
236
train loss: 3.3503941551269776
fofe.forgetting_factor tensor([0.5045], device='cuda:0')
237
train loss: 3.3474921998249956
fofe.forgetting_factor tensor([0.4966], device='cuda:0')
238
train loss: 3.3443916571666916
fofe.forgetting_factor tensor([0.5005], device='cuda:0')
239
train loss: 3.3455409132333167
fofe.forgetting_factor tensor([0.5078], device='cuda:0')
240
train loss: 3.34089789620365
fofe.forgetting_factor tensor([0.4848], device='cuda:0')
241
train loss: 3.3455187905744377
fofe.forgetting_factor tensor([0.4665], device='cuda:0')
242
train loss: 3.3455624068118484
fofe.forgetting_factor tensor([0.4899], device='cuda:0')
243
train loss: 3.343041975814176
fofe.forgetting_factor tensor([0.4828], device='cuda:0')
244
train loss: 3.3393752919622215
fofe.forgetting_factor tensor([0.5003], device='cuda:0')
245
train loss: 3.356375247599131
fofe.forgetting_factor tensor([0.4623], device='cuda:0')
246
train loss: 3.34932192980525
fofe.forgetting_factor tensor([0.4680], device='cuda:0')
247
train loss: 3.3415443605208495
fofe.forgetting_factor tensor([0.4817], device='cuda:0')
248
train loss: 3.3425647240565963
fofe.forgetting_factor tensor([0.4859], device='cuda:0')
249
train loss: 3.3447112457819252
fofe.forgetting_factor tensor([0.4933], device='cuda:0')
250
train loss: 3.3420899014875114
fofe.forgetting_factor tensor([0.4918], device='cuda:0')
251
train loss: 3.348623494546576
fofe.forgetting_factor tensor([0.4951], device='cuda:0')
252
train loss: 3.344204860518735
fofe.forgetting_factor tensor([0.4623], device='cuda:0')
253
train loss: 3.340762023466179
fofe.forgetting_factor tensor([0.4727], device='cuda:0')
254
train loss: 3.338944355168017
fofe.forgetting_factor tensor([0.4830], device='cuda:0')
255
train loss: 3.3423599263271653
fofe.forgetting_factor tensor([0.4773], device='cuda:0')
256
train loss: 3.342538924102324
fofe.forgetting_factor tensor([0.4692], device='cuda:0')
257
train loss: 3.339462331021167
fofe.forgetting_factor tensor([0.4847], device='cuda:0')
258
train loss: 3.3378376663928053
fofe.forgetting_factor tensor([0.4846], device='cuda:0')
259
train loss: 3.340309099978711
fofe.forgetting_factor tensor([0.4855], device='cuda:0')
260
train loss: 3.338570960075501
fofe.forgetting_factor tensor([0.4880], device='cuda:0')
261
train loss: 3.342200041774765
fofe.forgetting_factor tensor([0.5066], device='cuda:0')
262
train loss: 3.335484091536587
fofe.forgetting_factor tensor([0.5015], device='cuda:0')
263
train loss: 3.341352263607653
fofe.forgetting_factor tensor([0.4805], device='cuda:0')
264
train loss: 3.345245008487778
fofe.forgetting_factor tensor([0.4951], device='cuda:0')
265
train loss: 3.3411179761809997
fofe.forgetting_factor tensor([0.4856], device='cuda:0')
266
train loss: 3.3369854037541464
fofe.forgetting_factor tensor([0.4988], device='cuda:0')
267
train loss: 3.365442656130197
fofe.forgetting_factor tensor([0.4974], device='cuda:0')
268
train loss: 3.3646977359511285
fofe.forgetting_factor tensor([0.4944], device='cuda:0')
269
train loss: 3.3553455416935996
fofe.forgetting_factor tensor([0.5183], device='cuda:0')
270
train loss: 3.345410805150687
fofe.forgetting_factor tensor([0.4921], device='cuda:0')
271
train loss: 3.3446078793590805
fofe.forgetting_factor tensor([0.5009], device='cuda:0')
272
train loss: 3.3452202986521895
fofe.forgetting_factor tensor([0.5017], device='cuda:0')
273
train loss: 3.343143940450676
fofe.forgetting_factor tensor([0.5008], device='cuda:0')
274
train loss: 3.3462532892763375
fofe.forgetting_factor tensor([0.4865], device='cuda:0')
275
train loss: 3.341493836847175
fofe.forgetting_factor tensor([0.4688], device='cuda:0')
276
train loss: 3.339828961345565
fofe.forgetting_factor tensor([0.5013], device='cuda:0')
277
train loss: 3.341805780747808
fofe.forgetting_factor tensor([0.4910], device='cuda:0')
278
train loss: 3.348050926583838
fofe.forgetting_factor tensor([0.4983], device='cuda:0')
279
train loss: 3.342803547660031
fofe.forgetting_factor tensor([0.5004], device='cuda:0')
280
train loss: 3.339105346595427
fofe.forgetting_factor tensor([0.4942], device='cuda:0')
281
train loss: 3.337360834500876
fofe.forgetting_factor tensor([0.4947], device='cuda:0')
282
train loss: 3.3423472733861472
fofe.forgetting_factor tensor([0.4943], device='cuda:0')
283
train loss: 3.34059958285596
fofe.forgetting_factor tensor([0.4800], device='cuda:0')
284
train loss: 3.3375492890675864
fofe.forgetting_factor tensor([0.4820], device='cuda:0')
285
train loss: 3.336610466600901
fofe.forgetting_factor tensor([0.4949], device='cuda:0')
286
train loss: 3.3408118500766983
fofe.forgetting_factor tensor([0.5084], device='cuda:0')
287
train loss: 3.333796988529374
fofe.forgetting_factor tensor([0.5062], device='cuda:0')
288
train loss: 3.337406914396937
fofe.forgetting_factor tensor([0.4747], device='cuda:0')
289
train loss: 3.3389134584181757
fofe.forgetting_factor tensor([0.4765], device='cuda:0')
290
train loss: 3.3403363452857757
fofe.forgetting_factor tensor([0.4814], device='cuda:0')
291
train loss: 3.335097043868528
fofe.forgetting_factor tensor([0.4995], device='cuda:0')
292
train loss: 3.3543040852948844
fofe.forgetting_factor tensor([0.4785], device='cuda:0')
293
train loss: 3.3396659778303888
fofe.forgetting_factor tensor([0.4858], device='cuda:0')
294
train loss: 3.3339856278944207
fofe.forgetting_factor tensor([0.4979], device='cuda:0')
295
train loss: 3.336501336001967
fofe.forgetting_factor tensor([0.4909], device='cuda:0')
296
train loss: 3.3488747331512023
fofe.forgetting_factor tensor([0.4739], device='cuda:0')
297
train loss: 3.33677352145015
fofe.forgetting_factor tensor([0.4849], device='cuda:0')
298
train loss: 3.3317810469363107
fofe.forgetting_factor tensor([0.4938], device='cuda:0')
299
train loss: 3.3303290351806396
fofe.forgetting_factor tensor([0.4892], device='cuda:0')
300
train loss: 3.328907568770719
fofe.forgetting_factor tensor([0.4947], device='cuda:0')
dev loss 3.4983257751464842
acc 0.33035714285714285
f1 macro 0.09829673798423796
f1 micro 0.33035714285714285
301
train loss: 3.3371876267544236
fofe.forgetting_factor tensor([0.4744], device='cuda:0')
302
train loss: 3.3329372846457854
fofe.forgetting_factor tensor([0.4951], device='cuda:0')
303
train loss: 3.3336705361982903
fofe.forgetting_factor tensor([0.4814], device='cuda:0')
304
train loss: 3.334713574872917
fofe.forgetting_factor tensor([0.4784], device='cuda:0')
305
train loss: 3.332271460548462
fofe.forgetting_factor tensor([0.4780], device='cuda:0')
306
train loss: 3.330981134889595
fofe.forgetting_factor tensor([0.4747], device='cuda:0')
307
train loss: 3.3305924757417427
fofe.forgetting_factor tensor([0.4840], device='cuda:0')
308
train loss: 3.334327848560839
fofe.forgetting_factor tensor([0.4856], device='cuda:0')
309
train loss: 3.3351217173189522
fofe.forgetting_factor tensor([0.5046], device='cuda:0')
310
train loss: 3.3404388461247025
fofe.forgetting_factor tensor([0.4758], device='cuda:0')
311
train loss: 3.3364531840665275
fofe.forgetting_factor tensor([0.4722], device='cuda:0')
312
train loss: 3.3323445468542565
fofe.forgetting_factor tensor([0.4863], device='cuda:0')
313
train loss: 3.334141711154616
fofe.forgetting_factor tensor([0.4918], device='cuda:0')
314
train loss: 3.334743378152809
fofe.forgetting_factor tensor([0.4981], device='cuda:0')
315
train loss: 3.3286647246065866
fofe.forgetting_factor tensor([0.4900], device='cuda:0')
316
train loss: 3.339024147355413
fofe.forgetting_factor tensor([0.5059], device='cuda:0')
317
train loss: 3.3297537541293716
fofe.forgetting_factor tensor([0.4920], device='cuda:0')
318
train loss: 3.3331769417567427
fofe.forgetting_factor tensor([0.4822], device='cuda:0')
319
train loss: 3.3380965803521705
fofe.forgetting_factor tensor([0.4973], device='cuda:0')
320
train loss: 3.3350268525770868
fofe.forgetting_factor tensor([0.4731], device='cuda:0')
321
train loss: 3.3352366776830222
fofe.forgetting_factor tensor([0.4916], device='cuda:0')
322
train loss: 3.330634975050348
fofe.forgetting_factor tensor([0.4846], device='cuda:0')
323
train loss: 3.3361553935162034
fofe.forgetting_factor tensor([0.4715], device='cuda:0')
324
train loss: 3.32892650820644
fofe.forgetting_factor tensor([0.4800], device='cuda:0')
325
train loss: 3.3454715755569886
fofe.forgetting_factor tensor([0.4385], device='cuda:0')
326
train loss: 3.3349137148225165
fofe.forgetting_factor tensor([0.4531], device='cuda:0')
327
train loss: 3.336319992819943
fofe.forgetting_factor tensor([0.4625], device='cuda:0')
328
train loss: 3.329695040921131
fofe.forgetting_factor tensor([0.4726], device='cuda:0')
329
train loss: 3.3350146951445616
fofe.forgetting_factor tensor([0.4896], device='cuda:0')
330
train loss: 3.33233591543144
fofe.forgetting_factor tensor([0.4990], device='cuda:0')
331
train loss: 3.336253374455923
fofe.forgetting_factor tensor([0.4920], device='cuda:0')
332
train loss: 3.3316244236436714
fofe.forgetting_factor tensor([0.4847], device='cuda:0')
333
train loss: 3.3335127007051644
fofe.forgetting_factor tensor([0.4884], device='cuda:0')
334
train loss: 3.3320706900822588
fofe.forgetting_factor tensor([0.4885], device='cuda:0')
335
train loss: 3.3318703667705796
fofe.forgetting_factor tensor([0.5161], device='cuda:0')
336
train loss: 3.3323457949611557
fofe.forgetting_factor tensor([0.4910], device='cuda:0')
337
train loss: 3.330047329266866
fofe.forgetting_factor tensor([0.4801], device='cuda:0')
338
train loss: 3.3302586265357146
fofe.forgetting_factor tensor([0.4847], device='cuda:0')
339
train loss: 3.3296579720983543
fofe.forgetting_factor tensor([0.4939], device='cuda:0')
340
train loss: 3.3271777625064773
fofe.forgetting_factor tensor([0.4862], device='cuda:0')
341
train loss: 3.328908641175573
fofe.forgetting_factor tensor([0.4810], device='cuda:0')
342
train loss: 3.3332021226844635
fofe.forgetting_factor tensor([0.4739], device='cuda:0')
343
train loss: 3.3332132809612167
fofe.forgetting_factor tensor([0.4594], device='cuda:0')
344
train loss: 3.3268432057047463
fofe.forgetting_factor tensor([0.4944], device='cuda:0')
345
train loss: 3.3284016100757094
fofe.forgetting_factor tensor([0.4827], device='cuda:0')
346
train loss: 3.330222848907532
fofe.forgetting_factor tensor([0.4759], device='cuda:0')
347
train loss: 3.3333685939091757
fofe.forgetting_factor tensor([0.4609], device='cuda:0')
348
train loss: 3.3293387794111626
fofe.forgetting_factor tensor([0.4865], device='cuda:0')
349
train loss: 3.328183180357079
fofe.forgetting_factor tensor([0.4979], device='cuda:0')
350
train loss: 3.3280632567692954
fofe.forgetting_factor tensor([0.4943], device='cuda:0')
351
train loss: 3.325585863197664
fofe.forgetting_factor tensor([0.5159], device='cuda:0')
352
train loss: 3.3340705728913886
fofe.forgetting_factor tensor([0.4881], device='cuda:0')
353
train loss: 3.3278753867589805
fofe.forgetting_factor tensor([0.5039], device='cuda:0')
354
train loss: 3.3301970489532593
fofe.forgetting_factor tensor([0.4888], device='cuda:0')
355
train loss: 3.3303505354617013
fofe.forgetting_factor tensor([0.4798], device='cuda:0')
356
train loss: 3.3277000787267723
fofe.forgetting_factor tensor([0.4778], device='cuda:0')
357
train loss: 3.32568540774196
fofe.forgetting_factor tensor([0.4867], device='cuda:0')
358
train loss: 3.3268682123666786
fofe.forgetting_factor tensor([0.4747], device='cuda:0')
359
train loss: 3.3297391962334815
fofe.forgetting_factor tensor([0.4727], device='cuda:0')
360
train loss: 3.3328817982271493
fofe.forgetting_factor tensor([0.4736], device='cuda:0')
361
train loss: 3.3310917773878717
fofe.forgetting_factor tensor([0.4716], device='cuda:0')
362
train loss: 3.330342819413028
fofe.forgetting_factor tensor([0.4859], device='cuda:0')
363
train loss: 3.329493223902691
fofe.forgetting_factor tensor([0.4823], device='cuda:0')
364
train loss: 3.3271009941177674
fofe.forgetting_factor tensor([0.4538], device='cuda:0')
365
train loss: 3.3247989066633354
fofe.forgetting_factor tensor([0.4828], device='cuda:0')
366
train loss: 3.325166453319381
fofe.forgetting_factor tensor([0.4774], device='cuda:0')
367
train loss: 3.323029818783802
fofe.forgetting_factor tensor([0.4784], device='cuda:0')
368
train loss: 3.328862132796322
fofe.forgetting_factor tensor([0.4674], device='cuda:0')
369
train loss: 3.328937266246382
fofe.forgetting_factor tensor([0.4700], device='cuda:0')
370
train loss: 3.3926735517969093
fofe.forgetting_factor tensor([0.4743], device='cuda:0')
371
train loss: 3.374422392213201
fofe.forgetting_factor tensor([0.4599], device='cuda:0')
372
train loss: 3.3537893975116164
fofe.forgetting_factor tensor([0.4598], device='cuda:0')
373
train loss: 3.380036076867437
fofe.forgetting_factor tensor([0.4887], device='cuda:0')
374
train loss: 3.37175186475118
fofe.forgetting_factor tensor([0.4744], device='cuda:0')
375
train loss: 3.3375292417993507
fofe.forgetting_factor tensor([0.4716], device='cuda:0')
376
train loss: 3.3290026628348723
fofe.forgetting_factor tensor([0.4901], device='cuda:0')
377
train loss: 3.3315814206877867
fofe.forgetting_factor tensor([0.4870], device='cuda:0')
378
train loss: 3.328044406860229
fofe.forgetting_factor tensor([0.4866], device='cuda:0')
379
train loss: 3.3277663174403243
fofe.forgetting_factor tensor([0.4913], device='cuda:0')
380
train loss: 3.330735445501335
fofe.forgetting_factor tensor([0.4988], device='cuda:0')
381
train loss: 3.330242421253618
fofe.forgetting_factor tensor([0.5108], device='cuda:0')
382
train loss: 3.325588098970283
fofe.forgetting_factor tensor([0.4883], device='cuda:0')
383
train loss: 3.328106882102997
fofe.forgetting_factor tensor([0.5056], device='cuda:0')
384
train loss: 3.3245233943663446
fofe.forgetting_factor tensor([0.4972], device='cuda:0')
385
train loss: 3.321911617933986
fofe.forgetting_factor tensor([0.4956], device='cuda:0')
386
train loss: 3.3307931724801123
fofe.forgetting_factor tensor([0.4791], device='cuda:0')
387
train loss: 3.3269894841205643
fofe.forgetting_factor tensor([0.4770], device='cuda:0')
388
train loss: 3.3263686665569443
fofe.forgetting_factor tensor([0.4939], device='cuda:0')
389
train loss: 3.3292174085555786
fofe.forgetting_factor tensor([0.4724], device='cuda:0')
390
train loss: 3.3248716899190085
fofe.forgetting_factor tensor([0.4719], device='cuda:0')
391
train loss: 3.325691216920753
fofe.forgetting_factor tensor([0.4715], device='cuda:0')
392
train loss: 3.3234213389546037
fofe.forgetting_factor tensor([0.4781], device='cuda:0')
393
train loss: 3.3240755250655023
fofe.forgetting_factor tensor([0.4869], device='cuda:0')
394
train loss: 3.3233899218011573
fofe.forgetting_factor tensor([0.4730], device='cuda:0')
395
train loss: 3.32074013053174
fofe.forgetting_factor tensor([0.4785], device='cuda:0')
396
train loss: 3.322249571003588
fofe.forgetting_factor tensor([0.4977], device='cuda:0')
397
train loss: 3.3266221409341896
fofe.forgetting_factor tensor([0.4788], device='cuda:0')
398
train loss: 3.326872635079196
fofe.forgetting_factor tensor([0.4979], device='cuda:0')
399
train loss: 3.3233949352938486
fofe.forgetting_factor tensor([0.4888], device='cuda:0')
400
train loss: 3.3291670395188544
fofe.forgetting_factor tensor([0.4621], device='cuda:0')
f1_macro 0.09877292846042844
dev loss 3.5452103099823
acc 0.33035714285714285
f1 macro 0.09877292846042844
f1 micro 0.33035714285714285
401
train loss: 3.345286593858497
fofe.forgetting_factor tensor([0.4511], device='cuda:0')
402
train loss: 3.3259865562599824
fofe.forgetting_factor tensor([0.4544], device='cuda:0')
403
train loss: 3.3254801820080924
fofe.forgetting_factor tensor([0.4608], device='cuda:0')
404
train loss: 3.3226124282821594
fofe.forgetting_factor tensor([0.4646], device='cuda:0')
405
train loss: 3.3214182125995437
fofe.forgetting_factor tensor([0.4636], device='cuda:0')
406
train loss: 3.324651988634623
fofe.forgetting_factor tensor([0.4644], device='cuda:0')
407
train loss: 3.321787344404014
fofe.forgetting_factor tensor([0.4717], device='cuda:0')
408
train loss: 3.326291997269933
fofe.forgetting_factor tensor([0.4736], device='cuda:0')
409
train loss: 3.3224317160954917
fofe.forgetting_factor tensor([0.4750], device='cuda:0')
410
train loss: 3.3213404934090303
fofe.forgetting_factor tensor([0.4682], device='cuda:0')
411
train loss: 3.320794528746701
fofe.forgetting_factor tensor([0.4793], device='cuda:0')
412
train loss: 3.3218868803307715
fofe.forgetting_factor tensor([0.4754], device='cuda:0')
413
train loss: 3.324977136520018
fofe.forgetting_factor tensor([0.4723], device='cuda:0')
414
train loss: 3.3250575755015914
fofe.forgetting_factor tensor([0.4772], device='cuda:0')
415
train loss: 3.348544562676824
fofe.forgetting_factor tensor([0.4211], device='cuda:0')
416
train loss: 3.3413774742180085
fofe.forgetting_factor tensor([0.4257], device='cuda:0')
417
train loss: 3.3356229938177697
fofe.forgetting_factor tensor([0.4289], device='cuda:0')
418
train loss: 3.3265127403190338
fofe.forgetting_factor tensor([0.4386], device='cuda:0')
419
train loss: 3.323122070496341
fofe.forgetting_factor tensor([0.4477], device='cuda:0')
420
train loss: 3.320403474401757
fofe.forgetting_factor tensor([0.4563], device='cuda:0')
421
train loss: 3.323080304157303
fofe.forgetting_factor tensor([0.4665], device='cuda:0')
422
train loss: 3.318757883037429
fofe.forgetting_factor tensor([0.4704], device='cuda:0')
423
train loss: 3.3228623474458137
fofe.forgetting_factor tensor([0.4826], device='cuda:0')
424
train loss: 3.3183533546915016
fofe.forgetting_factor tensor([0.4823], device='cuda:0')
425
train loss: 3.324796945215708
fofe.forgetting_factor tensor([0.4786], device='cuda:0')
426
train loss: 3.330970207850138
fofe.forgetting_factor tensor([0.4687], device='cuda:0')
427
train loss: 3.3176691206583535
fofe.forgetting_factor tensor([0.4713], device='cuda:0')
428
train loss: 3.3222103927987647
fofe.forgetting_factor tensor([0.4636], device='cuda:0')
429
train loss: 3.320448580037159
fofe.forgetting_factor tensor([0.4686], device='cuda:0')
430
train loss: 3.3174454605723
fofe.forgetting_factor tensor([0.4784], device='cuda:0')
431
train loss: 3.3232859555018477
fofe.forgetting_factor tensor([0.4726], device='cuda:0')
432
train loss: 3.3222092466660773
fofe.forgetting_factor tensor([0.4773], device='cuda:0')
433
train loss: 3.3257743024443047
fofe.forgetting_factor tensor([0.4780], device='cuda:0')
434
train loss: 3.329864006444632
fofe.forgetting_factor tensor([0.4427], device='cuda:0')
435
train loss: 3.333636198177874
fofe.forgetting_factor tensor([0.4616], device='cuda:0')
436
train loss: 3.3248725387466003
fofe.forgetting_factor tensor([0.4795], device='cuda:0')
437
train loss: 3.3252890157891084
fofe.forgetting_factor tensor([0.4622], device='cuda:0')
438
train loss: 3.322323762748136
fofe.forgetting_factor tensor([0.4707], device='cuda:0')
439
train loss: 3.322419598399396
fofe.forgetting_factor tensor([0.4801], device='cuda:0')
440
train loss: 3.323836197336036
fofe.forgetting_factor tensor([0.4624], device='cuda:0')
441
train loss: 3.3210781309978072
fofe.forgetting_factor tensor([0.4626], device='cuda:0')
442
train loss: 3.3274528831841956
fofe.forgetting_factor tensor([0.4548], device='cuda:0')
443
train loss: 3.321487149560308
fofe.forgetting_factor tensor([0.4634], device='cuda:0')
444
train loss: 3.322017358967578
fofe.forgetting_factor tensor([0.4652], device='cuda:0')
445
train loss: 3.324188895014874
fofe.forgetting_factor tensor([0.4411], device='cuda:0')
446
train loss: 3.320869181529585
fofe.forgetting_factor tensor([0.4603], device='cuda:0')
447
train loss: 3.325173557522785
fofe.forgetting_factor tensor([0.4706], device='cuda:0')
448
train loss: 3.323634377923835
fofe.forgetting_factor tensor([0.4688], device='cuda:0')
449
train loss: 3.3222683246834688
fofe.forgetting_factor tensor([0.4643], device='cuda:0')
450
train loss: 3.323294698952671
fofe.forgetting_factor tensor([0.4829], device='cuda:0')
451
train loss: 3.3218866399971834
fofe.forgetting_factor tensor([0.4766], device='cuda:0')
452
train loss: 3.324812472584736
fofe.forgetting_factor tensor([0.4617], device='cuda:0')
453
train loss: 3.3239353631873687
fofe.forgetting_factor tensor([0.4660], device='cuda:0')
454
train loss: 3.315737807128324
fofe.forgetting_factor tensor([0.4732], device='cuda:0')
455
train loss: 3.3235028072533357
fofe.forgetting_factor tensor([0.4607], device='cuda:0')
456
train loss: 3.321547198487094
fofe.forgetting_factor tensor([0.4737], device='cuda:0')
457
train loss: 3.3202139886028794
fofe.forgetting_factor tensor([0.4442], device='cuda:0')
458
train loss: 3.3240169032989257
fofe.forgetting_factor tensor([0.4433], device='cuda:0')
459
train loss: 3.319598262568554
fofe.forgetting_factor tensor([0.4643], device='cuda:0')
460
train loss: 3.318757549825921
fofe.forgetting_factor tensor([0.4647], device='cuda:0')
461
train loss: 3.3266614503171072
fofe.forgetting_factor tensor([0.4512], device='cuda:0')
462
train loss: 3.324886471870913
fofe.forgetting_factor tensor([0.4577], device='cuda:0')
463
train loss: 3.3209723344289634
fofe.forgetting_factor tensor([0.4578], device='cuda:0')
464
train loss: 3.32006630026193
fofe.forgetting_factor tensor([0.4710], device='cuda:0')
465
train loss: 3.3163024483914354
fofe.forgetting_factor tensor([0.4696], device='cuda:0')
466
train loss: 3.3207263175742217
fofe.forgetting_factor tensor([0.4598], device='cuda:0')
467
train loss: 3.3186293921796195
fofe.forgetting_factor tensor([0.4603], device='cuda:0')
468
train loss: 3.322100935690853
fofe.forgetting_factor tensor([0.4563], device='cuda:0')
469
train loss: 3.317122700702713
fofe.forgetting_factor tensor([0.4540], device='cuda:0')
470
train loss: 3.324478581248517
fofe.forgetting_factor tensor([0.4369], device='cuda:0')
471
train loss: 3.3401101037680383
fofe.forgetting_factor tensor([0.4015], device='cuda:0')
472
train loss: 3.3248139543226922
fofe.forgetting_factor tensor([0.4124], device='cuda:0')
473
train loss: 3.326883726330646
fofe.forgetting_factor tensor([0.4196], device='cuda:0')
474
train loss: 3.3257801628495796
fofe.forgetting_factor tensor([0.4266], device='cuda:0')
475
train loss: 3.318706753742264
fofe.forgetting_factor tensor([0.4377], device='cuda:0')
476
train loss: 3.3163650978999923
fofe.forgetting_factor tensor([0.4463], device='cuda:0')
477
train loss: 3.3149523964847427
fofe.forgetting_factor tensor([0.4601], device='cuda:0')
478
train loss: 3.3162863900862543
fofe.forgetting_factor tensor([0.4599], device='cuda:0')
479
train loss: 3.3169341049041137
fofe.forgetting_factor tensor([0.4690], device='cuda:0')
480
train loss: 3.3189632605357344
fofe.forgetting_factor tensor([0.4683], device='cuda:0')
481
train loss: 3.3163668405578797
fofe.forgetting_factor tensor([0.4626], device='cuda:0')
482
train loss: 3.322124916865644
fofe.forgetting_factor tensor([0.4510], device='cuda:0')
483
train loss: 3.3222001925050972
fofe.forgetting_factor tensor([0.4476], device='cuda:0')
484
train loss: 3.3195420776505067
fofe.forgetting_factor tensor([0.4561], device='cuda:0')
485
train loss: 3.3187856358217904
fofe.forgetting_factor tensor([0.4693], device='cuda:0')
486
train loss: 3.3227758833682204
fofe.forgetting_factor tensor([0.4668], device='cuda:0')
487
train loss: 3.3185098372310042
fofe.forgetting_factor tensor([0.4730], device='cuda:0')
488
train loss: 3.321690375067623
fofe.forgetting_factor tensor([0.4585], device='cuda:0')
489
train loss: 3.315105680002266
fofe.forgetting_factor tensor([0.4714], device='cuda:0')
490
train loss: 3.323309468457019
fofe.forgetting_factor tensor([0.4820], device='cuda:0')
491
train loss: 3.316826771062062
fofe.forgetting_factor tensor([0.4759], device='cuda:0')
492
train loss: 3.323725731976061
fofe.forgetting_factor tensor([0.4705], device='cuda:0')
493
train loss: 3.3163116428268005
fofe.forgetting_factor tensor([0.4685], device='cuda:0')
494
train loss: 3.3228255864606804
fofe.forgetting_factor tensor([0.4755], device='cuda:0')
495
train loss: 3.322708261060906
fofe.forgetting_factor tensor([0.4653], device='cuda:0')
496
train loss: 3.320059451233431
fofe.forgetting_factor tensor([0.4806], device='cuda:0')
497
train loss: 3.3197061474543497
fofe.forgetting_factor tensor([0.4579], device='cuda:0')
498
train loss: 3.321325823006381
fofe.forgetting_factor tensor([0.4664], device='cuda:0')
499
train loss: 3.3249234305806907
fofe.forgetting_factor tensor([0.4921], device='cuda:0')
500
train loss: 3.320993764812209
fofe.forgetting_factor tensor([0.4787], device='cuda:0')
dev loss 3.515228231430054
acc 0.33035714285714285
f1 macro 0.09877292846042844
f1 micro 0.33035714285714285
501
train loss: 3.320964435496962
fofe.forgetting_factor tensor([0.4663], device='cuda:0')
502
train loss: 3.323901397157386
fofe.forgetting_factor tensor([0.4774], device='cuda:0')
503
train loss: 3.3199947244192223
fofe.forgetting_factor tensor([0.4620], device='cuda:0')
504
train loss: 3.316790744961505
fofe.forgetting_factor tensor([0.4507], device='cuda:0')
505
train loss: 3.3199151266052063
fofe.forgetting_factor tensor([0.4485], device='cuda:0')
506
train loss: 3.3175686794112487
fofe.forgetting_factor tensor([0.4748], device='cuda:0')
507
train loss: 3.3152862815971833
fofe.forgetting_factor tensor([0.4528], device='cuda:0')
508
train loss: 3.319910392225028
fofe.forgetting_factor tensor([0.4684], device='cuda:0')
509
train loss: 3.318177159052776
fofe.forgetting_factor tensor([0.4621], device='cuda:0')
510
train loss: 3.31356723480914
fofe.forgetting_factor tensor([0.4660], device='cuda:0')
511
train loss: 3.3165730898638808
fofe.forgetting_factor tensor([0.4592], device='cuda:0')
512
train loss: 3.3185946170584746
fofe.forgetting_factor tensor([0.4670], device='cuda:0')
513
train loss: 3.323801803301616
fofe.forgetting_factor tensor([0.4518], device='cuda:0')
514
train loss: 3.3136222372093354
fofe.forgetting_factor tensor([0.4542], device='cuda:0')
515
train loss: 3.3252419056183844
fofe.forgetting_factor tensor([0.4625], device='cuda:0')
516
train loss: 3.3167373952137895
fofe.forgetting_factor tensor([0.4587], device='cuda:0')
517
train loss: 3.313599943635933
fofe.forgetting_factor tensor([0.4577], device='cuda:0')
518
train loss: 3.317804001421335
fofe.forgetting_factor tensor([0.4720], device='cuda:0')
519
train loss: 3.3235180119434036
fofe.forgetting_factor tensor([0.4392], device='cuda:0')
520
train loss: 3.318006438423831
fofe.forgetting_factor tensor([0.4682], device='cuda:0')
521
train loss: 3.3159623337557997
fofe.forgetting_factor tensor([0.4675], device='cuda:0')
522
train loss: 3.320206705346165
fofe.forgetting_factor tensor([0.4649], device='cuda:0')
523
train loss: 3.3170770445023194
fofe.forgetting_factor tensor([0.4613], device='cuda:0')
524
train loss: 3.319872842735076
fofe.forgetting_factor tensor([0.4325], device='cuda:0')
525
train loss: 3.320496001875544
fofe.forgetting_factor tensor([0.4463], device='cuda:0')
526
train loss: 3.320185620621984
fofe.forgetting_factor tensor([0.4571], device='cuda:0')
527
train loss: 3.3132472387758125
fofe.forgetting_factor tensor([0.4461], device='cuda:0')
528
train loss: 3.3166669090110137
fofe.forgetting_factor tensor([0.4556], device='cuda:0')
529
train loss: 3.3142485695191657
fofe.forgetting_factor tensor([0.4445], device='cuda:0')
530
train loss: 3.318414486076937
fofe.forgetting_factor tensor([0.4617], device='cuda:0')
531
train loss: 3.3192491574459764
fofe.forgetting_factor tensor([0.4574], device='cuda:0')
532
train loss: 3.316218349828299
fofe.forgetting_factor tensor([0.4564], device='cuda:0')
533
train loss: 3.315699938789429
fofe.forgetting_factor tensor([0.4667], device='cuda:0')
534
train loss: 3.3158917417487945
fofe.forgetting_factor tensor([0.4620], device='cuda:0')
535
train loss: 3.313620357628328
fofe.forgetting_factor tensor([0.4539], device='cuda:0')
536
train loss: 3.31989785418453
fofe.forgetting_factor tensor([0.4546], device='cuda:0')
537
train loss: 3.316993647789859
fofe.forgetting_factor tensor([0.4578], device='cuda:0')
538
train loss: 3.309358141029695
fofe.forgetting_factor tensor([0.4611], device='cuda:0')
539
train loss: 3.3187050527358153
fofe.forgetting_factor tensor([0.4608], device='cuda:0')
540
train loss: 3.3195015661208984
fofe.forgetting_factor tensor([0.4516], device='cuda:0')
541
train loss: 3.3152175639049117
fofe.forgetting_factor tensor([0.4617], device='cuda:0')
542
train loss: 3.3167316683803696
fofe.forgetting_factor tensor([0.4562], device='cuda:0')
543
train loss: 3.315862573773028
fofe.forgetting_factor tensor([0.4740], device='cuda:0')
544
train loss: 3.3194159953948486
fofe.forgetting_factor tensor([0.4753], device='cuda:0')
545
train loss: 3.3142482027950058
fofe.forgetting_factor tensor([0.4610], device='cuda:0')
546
train loss: 3.3177564694699515
fofe.forgetting_factor tensor([0.4629], device='cuda:0')
547
train loss: 3.3165238746198784
fofe.forgetting_factor tensor([0.4547], device='cuda:0')
548
train loss: 3.3159277415179824
fofe.forgetting_factor tensor([0.4581], device='cuda:0')
549
train loss: 3.3174592132070457
fofe.forgetting_factor tensor([0.4594], device='cuda:0')
550
train loss: 3.320511168744191
fofe.forgetting_factor tensor([0.4400], device='cuda:0')
551
train loss: 3.370455204243641
fofe.forgetting_factor tensor([0.4452], device='cuda:0')
552
train loss: 3.3568215489866264
fofe.forgetting_factor tensor([0.4166], device='cuda:0')
553
train loss: 3.3567517976684265
fofe.forgetting_factor tensor([0.4210], device='cuda:0')
554
train loss: 3.340946717913371
fofe.forgetting_factor tensor([0.4146], device='cuda:0')
555
train loss: 3.327465353241886
fofe.forgetting_factor tensor([0.4222], device='cuda:0')
556
train loss: 3.3287362224126915
fofe.forgetting_factor tensor([0.4377], device='cuda:0')
557
train loss: 3.3334709458561784
fofe.forgetting_factor tensor([0.4654], device='cuda:0')
558
train loss: 3.330360770704277
fofe.forgetting_factor tensor([0.4618], device='cuda:0')
559
train loss: 3.328517923872155
fofe.forgetting_factor tensor([0.4463], device='cuda:0')
560
train loss: 3.3987768989011466
fofe.forgetting_factor tensor([0.4717], device='cuda:0')
561
train loss: 3.6497746758671648
fofe.forgetting_factor tensor([0.4721], device='cuda:0')
562
train loss: 3.455376500585472
fofe.forgetting_factor tensor([0.4721], device='cuda:0')
563
train loss: 3.370697142608673
fofe.forgetting_factor tensor([0.4719], device='cuda:0')
564
train loss: 3.3525871028861847
fofe.forgetting_factor tensor([0.4717], device='cuda:0')
565
train loss: 3.3437929766245156
fofe.forgetting_factor tensor([0.4715], device='cuda:0')
566
train loss: 3.3411377898181778
fofe.forgetting_factor tensor([0.4714], device='cuda:0')
567
train loss: 3.3373407537199884
fofe.forgetting_factor tensor([0.4717], device='cuda:0')
568
train loss: 3.3393385065607277
fofe.forgetting_factor tensor([0.4712], device='cuda:0')
569
train loss: 3.3351829013671264
fofe.forgetting_factor tensor([0.4728], device='cuda:0')
570
train loss: 3.330102192350181
fofe.forgetting_factor tensor([0.4717], device='cuda:0')
571
train loss: 3.3404478581554917
fofe.forgetting_factor tensor([0.4742], device='cuda:0')
572
train loss: 3.3342748195770753
fofe.forgetting_factor tensor([0.4733], device='cuda:0')
573
train loss: 3.3309668666387657
fofe.forgetting_factor tensor([0.4726], device='cuda:0')
574
train loss: 3.3495583500728072
fofe.forgetting_factor tensor([0.4913], device='cuda:0')
575
train loss: 3.525006279409171
fofe.forgetting_factor tensor([0.4709], device='cuda:0')
576
train loss: 3.5016632621068076
fofe.forgetting_factor tensor([0.4808], device='cuda:0')
577
train loss: 3.377173521432532
fofe.forgetting_factor tensor([0.4684], device='cuda:0')
578
train loss: 3.349810463357642
fofe.forgetting_factor tensor([0.4682], device='cuda:0')
579
train loss: 3.3419948399785055
fofe.forgetting_factor tensor([0.4679], device='cuda:0')
580
train loss: 3.3342960024454507
fofe.forgetting_factor tensor([0.4661], device='cuda:0')
581
train loss: 3.3297678658282424
fofe.forgetting_factor tensor([0.4643], device='cuda:0')
582
train loss: 3.3265804157678383
fofe.forgetting_factor tensor([0.4584], device='cuda:0')
583
train loss: 3.3276924890686708
fofe.forgetting_factor tensor([0.4560], device='cuda:0')
584
train loss: 3.326932539422828
fofe.forgetting_factor tensor([0.4537], device='cuda:0')
585
train loss: 3.3284219575215537
fofe.forgetting_factor tensor([0.4571], device='cuda:0')
586
train loss: 3.327495600803789
fofe.forgetting_factor tensor([0.4546], device='cuda:0')
587
train loss: 3.3269996753179405
fofe.forgetting_factor tensor([0.4622], device='cuda:0')
588
train loss: 3.328066140293596
fofe.forgetting_factor tensor([0.4612], device='cuda:0')
589
train loss: 3.3282325526317917
fofe.forgetting_factor tensor([0.4535], device='cuda:0')
590
train loss: 3.321790726788073
fofe.forgetting_factor tensor([0.4461], device='cuda:0')
591
train loss: 3.3245206568614547
fofe.forgetting_factor tensor([0.4429], device='cuda:0')
592
train loss: 3.324833907755503
fofe.forgetting_factor tensor([0.4298], device='cuda:0')
593
train loss: 3.3359590313999528
fofe.forgetting_factor tensor([0.4121], device='cuda:0')
594
train loss: 3.3195538161748863
fofe.forgetting_factor tensor([0.4343], device='cuda:0')
595
train loss: 3.3187219191746538
fofe.forgetting_factor tensor([0.4455], device='cuda:0')
596
train loss: 3.317629882130757
fofe.forgetting_factor tensor([0.4550], device='cuda:0')
597
train loss: 3.321156623851822
fofe.forgetting_factor tensor([0.4395], device='cuda:0')
598
train loss: 3.322199420277852
fofe.forgetting_factor tensor([0.4482], device='cuda:0')
599
train loss: 3.320579432100656
fofe.forgetting_factor tensor([0.4539], device='cuda:0')
600
train loss: 3.326358437059395
fofe.forgetting_factor tensor([0.4646], device='cuda:0')
acc 0.3308823529411764
f1_micro 0.33088235294117646
dev loss 3.537994134902954
acc 0.3308823529411764
f1 macro 0.09877292846042844
f1 micro 0.33088235294117646
601
train loss: 3.3260008719072762
fofe.forgetting_factor tensor([0.4496], device='cuda:0')
602
train loss: 3.3196561336517334
fofe.forgetting_factor tensor([0.4555], device='cuda:0')
603
train loss: 3.3214361093130456
fofe.forgetting_factor tensor([0.4699], device='cuda:0')
604
train loss: 3.315306276202681
fofe.forgetting_factor tensor([0.4634], device='cuda:0')
605
train loss: 3.3180217695044707
fofe.forgetting_factor tensor([0.4680], device='cuda:0')
606
train loss: 3.318342290250173
fofe.forgetting_factor tensor([0.4416], device='cuda:0')
607
train loss: 3.3213374270014016
fofe.forgetting_factor tensor([0.4488], device='cuda:0')
608
train loss: 3.3236330771541978
fofe.forgetting_factor tensor([0.4638], device='cuda:0')
609
train loss: 3.3209484734209664
fofe.forgetting_factor tensor([0.4394], device='cuda:0')
610
train loss: 3.3187446871914537
fofe.forgetting_factor tensor([0.4476], device='cuda:0')
611
train loss: 3.323752726895742
fofe.forgetting_factor tensor([0.4381], device='cuda:0')
612
train loss: 3.316708878819722
fofe.forgetting_factor tensor([0.4475], device='cuda:0')
613
train loss: 3.3201299106260858
fofe.forgetting_factor tensor([0.4361], device='cuda:0')
614
train loss: 3.3311990604821937
fofe.forgetting_factor tensor([0.4276], device='cuda:0')
615
train loss: 3.32027072647968
fofe.forgetting_factor tensor([0.4370], device='cuda:0')
616
train loss: 3.318057262753866
fofe.forgetting_factor tensor([0.4449], device='cuda:0')
617
train loss: 3.31796767625464
fofe.forgetting_factor tensor([0.4515], device='cuda:0')
618
train loss: 3.315569981513732
fofe.forgetting_factor tensor([0.4523], device='cuda:0')
619
train loss: 3.319190116771254
fofe.forgetting_factor tensor([0.4260], device='cuda:0')
620
train loss: 3.3234160099642343
fofe.forgetting_factor tensor([0.4413], device='cuda:0')
621
train loss: 3.329601462107586
fofe.forgetting_factor tensor([0.4612], device='cuda:0')
622
train loss: 3.32009954529115
fofe.forgetting_factor tensor([0.4468], device='cuda:0')
623
train loss: 3.3158279317449852
fofe.forgetting_factor tensor([0.4363], device='cuda:0')
624
train loss: 3.3198390471408645
fofe.forgetting_factor tensor([0.4394], device='cuda:0')
625
train loss: 3.3151991984930382
fofe.forgetting_factor tensor([0.4660], device='cuda:0')
626
train loss: 3.3261254757762435
fofe.forgetting_factor tensor([0.5022], device='cuda:0')
627
train loss: 3.3191719835541815
fofe.forgetting_factor tensor([0.4959], device='cuda:0')
628
train loss: 3.3252901197916054
fofe.forgetting_factor tensor([0.4933], device='cuda:0')
629
train loss: 3.314776645128028
fofe.forgetting_factor tensor([0.4845], device='cuda:0')
630
train loss: 3.3121346029411836
fofe.forgetting_factor tensor([0.4802], device='cuda:0')
631
train loss: 3.31872477062256
fofe.forgetting_factor tensor([0.4741], device='cuda:0')
632
train loss: 3.3177759269155174
fofe.forgetting_factor tensor([0.4702], device='cuda:0')
633
train loss: 3.3128091714468346
fofe.forgetting_factor tensor([0.4675], device='cuda:0')
634
train loss: 3.3171970523504846
fofe.forgetting_factor tensor([0.4663], device='cuda:0')
635
train loss: 3.3304548038536286
fofe.forgetting_factor tensor([0.4361], device='cuda:0')
636
train loss: 3.315342959629963
fofe.forgetting_factor tensor([0.4489], device='cuda:0')
637
train loss: 3.3133195892395264
fofe.forgetting_factor tensor([0.4610], device='cuda:0')
638
train loss: 3.316556255980189
fofe.forgetting_factor tensor([0.4645], device='cuda:0')
639
train loss: 3.316057385689762
fofe.forgetting_factor tensor([0.4500], device='cuda:0')
640
train loss: 3.320152874452522
fofe.forgetting_factor tensor([0.4580], device='cuda:0')
641
train loss: 3.3143651753544328
fofe.forgetting_factor tensor([0.4558], device='cuda:0')
642
train loss: 3.3126293722405493
fofe.forgetting_factor tensor([0.4478], device='cuda:0')
643
train loss: 3.3153909550134437
fofe.forgetting_factor tensor([0.4560], device='cuda:0')
644
train loss: 3.3119819599940596
fofe.forgetting_factor tensor([0.4487], device='cuda:0')
645
train loss: 3.3144668805072586
fofe.forgetting_factor tensor([0.4488], device='cuda:0')
646
train loss: 3.310880531747657
fofe.forgetting_factor tensor([0.4529], device='cuda:0')
647
train loss: 3.316317253802196
fofe.forgetting_factor tensor([0.4262], device='cuda:0')
648
train loss: 3.313919099459208
fofe.forgetting_factor tensor([0.4417], device='cuda:0')
649
train loss: 3.312165924822949
fofe.forgetting_factor tensor([0.4415], device='cuda:0')
650
train loss: 3.3254714979225373
fofe.forgetting_factor tensor([0.4549], device='cuda:0')
651
train loss: 3.3166628798327773
fofe.forgetting_factor tensor([0.4561], device='cuda:0')
652
train loss: 3.3096931507309755
fofe.forgetting_factor tensor([0.4530], device='cuda:0')
653
train loss: 3.3103053296904967
fofe.forgetting_factor tensor([0.4620], device='cuda:0')
654
train loss: 3.3108207858709924
fofe.forgetting_factor tensor([0.4516], device='cuda:0')
655
train loss: 3.3203733043977057
fofe.forgetting_factor tensor([0.4651], device='cuda:0')
656
train loss: 3.3167037504265107
fofe.forgetting_factor tensor([0.4290], device='cuda:0')
657
train loss: 3.3137302872646286
fofe.forgetting_factor tensor([0.4367], device='cuda:0')
658
train loss: 3.3188155726735373
fofe.forgetting_factor tensor([0.4315], device='cuda:0')
659
train loss: 3.317236274600508
fofe.forgetting_factor tensor([0.4449], device='cuda:0')
660
train loss: 3.3111488359520234
fofe.forgetting_factor tensor([0.4382], device='cuda:0')
661
train loss: 3.3127756425175803
fofe.forgetting_factor tensor([0.4472], device='cuda:0')
662
train loss: 3.309910627254042
fofe.forgetting_factor tensor([0.4555], device='cuda:0')
663
train loss: 3.357183250557467
fofe.forgetting_factor tensor([0.4070], device='cuda:0')
664
train loss: 3.3260601634481346
fofe.forgetting_factor tensor([0.3938], device='cuda:0')
665
train loss: 3.3179520416451265
fofe.forgetting_factor tensor([0.4075], device='cuda:0')
666
train loss: 3.3107759861582253
fofe.forgetting_factor tensor([0.4173], device='cuda:0')
667
train loss: 3.311520307418333
fofe.forgetting_factor tensor([0.4256], device='cuda:0')
668
train loss: 3.311916531329174
fofe.forgetting_factor tensor([0.4317], device='cuda:0')
669
train loss: 3.307682288219651
fofe.forgetting_factor tensor([0.4289], device='cuda:0')
670
train loss: 3.3127301299428367
fofe.forgetting_factor tensor([0.4342], device='cuda:0')
671
train loss: 3.312347937300502
fofe.forgetting_factor tensor([0.4308], device='cuda:0')
672
train loss: 3.3111040999132944
fofe.forgetting_factor tensor([0.4304], device='cuda:0')
673
train loss: 3.3174053588545465
fofe.forgetting_factor tensor([0.4453], device='cuda:0')
674
train loss: 3.312807976002674
fofe.forgetting_factor tensor([0.4396], device='cuda:0')
675
train loss: 3.3128666169193375
fofe.forgetting_factor tensor([0.4624], device='cuda:0')
676
train loss: 3.3158559976332636
fofe.forgetting_factor tensor([0.4323], device='cuda:0')
677
train loss: 3.315770806557682
fofe.forgetting_factor tensor([0.4332], device='cuda:0')
678
train loss: 3.311886604052471
fofe.forgetting_factor tensor([0.4573], device='cuda:0')
679
train loss: 3.3114279676153955
fofe.forgetting_factor tensor([0.4414], device='cuda:0')
680
train loss: 3.31479270582697
fofe.forgetting_factor tensor([0.4569], device='cuda:0')
681
train loss: 3.311689986282563
fofe.forgetting_factor tensor([0.4428], device='cuda:0')
682
train loss: 3.315751044625738
fofe.forgetting_factor tensor([0.4481], device='cuda:0')
683
train loss: 3.307101434971913
fofe.forgetting_factor tensor([0.4222], device='cuda:0')
684
train loss: 3.3139387196805106
fofe.forgetting_factor tensor([0.4435], device='cuda:0')
685
train loss: 3.313032191441241
fofe.forgetting_factor tensor([0.4392], device='cuda:0')
686
train loss: 3.314644736937251
fofe.forgetting_factor tensor([0.4550], device='cuda:0')
687
train loss: 3.3169217100105133
fofe.forgetting_factor tensor([0.4487], device='cuda:0')
688
train loss: 3.3071390299433205
fofe.forgetting_factor tensor([0.4392], device='cuda:0')
689
train loss: 3.310500238793921
fofe.forgetting_factor tensor([0.4444], device='cuda:0')
690
train loss: 3.3113036280176247
fofe.forgetting_factor tensor([0.4465], device='cuda:0')
691
train loss: 3.3109914050044784
fofe.forgetting_factor tensor([0.4317], device='cuda:0')
692
train loss: 3.317152523611444
fofe.forgetting_factor tensor([0.4187], device='cuda:0')
693
train loss: 3.3128443156859
fofe.forgetting_factor tensor([0.4488], device='cuda:0')
694
train loss: 3.3098791813754653
fofe.forgetting_factor tensor([0.4509], device='cuda:0')
695
train loss: 3.308896779056534
fofe.forgetting_factor tensor([0.4566], device='cuda:0')
696
train loss: 3.3211353643831
fofe.forgetting_factor tensor([0.4375], device='cuda:0')
697
train loss: 3.3267274903485093
fofe.forgetting_factor tensor([0.4550], device='cuda:0')
698
train loss: 3.3184973954196915
fofe.forgetting_factor tensor([0.4594], device='cuda:0')
699
train loss: 3.313407267432615
fofe.forgetting_factor tensor([0.4701], device='cuda:0')
700
train loss: 3.311202898082963
fofe.forgetting_factor tensor([0.4517], device='cuda:0')
dev loss 3.567927978515625
acc 0.3308823529411764
f1 macro 0.09877292846042844
f1 micro 0.33088235294117646
701
train loss: 3.3109156324202758
fofe.forgetting_factor tensor([0.4488], device='cuda:0')
702
train loss: 3.3097798656747046
fofe.forgetting_factor tensor([0.4449], device='cuda:0')
703
train loss: 3.3113614550556045
fofe.forgetting_factor tensor([0.4415], device='cuda:0')
704
train loss: 3.311207723426053
fofe.forgetting_factor tensor([0.4390], device='cuda:0')
705
train loss: 3.3069903582454208
fofe.forgetting_factor tensor([0.4494], device='cuda:0')
706
train loss: 3.324983255930215
fofe.forgetting_factor tensor([0.4201], device='cuda:0')
707
train loss: 3.3157641538175713
fofe.forgetting_factor tensor([0.4366], device='cuda:0')
708
train loss: 3.313168825394657
fofe.forgetting_factor tensor([0.4479], device='cuda:0')
709
train loss: 3.316894436457071
fofe.forgetting_factor tensor([0.4568], device='cuda:0')
710
train loss: 3.3139153752461015
fofe.forgetting_factor tensor([0.4377], device='cuda:0')
711
train loss: 3.3075091024957985
fofe.forgetting_factor tensor([0.4314], device='cuda:0')
712
train loss: 3.3108228765817054
fofe.forgetting_factor tensor([0.4256], device='cuda:0')
713
train loss: 3.3085953059445425
fofe.forgetting_factor tensor([0.4159], device='cuda:0')
714
train loss: 3.312165566237576
fofe.forgetting_factor tensor([0.4342], device='cuda:0')
715
train loss: 3.307936622435788
fofe.forgetting_factor tensor([0.4460], device='cuda:0')
716
train loss: 3.31145565481071
fofe.forgetting_factor tensor([0.4435], device='cuda:0')
717
train loss: 3.311379049197737
fofe.forgetting_factor tensor([0.4606], device='cuda:0')
718
train loss: 3.313473753661037
fofe.forgetting_factor tensor([0.4466], device='cuda:0')
719
train loss: 3.3077503600752496
fofe.forgetting_factor tensor([0.4499], device='cuda:0')
720
train loss: 3.3108349875752707
fofe.forgetting_factor tensor([0.4731], device='cuda:0')
721
train loss: 3.315871522129779
fofe.forgetting_factor tensor([0.4625], device='cuda:0')
722
train loss: 3.310210645438198
fofe.forgetting_factor tensor([0.4364], device='cuda:0')
723
train loss: 3.3072519541744247
fofe.forgetting_factor tensor([0.4322], device='cuda:0')
724
train loss: 3.3057699567342858
fofe.forgetting_factor tensor([0.4458], device='cuda:0')
725
train loss: 3.3079982986411895
fofe.forgetting_factor tensor([0.4443], device='cuda:0')
726
train loss: 3.3128512125896163
fofe.forgetting_factor tensor([0.4301], device='cuda:0')
727
train loss: 3.307403948891115
fofe.forgetting_factor tensor([0.4505], device='cuda:0')
728
train loss: 3.326669853853892
fofe.forgetting_factor tensor([0.4415], device='cuda:0')
729
train loss: 3.314301251407608
fofe.forgetting_factor tensor([0.4352], device='cuda:0')
730
train loss: 3.314985537624742
fofe.forgetting_factor tensor([0.4493], device='cuda:0')
731
train loss: 3.3118606868039175
fofe.forgetting_factor tensor([0.4406], device='cuda:0')
732
train loss: 3.3104652707356528
fofe.forgetting_factor tensor([0.4385], device='cuda:0')
733
train loss: 3.3119824684288606
fofe.forgetting_factor tensor([0.4506], device='cuda:0')
734
train loss: 3.314103769968791
fofe.forgetting_factor tensor([0.4494], device='cuda:0')
735
train loss: 3.31323850442128
fofe.forgetting_factor tensor([0.4435], device='cuda:0')
736
train loss: 3.31755333971307
fofe.forgetting_factor tensor([0.4354], device='cuda:0')
737
train loss: 3.3161586393792946
fofe.forgetting_factor tensor([0.4493], device='cuda:0')
738
train loss: 3.308661876912098
fofe.forgetting_factor tensor([0.4476], device='cuda:0')
739
train loss: 3.3081929281533484
fofe.forgetting_factor tensor([0.4422], device='cuda:0')
740
train loss: 3.311082075877362
fofe.forgetting_factor tensor([0.4575], device='cuda:0')
741
train loss: 3.3091268592091447
fofe.forgetting_factor tensor([0.4556], device='cuda:0')
742
train loss: 3.307065033050905
fofe.forgetting_factor tensor([0.4421], device='cuda:0')
743
train loss: 3.3063667462054025
fofe.forgetting_factor tensor([0.4448], device='cuda:0')
744
train loss: 3.3114945989057243
fofe.forgetting_factor tensor([0.4403], device='cuda:0')
745
train loss: 3.3090167361569693
fofe.forgetting_factor tensor([0.4503], device='cuda:0')
746
train loss: 3.308237029845456
fofe.forgetting_factor tensor([0.4380], device='cuda:0')
747
train loss: 3.307884831026376
fofe.forgetting_factor tensor([0.4361], device='cuda:0')
748
train loss: 3.3110294375553666
fofe.forgetting_factor tensor([0.4200], device='cuda:0')
749
train loss: 3.3150001998886047
fofe.forgetting_factor tensor([0.4254], device='cuda:0')
750
train loss: 3.309506077843019
fofe.forgetting_factor tensor([0.4224], device='cuda:0')
751
train loss: 3.311405080389306
fofe.forgetting_factor tensor([0.4276], device='cuda:0')
752
train loss: 3.3070050731720215
fofe.forgetting_factor tensor([0.4293], device='cuda:0')
753
train loss: 3.3123764493858
fofe.forgetting_factor tensor([0.4365], device='cuda:0')
754
train loss: 3.344480261745223
fofe.forgetting_factor tensor([0.4624], device='cuda:0')
755
train loss: 3.323351520132348
fofe.forgetting_factor tensor([0.4484], device='cuda:0')
756
train loss: 3.3112058342700026
fofe.forgetting_factor tensor([0.4503], device='cuda:0')
757
train loss: 3.306265747212023
fofe.forgetting_factor tensor([0.4484], device='cuda:0')
758
train loss: 3.3151072273292694
fofe.forgetting_factor tensor([0.4363], device='cuda:0')
759
train loss: 3.328805030589123
fofe.forgetting_factor tensor([0.4536], device='cuda:0')
760
train loss: 3.324283268078264
fofe.forgetting_factor tensor([0.4443], device='cuda:0')
761
train loss: 3.3193167998608817
fofe.forgetting_factor tensor([0.4448], device='cuda:0')
762
train loss: 3.308336713227881
fofe.forgetting_factor tensor([0.4414], device='cuda:0')
763
train loss: 3.3088303177232246
fofe.forgetting_factor tensor([0.4359], device='cuda:0')
764
train loss: 3.311059536704098
fofe.forgetting_factor tensor([0.4388], device='cuda:0')
765
train loss: 3.3077702881341957
fofe.forgetting_factor tensor([0.4484], device='cuda:0')
766
train loss: 3.307707326000474
fofe.forgetting_factor tensor([0.4499], device='cuda:0')
767
train loss: 3.3109218269945626
fofe.forgetting_factor tensor([0.4497], device='cuda:0')
768
train loss: 3.3148793369890694
fofe.forgetting_factor tensor([0.4523], device='cuda:0')
769
train loss: 3.3119571275979163
fofe.forgetting_factor tensor([0.4456], device='cuda:0')
770
train loss: 3.31352674721714
fofe.forgetting_factor tensor([0.4379], device='cuda:0')
771
train loss: 3.3039525948375106
fofe.forgetting_factor tensor([0.4307], device='cuda:0')
772
train loss: 3.3132032653892853
fofe.forgetting_factor tensor([0.4497], device='cuda:0')
773
train loss: 3.3140199533906807
fofe.forgetting_factor tensor([0.4431], device='cuda:0')
774
train loss: 3.3052667537367486
fofe.forgetting_factor tensor([0.4504], device='cuda:0')
775
train loss: 3.3072944214066347
fofe.forgetting_factor tensor([0.4353], device='cuda:0')
776
train loss: 3.3118077478255614
fofe.forgetting_factor tensor([0.4287], device='cuda:0')
777
train loss: 3.3065650314691077
fofe.forgetting_factor tensor([0.4353], device='cuda:0')
778
train loss: 3.313149129530512
fofe.forgetting_factor tensor([0.4122], device='cuda:0')
779
train loss: 3.3093514054654594
fofe.forgetting_factor tensor([0.4276], device='cuda:0')
780
train loss: 3.31248441470196
fofe.forgetting_factor tensor([0.4260], device='cuda:0')
781
train loss: 3.3087048453978265
fofe.forgetting_factor tensor([0.4349], device='cuda:0')
782
train loss: 3.3124911502661956
fofe.forgetting_factor tensor([0.4317], device='cuda:0')
783
train loss: 3.3094050874671783
fofe.forgetting_factor tensor([0.4318], device='cuda:0')
784
train loss: 3.307888850629569
fofe.forgetting_factor tensor([0.4508], device='cuda:0')
785
train loss: 3.3089670086481484
fofe.forgetting_factor tensor([0.4442], device='cuda:0')
786
train loss: 3.310776085259924
fofe.forgetting_factor tensor([0.4300], device='cuda:0')
787
train loss: 3.3129173550739823
fofe.forgetting_factor tensor([0.4120], device='cuda:0')
788
train loss: 3.309429430099855
fofe.forgetting_factor tensor([0.4126], device='cuda:0')
789
train loss: 3.3100106031540406
fofe.forgetting_factor tensor([0.4319], device='cuda:0')
790
train loss: 3.3099509300477057
fofe.forgetting_factor tensor([0.4279], device='cuda:0')
791
train loss: 3.3079366444583878
fofe.forgetting_factor tensor([0.4572], device='cuda:0')
792
train loss: 3.31125368315532
fofe.forgetting_factor tensor([0.4552], device='cuda:0')
793
train loss: 3.310227684227817
fofe.forgetting_factor tensor([0.4393], device='cuda:0')
794
train loss: 3.306832558179955
fofe.forgetting_factor tensor([0.4248], device='cuda:0')
795
train loss: 3.30988368308209
fofe.forgetting_factor tensor([0.4205], device='cuda:0')
796
train loss: 3.3105780901200323
fofe.forgetting_factor tensor([0.4454], device='cuda:0')
797
train loss: 3.3097735696049577
fofe.forgetting_factor tensor([0.4569], device='cuda:0')
798
train loss: 3.315212162144213
fofe.forgetting_factor tensor([0.4239], device='cuda:0')
799
train loss: 3.3086910243015213
fofe.forgetting_factor tensor([0.4387], device='cuda:0')
800
train loss: 3.306169757881318
fofe.forgetting_factor tensor([0.4470], device='cuda:0')
dev loss 3.574982046127319
acc 0.3308823529411764
f1 macro 0.09877292846042844
f1 micro 0.33088235294117646
801
train loss: 3.312822165738148
fofe.forgetting_factor tensor([0.4279], device='cuda:0')
802
train loss: 3.309534642112303
fofe.forgetting_factor tensor([0.4369], device='cuda:0')
803
train loss: 3.308697739758166
fofe.forgetting_factor tensor([0.4332], device='cuda:0')
804
train loss: 3.307939761613746
fofe.forgetting_factor tensor([0.4386], device='cuda:0')
805
train loss: 3.3086831512221373
fofe.forgetting_factor tensor([0.4343], device='cuda:0')
806
train loss: 3.30929223074013
fofe.forgetting_factor tensor([0.4369], device='cuda:0')
807
train loss: 3.3083706261163734
fofe.forgetting_factor tensor([0.4430], device='cuda:0')
808
train loss: 3.311051727777504
fofe.forgetting_factor tensor([0.4280], device='cuda:0')
809
train loss: 3.306892434755961
fofe.forgetting_factor tensor([0.4516], device='cuda:0')
810
train loss: 3.3086259475194786
fofe.forgetting_factor tensor([0.4414], device='cuda:0')
811
train loss: 3.3040132709296355
fofe.forgetting_factor tensor([0.4296], device='cuda:0')
812
train loss: 3.307558817078311
fofe.forgetting_factor tensor([0.4460], device='cuda:0')
813
train loss: 3.3090702898531075
fofe.forgetting_factor tensor([0.4282], device='cuda:0')
814
train loss: 3.315981603051764
fofe.forgetting_factor tensor([0.4552], device='cuda:0')
815
train loss: 3.310913731774173
fofe.forgetting_factor tensor([0.4249], device='cuda:0')
816
train loss: 3.3061819617528037
fofe.forgetting_factor tensor([0.4181], device='cuda:0')
817
train loss: 3.3121712346632317
fofe.forgetting_factor tensor([0.4297], device='cuda:0')
818
train loss: 3.312418841932672
fofe.forgetting_factor tensor([0.4183], device='cuda:0')
819
train loss: 3.3136641452590148
fofe.forgetting_factor tensor([0.4178], device='cuda:0')
820
train loss: 3.3072834464919616
fofe.forgetting_factor tensor([0.4301], device='cuda:0')
821
train loss: 3.3066311217694877
fofe.forgetting_factor tensor([0.4313], device='cuda:0')
822
train loss: 3.3057407648209107
fofe.forgetting_factor tensor([0.4200], device='cuda:0')
823
train loss: 3.3053789746809197
fofe.forgetting_factor tensor([0.4321], device='cuda:0')
824
train loss: 3.3059037267922395
fofe.forgetting_factor tensor([0.4290], device='cuda:0')
825
train loss: 3.3047717780951995
fofe.forgetting_factor tensor([0.4304], device='cuda:0')
826
train loss: 3.3123212162270605
fofe.forgetting_factor tensor([0.4176], device='cuda:0')
827
train loss: 3.3071743302555925
fofe.forgetting_factor tensor([0.4345], device='cuda:0')
828
train loss: 3.3118277730711974
fofe.forgetting_factor tensor([0.4535], device='cuda:0')
829
train loss: 3.307871633744144
fofe.forgetting_factor tensor([0.4298], device='cuda:0')
830
train loss: 3.3089262199210356
fofe.forgetting_factor tensor([0.4342], device='cuda:0')
831
train loss: 3.3067660733877893
fofe.forgetting_factor tensor([0.4397], device='cuda:0')
832
train loss: 3.3032701178248147
fofe.forgetting_factor tensor([0.4448], device='cuda:0')
833
train loss: 3.3053852989970443
fofe.forgetting_factor tensor([0.4345], device='cuda:0')
834
train loss: 3.302327088562839
fofe.forgetting_factor tensor([0.4420], device='cuda:0')
835
train loss: 3.315257248150776
fofe.forgetting_factor tensor([0.4406], device='cuda:0')
836
train loss: 3.307991759844094
fofe.forgetting_factor tensor([0.4326], device='cuda:0')
837
train loss: 3.304046421644678
fofe.forgetting_factor tensor([0.4352], device='cuda:0')
838
train loss: 3.311111365456179
fofe.forgetting_factor tensor([0.4438], device='cuda:0')
839
train loss: 3.3094717460463805
fofe.forgetting_factor tensor([0.4400], device='cuda:0')
840
train loss: 3.31157145251232
fofe.forgetting_factor tensor([0.4466], device='cuda:0')
841
train loss: 3.3081971804300943
fofe.forgetting_factor tensor([0.4493], device='cuda:0')
842
train loss: 3.305969542288876
fofe.forgetting_factor tensor([0.4388], device='cuda:0')
843
train loss: 3.302686919648963
fofe.forgetting_factor tensor([0.4218], device='cuda:0')
844
train loss: 3.3117586795584746
fofe.forgetting_factor tensor([0.4168], device='cuda:0')
845
train loss: 3.3208665723302757
fofe.forgetting_factor tensor([0.4287], device='cuda:0')
846
train loss: 3.3129893239722192
fofe.forgetting_factor tensor([0.4261], device='cuda:0')
847
train loss: 3.307303034636869
fofe.forgetting_factor tensor([0.4249], device='cuda:0')
848
train loss: 3.3046927499962617
fofe.forgetting_factor tensor([0.4362], device='cuda:0')
849
train loss: 3.3092524086136414
fofe.forgetting_factor tensor([0.4318], device='cuda:0')
850
train loss: 3.305675234660566
fofe.forgetting_factor tensor([0.4350], device='cuda:0')
851
train loss: 3.3102075364216264
fofe.forgetting_factor tensor([0.4468], device='cuda:0')
852
train loss: 3.3121504386266074
fofe.forgetting_factor tensor([0.4319], device='cuda:0')
853
train loss: 3.314861145842985
fofe.forgetting_factor tensor([0.4382], device='cuda:0')
854
train loss: 3.308580061996797
fofe.forgetting_factor tensor([0.4212], device='cuda:0')
855
train loss: 3.305401509066662
fofe.forgetting_factor tensor([0.4470], device='cuda:0')
856
train loss: 3.30768568831754
fofe.forgetting_factor tensor([0.4197], device='cuda:0')
857
train loss: 3.3050642272075974
fofe.forgetting_factor tensor([0.4249], device='cuda:0')
858
train loss: 3.311785691234481
fofe.forgetting_factor tensor([0.4426], device='cuda:0')
859
train loss: 3.3097487166224715
fofe.forgetting_factor tensor([0.4199], device='cuda:0')
860
train loss: 3.306501988905022
fofe.forgetting_factor tensor([0.4230], device='cuda:0')
861
train loss: 3.3116018815212938
fofe.forgetting_factor tensor([0.4260], device='cuda:0')
862
train loss: 3.308358388732236
fofe.forgetting_factor tensor([0.4222], device='cuda:0')
863
train loss: 3.302493178222074
fofe.forgetting_factor tensor([0.4473], device='cuda:0')
864
train loss: 3.305985477075998
fofe.forgetting_factor tensor([0.4459], device='cuda:0')
865
train loss: 3.3027879310898993
fofe.forgetting_factor tensor([0.4292], device='cuda:0')
866
train loss: 3.313346938914563
fofe.forgetting_factor tensor([0.4335], device='cuda:0')
867
train loss: 3.3094644647046745
fofe.forgetting_factor tensor([0.4643], device='cuda:0')
868
train loss: 3.3131725304576767
fofe.forgetting_factor tensor([0.4343], device='cuda:0')
869
train loss: 3.30531584067517
fofe.forgetting_factor tensor([0.4524], device='cuda:0')
870
train loss: 3.313654778951622
fofe.forgetting_factor tensor([0.4647], device='cuda:0')
871
train loss: 3.3039869826481523
fofe.forgetting_factor tensor([0.4573], device='cuda:0')
872
train loss: 3.308607504071002
fofe.forgetting_factor tensor([0.4433], device='cuda:0')
873
train loss: 3.30755694994486
fofe.forgetting_factor tensor([0.4426], device='cuda:0')
874
train loss: 3.3101270299359977
fofe.forgetting_factor tensor([0.4490], device='cuda:0')
875
train loss: 3.3055309856751838
fofe.forgetting_factor tensor([0.4484], device='cuda:0')
876
train loss: 3.3120644269698114
fofe.forgetting_factor tensor([0.4286], device='cuda:0')
877
train loss: 3.3081866320836015
fofe.forgetting_factor/home/st/steinberga/.local/lib/python3.6/site-packages/sklearn/metrics/classification.py:1143: UndefinedMetricWarning: F-score is ill-defined and being set to 0.0 in labels with no predicted samples.
  'precision', 'predicted', average, warn_for)
/home/st/steinberga/.local/lib/python3.6/site-packages/sklearn/metrics/classification.py:1145: UndefinedMetricWarning: F-score is ill-defined and being set to 0.0 in labels with no true samples.
  'recall', 'true', average, warn_for)
 tensor([0.4160], device='cuda:0')
878
train loss: 3.3056679509250992
fofe.forgetting_factor tensor([0.4279], device='cuda:0')
879
train loss: 3.307258892729579
fofe.forgetting_factor tensor([0.4374], device='cuda:0')
880
train loss: 3.3088873102961776
fofe.forgetting_factor tensor([0.4492], device='cuda:0')
881
train loss: 3.308484529874411
fofe.forgetting_factor tensor([0.4379], device='cuda:0')
882
train loss: 3.3066606401918404
fofe.forgetting_factor tensor([0.4385], device='cuda:0')
883
train loss: 3.302803417764993
fofe.forgetting_factor tensor([0.4211], device='cuda:0')
884
train loss: 3.3209436361090727
fofe.forgetting_factor tensor([0.4339], device='cuda:0')
885
train loss: 3.3533100071681075
fofe.forgetting_factor tensor([0.4339], device='cuda:0')
886
train loss: 3.3082405194700004
fofe.forgetting_factor tensor([0.4292], device='cuda:0')
887
train loss: 3.305059948599482
fofe.forgetting_factor tensor([0.4378], device='cuda:0')
888
train loss: 3.3065280670143036
fofe.forgetting_factor tensor([0.4303], device='cuda:0')
889
train loss: 3.306462623029349
fofe.forgetting_factor tensor([0.4550], device='cuda:0')
890
train loss: 3.3042628769893723
fofe.forgetting_factor tensor([0.4329], device='cuda:0')
891
train loss: 3.3072159821728624
fofe.forgetting_factor tensor([0.4343], device='cuda:0')
892
train loss: 3.3012464711943785
fofe.forgetting_factor tensor([0.4346], device='cuda:0')
893
train loss: 3.303141301894284
fofe.forgetting_factor tensor([0.4418], device='cuda:0')
894
train loss: 3.3068660899817224
fofe.forgetting_factor tensor([0.4204], device='cuda:0')
895
train loss: 3.3042613224810866
fofe.forgetting_factor tensor([0.4511], device='cuda:0')
896
train loss: 3.331619832410391
fofe.forgetting_factor tensor([0.4539], device='cuda:0')
897
train loss: 3.31753467460234
fofe.forgetting_factor tensor([0.4542], device='cuda:0')
898
train loss: 3.3077185393337265
fofe.forgetting_factor tensor([0.4478], device='cuda:0')
899
train loss: 3.3093894921153426
fofe.forgetting_factor tensor([0.4402], device='cuda:0')
900
train loss: 3.312690464847059
fofe.forgetting_factor tensor([0.4420], device='cuda:0')
dev loss 3.5640311222076417
acc 0.3308823529411764
f1 macro 0.09877292846042844
f1 micro 0.33088235294117646
901
train loss: 3.3142073839065063
fofe.forgetting_factor tensor([0.4178], device='cuda:0')
902
train loss: 3.3092897354838358
fofe.forgetting_factor tensor([0.4260], device='cuda:0')
903
train loss: 3.310464741235756
fofe.forgetting_factor tensor([0.4251], device='cuda:0')
904
train loss: 3.317741888593957
fofe.forgetting_factor tensor([0.4358], device='cuda:0')
905
train loss: 3.3374089926600936
fofe.forgetting_factor tensor([0.3940], device='cuda:0')
906
train loss: 3.323785405561148
fofe.forgetting_factor tensor([0.3967], device='cuda:0')
907
train loss: 3.313214206791307
fofe.forgetting_factor tensor([0.4009], device='cuda:0')
908
train loss: 3.3160283235182244
fofe.forgetting_factor tensor([0.4095], device='cuda:0')
909
train loss: 3.3220121582827895
fofe.forgetting_factor tensor([0.4128], device='cuda:0')
910
train loss: 3.323322281780013
fofe.forgetting_factor tensor([0.4354], device='cuda:0')
911
train loss: 3.3156003889788583
fofe.forgetting_factor tensor([0.4361], device='cuda:0')
912
train loss: 3.3041806551347297
fofe.forgetting_factor tensor([0.4354], device='cuda:0')
913
train loss: 3.310054049434432
fofe.forgetting_factor tensor([0.4230], device='cuda:0')
914
train loss: 3.3100524863086074
fofe.forgetting_factor tensor([0.4249], device='cuda:0')
915
train loss: 3.308233432501674
fofe.forgetting_factor tensor([0.4204], device='cuda:0')
916
train loss: 3.3087010441056215
fofe.forgetting_factor tensor([0.4162], device='cuda:0')
917
train loss: 3.3097157875696817
fofe.forgetting_factor tensor([0.4252], device='cuda:0')
918
train loss: 3.3145288018337693
fofe.forgetting_factor tensor([0.4074], device='cuda:0')
919
train loss: 3.3069266583546097
fofe.forgetting_factor tensor([0.4060], device='cuda:0')
920
train loss: 3.3031029169818007
fofe.forgetting_factor tensor([0.4348], device='cuda:0')
921
train loss: 3.307196187685771
fofe.forgetting_factor tensor([0.4289], device='cuda:0')
922
train loss: 3.315774437414116
fofe.forgetting_factor tensor([0.4558], device='cuda:0')
923
train loss: 3.3071074390028374
fofe.forgetting_factor tensor([0.4160], device='cuda:0')
924
train loss: 3.306105217301702
fofe.forgetting_factor tensor([0.4336], device='cuda:0')
925
train loss: 3.3050548254725443
fofe.forgetting_factor tensor([0.4452], device='cuda:0')
926
train loss: 3.303968415681617
fofe.forgetting_factor tensor([0.4463], device='cuda:0')
927
train loss: 3.3035576166398077
fofe.forgetting_factor tensor([0.4426], device='cuda:0')
928
train loss: 3.3080965218295053
fofe.forgetting_factor tensor([0.4330], device='cuda:0')
929
train loss: 3.304155915137754
fofe.forgetting_factor tensor([0.4343], device='cuda:0')
930
train loss: 3.3048976683712388
fofe.forgetting_factor tensor([0.4301], device='cuda:0')
931
train loss: 3.304394818692801
fofe.forgetting_factor tensor([0.4226], device='cuda:0')
932
train loss: 3.2990728070937005
fofe.forgetting_factor tensor([0.4275], device='cuda:0')
933
train loss: 3.3067954180231056
fofe.forgetting_factor tensor([0.4264], device='cuda:0')
934
train loss: 3.3059694182920647
fofe.forgetting_factor tensor([0.4381], device='cuda:0')
935
train loss: 3.3189366883542166
fofe.forgetting_factor tensor([0.4010], device='cuda:0')
936
train loss: 3.303257608988199
fofe.forgetting_factor tensor([0.4081], device='cuda:0')
937
train loss: 3.30501740141566
fofe.forgetting_factor tensor([0.4036], device='cuda:0')
938
train loss: 3.3039345219432112
fofe.forgetting_factor tensor([0.4258], device='cuda:0')
939
train loss: 3.301973056601712
fofe.forgetting_factor tensor([0.4258], device='cuda:0')
940
train loss: 3.300459419867121
fofe.forgetting_factor tensor([0.4436], device='cuda:0')
941
train loss: 3.3073806341393404
fofe.forgetting_factor tensor([0.4185], device='cuda:0')
942
train loss: 3.307377081798262
fofe.forgetting_factor tensor([0.4297], device='cuda:0')
943
train loss: 3.304573644117179
fofe.forgetting_factor tensor([0.4295], device='cuda:0')
944
train loss: 3.3024426133757134
fofe.forgetting_factor tensor([0.4143], device='cuda:0')
945
train loss: 3.3044149928303606
fofe.forgetting_factor tensor([0.4191], device='cuda:0')
946
train loss: 3.3051935247628084
fofe.forgetting_factor tensor([0.4240], device='cuda:0')
947
train loss: 3.3073256154615716
fofe.forgetting_factor tensor([0.4127], device='cuda:0')
948
train loss: 3.3089622062851625
fofe.forgetting_factor tensor([0.4325], device='cuda:0')
949
train loss: 3.304400475628405
fofe.forgetting_factor tensor([0.4447], device='cuda:0')
950
train loss: 3.3084525789122985
fofe.forgetting_factor tensor([0.4521], device='cuda:0')
951
train loss: 3.3085048136462167
fofe.forgetting_factor tensor([0.4333], device='cuda:0')
952
train loss: 3.307139569975765
fofe.forgetting_factor tensor([0.4226], device='cuda:0')
953
train loss: 3.301369611517971
fofe.forgetting_factor tensor([0.4327], device='cuda:0')
954
train loss: 3.308540947944764
fofe.forgetting_factor tensor([0.4378], device='cuda:0')
955
train loss: 3.3105866837214273
fofe.forgetting_factor tensor([0.4316], device='cuda:0')
956
train loss: 3.3063491855759217
fofe.forgetting_factor tensor([0.4321], device='cuda:0')
957
train loss: 3.310482956319449
fofe.forgetting_factor tensor([0.4450], device='cuda:0')
958
train loss: 3.3042393913230743
fofe.forgetting_factor tensor([0.4262], device='cuda:0')
959
train loss: 3.303671861269388
fofe.forgetting_factor tensor([0.4275], device='cuda:0')
960
train loss: 3.307722301368254
fofe.forgetting_factor tensor([0.4381], device='cuda:0')
961
train loss: 3.3043357698792915
fofe.forgetting_factor tensor([0.4374], device='cuda:0')
962
train loss: 3.3020799437679917
fofe.forgetting_factor tensor([0.4457], device='cuda:0')
963
train loss: 3.3035605355917688
fofe.forgetting_factor tensor([0.4367], device='cuda:0')
964
train loss: 3.312232551804508
fofe.forgetting_factor tensor([0.4402], device='cuda:0')
965
train loss: 3.304964252265103
fofe.forgetting_factor tensor([0.4304], device='cuda:0')
966
train loss: 3.3032544722040016
fofe.forgetting_factor tensor([0.4349], device='cuda:0')
967
train loss: 3.312768552197989
fofe.forgetting_factor tensor([0.4403], device='cuda:0')
968
train loss: 3.3072898986349144
fofe.forgetting_factor tensor([0.4266], device='cuda:0')
969
train loss: 3.3028691083073136
fofe.forgetting_factor tensor([0.4291], device='cuda:0')
970
train loss: 3.3059708176846483
fofe.forgetting_factor tensor([0.4262], device='cuda:0')
971
train loss: 3.303578581675947
fofe.forgetting_factor tensor([0.4391], device='cuda:0')
972
train loss: 3.3058321480770188
fofe.forgetting_factor tensor([0.4287], device='cuda:0')
973
train loss: 3.3019495321564887
fofe.forgetting_factor tensor([0.4396], device='cuda:0')
974
train loss: 3.3061019914696015
fofe.forgetting_factor tensor([0.4569], device='cuda:0')
975
train loss: 3.305609927119979
fofe.forgetting_factor tensor([0.4388], device='cuda:0')
976
train loss: 3.304003131437493
fofe.forgetting_factor tensor([0.4344], device='cuda:0')
977
train loss: 3.3059978877684197
fofe.forgetting_factor tensor([0.4211], device='cuda:0')
978
train loss: 3.310418277859209
fofe.forgetting_factor tensor([0.4232], device='cuda:0')
979
train loss: 3.3042068964985
fofe.forgetting_factor tensor([0.4422], device='cuda:0')
980
train loss: 3.303660397548752
fofe.forgetting_factor tensor([0.4276], device='cuda:0')
981
train loss: 3.3066790410313742
fofe.forgetting_factor tensor([0.4209], device='cuda:0')
982
train loss: 3.30669639292491
fofe.forgetting_factor tensor([0.4185], device='cuda:0')
983
train loss: 3.3048246060030526
fofe.forgetting_factor tensor([0.4197], device='cuda:0')
984
train loss: 3.3042315479263245
fofe.forgetting_factor tensor([0.4369], device='cuda:0')
985
train loss: 3.304511122914203
fofe.forgetting_factor tensor([0.4394], device='cuda:0')
986
train loss: 3.303544248443052
fofe.forgetting_factor tensor([0.4424], device='cuda:0')
987
train loss: 3.29964916437984
fofe.forgetting_factor tensor([0.4332], device='cuda:0')
988
train loss: 3.3080548550709183
fofe.forgetting_factor tensor([0.4496], device='cuda:0')
989
train loss: 3.303602692113823
fofe.forgetting_factor tensor([0.4133], device='cuda:0')
990
train loss: 3.300862689573602
fofe.forgetting_factor tensor([0.4589], device='cuda:0')
991
train loss: 3.315633679010782
fofe.forgetting_factor tensor([0.4499], device='cuda:0')
992
train loss: 3.309730198967409
fofe.forgetting_factor tensor([0.4379], device='cuda:0')
993
train loss: 3.30748449654943
fofe.forgetting_factor tensor([0.4289], device='cuda:0')
994
train loss: 3.3014215460742813
fofe.forgetting_factor tensor([0.4228], device='cuda:0')
995
train loss: 3.3070089941522682
fofe.forgetting_factor tensor([0.4324], device='cuda:0')
996
train loss: 3.305835554398686
fofe.forgetting_factor tensor([0.4246], device='cuda:0')
997
train loss: 3.3059277132333045
fofe.forgetting_factor tensor([0.4229], device='cuda:0')
998
train loss: 3.3054832023789125
fofe.forgetting_factor tensor([0.4213], device='cuda:0')
999
train loss: 3.3012273871755027
fofe.forgetting_factor tensor([0.4246], device='cuda:0')
48632.53040313721
